Building DAG of jobs...
Using shell: /bin/bash
Provided cores: 8
Rules claiming more threads will be scaled down.
Job stats:
job                  count    min threads    max threads
-----------------  -------  -------------  -------------
add_branch_labels        1              1              1
align                    1              1              1
all                      1              1              1
ancestral                1              1              1
export                   1              1              1
infer_insertions         1              1              1
refine                   1              1              1
translate                1              1              1
tree                     1              1              1
total                    9              1              1

Select jobs to execute...

[Thu Apr  7 12:47:48 2022]
Job 5: 
        Aligning sequences to config/rsv_A_a2_reference.fasta
            - gaps relative to reference are considered real
        

[Thu Apr  7 12:47:55 2022]
Finished job 5.
1 of 9 steps (11%) done
Select jobs to execute...

[Thu Apr  7 12:47:55 2022]
Job 4: Building tree

[Thu Apr  7 12:52:54 2022]
Finished job 4.
2 of 9 steps (22%) done
Select jobs to execute...

[Thu Apr  7 12:52:54 2022]
Job 3: 
        Refining tree
          - estimate timetree
          - use opt coalescent timescale
          - estimate marginal node dates
          - filter tips more than 4 IQDs from clock expectation
        

[Thu Apr  7 13:07:17 2022]
Finished job 3.
3 of 9 steps (33%) done
Select jobs to execute...

[Thu Apr  7 13:07:18 2022]
Job 8: Reconstructing ancestral sequences and mutations


[Thu Apr  7 13:07:18 2022]
rule infer_insertions:
    input: results/insertions_A.tsv, results/tree_A.nwk, config/genemap_A_a2.gff
    output: results/insertions_A.json
    log: logs/infer_insertions_A.txt
    jobid: 10
    wildcards: subtype=A
    resources: tmpdir=/var/folders/g_/6938g_6s199gxxswt2nf7w500000gn/T

[Thu Apr  7 13:07:21 2022]
Finished job 10.
4 of 9 steps (44%) done
[Thu Apr  7 13:08:07 2022]
Finished job 8.
5 of 9 steps (56%) done
Select jobs to execute...

[Thu Apr  7 13:08:07 2022]
Job 9: Translating amino acid sequences

[Thu Apr  7 13:08:13 2022]
Finished job 9.
6 of 9 steps (67%) done
Select jobs to execute...

[Thu Apr  7 13:08:13 2022]
Job 2: Exporting data files for for auspice

[Thu Apr  7 13:08:15 2022]
Finished job 2.
7 of 9 steps (78%) done
Select jobs to execute...

[Thu Apr  7 13:08:15 2022]
Job 1: Adding custom branch labels to the Auspice JSON

[Thu Apr  7 13:08:16 2022]
Finished job 1.
8 of 9 steps (89%) done
Select jobs to execute...

[Thu Apr  7 13:08:16 2022]
localrule all:
    input: auspice/rsv_A.json
    jobid: 0
    resources: tmpdir=/var/folders/g_/6938g_6s199gxxswt2nf7w500000gn/T

[Thu Apr  7 13:08:16 2022]
Finished job 0.
9 of 9 steps (100%) done
Complete log: .snakemake/log/2022-04-07T124748.341850.snakemake.log
