Building DAG of jobs...
Using shell: /bin/bash
Provided cores: 8
Rules claiming more threads will be scaled down.
Job stats:
job          count    min threads    max threads
---------  -------  -------------  -------------
align            1              1              1
all              1              1              1
ancestral        1              1              1
export           1              1              1
refine           1              1              1
translate        1              1              1
tree             1              1              1
total            7              1              1

Select jobs to execute...

[Wed Mar 16 13:21:46 2022]
Job 4: 
        Aligning sequences to config/rsv_reference.fasta
            - gaps relative to reference are considered real
        

[Wed Mar 16 13:21:52 2022]
Finished job 4.
1 of 7 steps (14%) done
Select jobs to execute...

[Wed Mar 16 13:21:52 2022]
Job 3: Building tree

[Wed Mar 16 13:24:33 2022]
Finished job 3.
2 of 7 steps (29%) done
Select jobs to execute...

[Wed Mar 16 13:24:33 2022]
Job 2: 
        Refining tree
          - estimate timetree
          - use opt coalescent timescale
          - estimate marginal node dates
          - filter tips more than 4 IQDs from clock expectation
        

[Wed Mar 16 13:24:34 2022]
Error in rule refine:
    jobid: 2
    output: results/tree_A.nwk, results/branch_lengths_A.json
    shell:
        
        augur refine             --tree results/tree_raw_A.nwk             --alignment results/aligned_A.fasta results/insertions_A.tsv             --metadata results/metadata_A.tsv             --output-tree results/tree_A.nwk             --output-node-data results/branch_lengths_A.json             --timetree             --coalescent opt             --date-confidence             --date-inference marginal             --clock-filter-iqd 4
        
        (one of the commands exited with non-zero exit code; note that snakemake uses bash strict mode!)

Shutting down, this might take some time.
Exiting because a job execution failed. Look above for error message
Complete log: /Users/katekistler/nextstrain/rsv_testing/.snakemake/log/2022-03-16T132146.398896.snakemake.log
