Building DAG of jobs...
Using shell: /bin/bash
Provided cores: 8
Rules claiming more threads will be scaled down.
Job stats:
job          count    min threads    max threads
---------  -------  -------------  -------------
align            1              1              1
all              1              1              1
ancestral        1              1              1
export           1              1              1
filter           1              1              1
parse            1              1              1
refine           1              1              1
translate        1              1              1
tree             1              1              1
total            9              1              1

Select jobs to execute...

[Wed Mar 16 13:48:22 2022]
Job 6: Parsing fasta into sequences and metadata

[Wed Mar 16 13:48:24 2022]
Finished job 6.
1 of 9 steps (11%) done
Select jobs to execute...

[Wed Mar 16 13:48:24 2022]
Job 5: 
        Filtering to
          - 100 sequence(s) per country year month
          - excluding strains in config/dropped_strains.txt
        

[Wed Mar 16 13:48:25 2022]
Finished job 5.
2 of 9 steps (22%) done
Select jobs to execute...

[Wed Mar 16 13:48:25 2022]
Job 4: 
        Aligning sequences to config/rsv_reference.fasta
            - gaps relative to reference are considered real
        

[Wed Mar 16 13:48:31 2022]
Finished job 4.
3 of 9 steps (33%) done
Select jobs to execute...

[Wed Mar 16 13:48:31 2022]
Job 3: Building tree

Terminating processes on user request, this might take some time.
[Wed Mar 16 13:49:13 2022]
Error in rule tree:
    jobid: 3
    output: results/tree_raw_B.nwk
    shell:
        
        augur tree             --alignment results/aligned_B.fasta             --output results/tree_raw_B.nwk
        
        (one of the commands exited with non-zero exit code; note that snakemake uses bash strict mode!)

Complete log: /Users/katekistler/nextstrain/rsv_testing/.snakemake/log/2022-03-16T134822.658603.snakemake.log
