Building DAG of jobs...
Using shell: /bin/bash
Provided cores: 8
Rules claiming more threads will be scaled down.
Job stats:
job          count    min threads    max threads
---------  -------  -------------  -------------
align            1              1              1
all              1              1              1
ancestral        1              1              1
export           1              1              1
filter           1              1              1
parse            1              1              1
refine           1              1              1
translate        1              1              1
tree             1              1              1
total            9              1              1

Select jobs to execute...

[Wed Mar 16 11:31:37 2022]
Job 6: Parsing fasta into sequences and metadata

[Wed Mar 16 11:31:38 2022]
Finished job 6.
1 of 9 steps (11%) done
Select jobs to execute...

[Wed Mar 16 11:31:38 2022]
Job 5: 
        Filtering to
          - 100 sequence(s) per country year month
          - excluding strains in config/dropped_strains.txt
        

[Wed Mar 16 11:31:39 2022]
Finished job 5.
2 of 9 steps (22%) done
Select jobs to execute...

[Wed Mar 16 11:31:39 2022]
Job 4: 
        Aligning sequences to config/rsv_reference.gb
          - filling gaps with N
        

[Wed Mar 16 11:32:16 2022]
Finished job 4.
3 of 9 steps (33%) done
Select jobs to execute...

[Wed Mar 16 11:32:16 2022]
Job 3: Building tree

[Wed Mar 16 11:32:29 2022]
Finished job 3.
4 of 9 steps (44%) done
Select jobs to execute...

[Wed Mar 16 11:32:29 2022]
Job 2: 
        Refining tree
          - estimate timetree
          - use opt coalescent timescale
          - estimate marginal node dates
          - filter tips more than 4 IQDs from clock expectation
        

[Wed Mar 16 11:38:21 2022]
Finished job 2.
5 of 9 steps (56%) done
Select jobs to execute...

[Wed Mar 16 11:38:21 2022]
Job 7: Reconstructing ancestral sequences and mutations

[Wed Mar 16 11:38:51 2022]
Finished job 7.
6 of 9 steps (67%) done
Select jobs to execute...

[Wed Mar 16 11:38:52 2022]
Job 8: Translating amino acid sequences

[Wed Mar 16 11:38:59 2022]
Finished job 8.
7 of 9 steps (78%) done
Select jobs to execute...

[Wed Mar 16 11:38:59 2022]
Job 1: Exporting data files for for auspice

[Wed Mar 16 11:39:00 2022]
Finished job 1.
8 of 9 steps (89%) done
Select jobs to execute...

[Wed Mar 16 11:39:00 2022]
localrule all:
    input: auspice/rsv_A_G.json
    jobid: 0
    resources: tmpdir=/var/folders/g_/6938g_6s199gxxswt2nf7w500000gn/T

[Wed Mar 16 11:39:00 2022]
Finished job 0.
9 of 9 steps (100%) done
Complete log: /Users/katekistler/nextstrain/rsv_testing/.snakemake/log/2022-03-16T113137.056772.snakemake.log
