Building DAG of jobs...
The code used to generate one or several output files has changed:
    To inspect which output files have changes, run 'snakemake --list-code-changes'.
    To trigger a re-run, use 'snakemake -R $(snakemake --list-code-changes)'.
The input used to generate one or several output files has changed:
    To inspect which output files have changes, run 'snakemake --list-input-changes'.
    To trigger a re-run, use 'snakemake -R $(snakemake --list-input-changes)'.
Using shell: /bin/bash
Provided cores: 8
Rules claiming more threads will be scaled down.
Job stats:
job          count    min threads    max threads
---------  -------  -------------  -------------
align            1              1              1
all              1              1              1
ancestral        1              1              1
export           1              1              1
filter           1              1              1
parse            1              1              1
refine           1              1              1
translate        1              1              1
tree             1              1              1
total            9              1              1

Select jobs to execute...

[Tue Apr  5 12:12:37 2022]
Job 14: Parsing fasta into sequences and metadata

[Tue Apr  5 12:12:39 2022]
Finished job 14.
1 of 9 steps (11%) done
Select jobs to execute...

[Tue Apr  5 12:12:39 2022]
Job 13: 
        Filtering to
          - 100 sequence(s) per country year
          - excluding strains in config/dropped_strains.txt
        

[Tue Apr  5 12:12:40 2022]
Finished job 13.
2 of 9 steps (22%) done
Select jobs to execute...

[Tue Apr  5 12:12:40 2022]
Job 12: 
        Aligning sequences to config/rsv_B_step1_reference.fasta
            - gaps relative to reference are considered real
        

[Tue Apr  5 12:12:45 2022]
Finished job 12.
3 of 9 steps (33%) done
Select jobs to execute...

[Tue Apr  5 12:12:45 2022]
Job 11: Building tree

