IQ-TREE multicore version 2.2.0-beta COVID-edition for Mac OS X 64-bit built Mar  3 2022 built Mar  3 2022
Developed by Bui Quang Minh, James Barbetti, Nguyen Lam Tung,
Olga Chernomor, Heiko Schmidt, Dominik Schrempf, Michael Woodhams, Ly Trong Nhan.

Host:    MacBook-Pro-2.local (SSE4.2, 8 GB RAM)
Command: iqtree2 -nt 1 -s data/aligned_B_all-delim.fasta -m GTR -ninit 2 -n 2 -me 0.05
Seed:    250417 (Using SPRNG - Scalable Parallel Random Number Generator)
Time:    Tue Apr 26 14:30:18 2022
Kernel:  SSE2 - 1 threads (8 CPU cores detected)

HINT: Use -nt option to specify number of threads because your CPU has 8 cores!
HINT: -nt AUTO will automatically determine the best number of threads to use.

Reading alignment file data/aligned_B_all-delim.fasta ... Fasta format detected
Reading fasta file: done in 0.282717 secs using 80.86% CPU
Alignment most likely contains DNA/RNA sequences
Constructing alignment: done in 0.097441 secs using 80.41% CPU
Alignment has 873 sequences with 15285 columns, 6174 distinct patterns
4656 parsimony-informative, 1817 singleton sites, 8812 constant sites
          Gap/Ambiguity  Composition  p-value
Analyzing sequences: done in 0.0275431 secs using 94.57% CPU
   1  KP856961    1.09%    passed     99.96%
   2  JQ582843    0.45%    passed     98.84%
   3  KP317923    0.69%    passed     97.68%
   4  KP856965    1.09%    passed     99.97%
   5  KP258712    1.07%    passed     98.97%
   6  KP258731    1.11%    passed     99.42%
   7  KF826853    0.67%    passed     99.55%
   8  JX576760    0.45%    passed     98.93%
   9  KJ723466    1.11%    passed     99.90%
  10  KJ723460    1.09%    passed     95.02%
  11  KP258713    1.10%    passed     99.97%
  12  KP258745    1.10%    passed     99.75%
  13  KJ723477    1.09%    passed     95.75%
  14  KJ723480    1.07%    passed     96.16%
  15  KP258721    1.11%    passed     98.24%
  16  KP258698    1.07%    passed     94.77%
  17  KP258702    1.10%    passed     98.60%
  18  KP258724    1.12%    passed     99.95%
  19  KJ723482    1.07%    passed     98.17%
  20  KP258705    1.10%    passed     98.40%
  21  KJ723485    1.09%    passed     79.50%
  22  KU316116    0.69%    passed     60.63%
  23  KU316097    0.69%    passed     56.95%
  24  KP258714    1.07%    passed     98.40%
  25  KU316147    0.69%    passed     74.07%
  26  KP258738    1.09%    passed     83.56%
  27  KJ723469    1.13%    passed     97.36%
  28  KJ723470    1.07%    passed     94.95%
  29  KU316181    1.10%    passed     97.31%
  30  KU316136    1.10%    passed     80.93%
  31  KU316182    1.09%    passed     97.16%
  32  KP258708    1.11%    passed     99.95%
  33  KJ723484    1.10%    passed     98.73%
  34  KJ723481    1.07%    passed     97.65%
  35  KU316113    1.09%    passed     98.57%
  36  KU316102    0.69%    passed     98.89%
  37  KP258742    1.10%    passed     99.92%
  38  KU316156    1.10%    passed     99.65%
  39  KP258720    1.11%    passed     99.79%
  40  KU316117    1.10%    passed     98.65%
  41  KU316094    1.10%    passed     99.95%
  42  KU316101    0.72%    passed     51.19%
  43  KU316132    1.09%    passed     96.43%
  44  KU316163    1.11%    passed     99.93%
  45  KU316111    1.10%    passed     99.44%
  46  KU316173    1.09%    passed     98.02%
  47  KU316175    0.69%    passed     98.00%
  48  KU316114    1.10%    passed     99.03%
  49  KU316095    0.69%    passed     73.35%
  50  KU316144    1.09%    passed     95.85%
  51  KU316130    1.09%    passed     98.27%
  52  KU316122    0.69%    passed     54.72%
  53  KU316128    1.11%    passed     99.29%
  54  KU316115    1.09%    passed     68.50%
  55  KU316134    0.71%    passed     99.80%
  56  KU316159    1.10%    passed     98.77%
  57  KU316100    1.10%    passed     99.71%
  58  KU316179    1.11%    passed     99.27%
  59  KU316127    1.09%    passed     96.20%
  60  KU316177    0.70%    passed     50.73%
  61  MG642064    1.10%    passed     98.16%
  62  MG642036    1.09%    passed     98.33%
  63  MG642039    0.69%    passed     97.97%
  64  MG642042    1.09%    passed     97.81%
  65  MG642066    1.09%    passed     98.20%
  66  MG642072    1.09%    passed     95.55%
  67  MG642049    1.11%    passed     99.95%
  68  MG642065    0.69%    passed     52.15%
  69  MG642054    1.09%    passed     95.09%
  70  MG642047    0.70%    passed     62.40%
  71  MG642043    0.69%    passed     98.68%
  72  MG642037    0.71%    passed     63.88%
  73  MG642045    0.69%    passed     62.79%
  74  MG642025    0.69%    passed     49.93%
  75  MG642044    0.69%    passed     50.95%
  76  MG642059    0.69%    passed     56.83%
  77  MF185751    1.96%    passed     99.29%
  78  MF185754    2.21%    passed     98.16%
  79  MG642057    1.09%    passed     98.06%
  80  MG642027    1.09%    passed     96.35%
  81  MG642078    0.71%    passed     54.13%
  82  MG642062    1.10%    passed     98.83%
  83  MG642082    1.09%    passed     98.08%
  84  OK649740    0.84%    passed     99.96%
  85  OK649746    0.58%    passed     98.06%
  86  OK649749    0.49%    passed     96.86%
  87  OK649752    0.54%    passed    100.00%
  88  OK649750    0.61%    passed     98.88%
  89  OK649747    0.63%    passed     99.99%
  90  OK649751    0.57%    passed     97.55%
  91  OK649748    0.65%    passed     99.99%
  92  JQ582844    0.04%    passed     97.30%
  93  KP317925    1.47%    passed     98.31%
  94  KF826829    0.46%    passed     97.27%
  95  KP317941    1.84%    passed     88.43%
  96  KP317928    0.33%    passed     99.68%
  97  KP317934    0.34%    passed     99.71%
  98  KF640637    0.06%    passed     99.70%
  99  LC474554    0.41%    passed     99.22%
 100  KP317932    0.34%    passed     99.46%
 101  KF826825    0.17%    passed     99.68%
 102  KF826844    0.44%    passed     99.94%
 103  KJ939925    0.13%    passed     98.84%
 104  KP317945    0.35%    passed     99.74%
 105  KP663729    0.33%    passed     99.83%
 106  KJ939933    0.16%    passed     98.77%
 107  KP317917    0.34%    passed     99.83%
 108  KP317927    0.34%    passed     99.76%
 109  KJ939930    0.14%    passed     99.23%
 110  KP663730    0.33%    passed    100.00%
 111  KJ939923    0.14%    passed     97.85%
 112  KJ939931    0.18%    passed     98.61%
 113  KJ939929    0.14%    passed     99.46%
 114  KJ939934    0.21%    passed     99.47%
 115  KJ939932    0.14%    passed     99.85%
 116  KJ939920    0.14%    passed     99.84%
 117  KJ939921    0.14%    passed     98.22%
 118  KJ939928    0.17%    passed     99.92%
 119  JX576757    0.07%    passed     98.41%
 120  JX576744    0.07%    passed     99.88%
 121  JX576761    0.03%    passed     99.95%
 122  JX576733    0.07%    passed     99.42%
 123  JX576759    0.07%    passed     99.58%
 124  JX576737    0.07%    passed     99.98%
 125  JX576731    0.09%    passed     99.37%
 126  JX576750    0.07%    passed     91.85%
 127  KF530259    0.55%    passed     99.80%
 128  KF826859    0.14%    passed     99.82%
 129  JX576738    0.07%    passed     99.94%
 130  JX576749    0.07%    passed     99.76%
 131  JX576735    0.07%    passed     97.43%
 132  KF826860    0.24%    passed     99.90%
 133  JX576740    0.07%    passed     99.81%
 134  KJ627342    0.74%    passed     99.99%
 135  JX576762    0.03%    passed     99.23%
 136  JX576751    0.07%    passed     99.44%
 137  JX576753    0.07%    passed     99.67%
 138  JX576758    0.03%    passed     98.76%
 139  JX576754    0.07%    passed     99.97%
 140  JX576739    0.07%    passed     99.74%
 141  JX576741    0.07%    passed     99.82%
 142  JX576743    0.07%    passed     99.78%
 143  JX576746    0.07%    passed     99.68%
 144  JX576736    0.07%    passed     99.98%
 145  JX576742    0.07%    passed     99.90%
 146  JX576730    0.07%    passed     99.89%
 147  JX576752    0.07%    passed     99.86%
 148  JX576756    0.07%    passed     99.83%
 149  JX576745    0.07%    passed     99.55%
 150  JX576734    0.07%    passed     99.95%
 151  JX576747    0.07%    passed     99.38%
 152  JX576748    0.07%    passed     99.58%
 153  JX576732    0.07%    passed     99.51%
 154  JX576729    0.09%    passed     99.74%
 155  KF826820    4.17%    passed     88.16%
 156  KF826845    0.90%    passed     99.63%
 157  KJ627348    0.74%    passed     99.61%
 158  KF826835    0.39%    passed     99.43%
 159  KF826842    0.10%    passed     99.99%
 160  JX576755    0.07%    passed     99.63%
 161  KF826857    0.13%    passed     99.42%
 162  KF826834    0.52%    passed     99.68%
 163  KF826858    0.34%    passed     98.61%
 164  KJ627340    0.74%    passed     99.81%
 165  KJ627341    0.74%    passed     99.68%
 166  KJ627330    0.74%    passed     99.97%
 167  KF826851    0.07%    passed     99.80%
 168  KJ627277    0.74%    passed     99.25%
 169  KJ627247    0.74%    passed     99.85%
 170  KJ627332    0.74%    passed     99.87%
 171  KJ627285    0.74%    passed     99.96%
 172  KF826822    0.11%    passed     99.38%
 173  KJ627254    0.75%    passed     99.84%
 174  KJ627299    0.74%    passed     99.66%
 175  KJ627280    0.74%    passed     99.40%
 176  KJ627251    0.74%    passed     99.96%
 177  KJ627364    0.74%    passed     99.03%
 178  KJ627278    0.74%    passed     99.73%
 179  KJ627262    0.74%    passed     99.99%
 180  KJ627302    0.74%    passed     99.02%
 181  KJ627317    0.74%    passed     99.10%
 182  KJ627310    0.74%    passed     98.67%
 183  KU950577    0.74%    passed     99.88%
 184  KJ672430    0.75%    passed     99.27%
 185  KU950510    0.37%    passed     99.88%
 186  KJ627359    0.74%    passed     99.92%
 187  KJ939924    0.20%    passed     97.20%
 188  KU950588    0.74%    passed     98.47%
 189  KU950619    0.37%    passed     98.68%
 190  KJ672476    0.74%    passed     99.35%
 191  KJ939927    0.13%    passed     99.13%
 192  KJ672473    0.74%    passed     97.31%
 193  KJ672481    0.74%    passed     99.28%
 194  KJ672438    0.74%    passed     98.26%
 195  KJ672425    0.74%    passed     99.63%
 196  KM517573    0.07%    passed     99.92%
 197  KJ939926    0.18%    passed     99.84%
 198  KU950530    0.35%    passed     99.65%
 199  KU950553    0.35%    passed     99.99%
 200  KU950656    0.57%    passed     99.99%
 201  KU950663    0.35%    passed     99.95%
 202  KU950488    0.37%    passed     97.40%
 203  KM042393    0.74%    passed     98.90%
 204  KU839632    0.74%    passed     99.84%
 205  KU950516    0.37%    passed     99.94%
 206  KU950503    0.35%    passed     99.97%
 207  KU950688    0.36%    passed     99.91%
 208  KU950611    0.50%    passed     99.94%
 209  KU950533    0.37%    passed     98.17%
 210  KU950603    0.35%    passed     98.75%
 211  KU950681    0.36%    passed     99.92%
 212  KU950665    0.74%    passed     99.95%
 213  KU950543    0.75%    passed     99.84%
 214  KU950599    0.74%    passed     99.92%
 215  KU950606    0.35%    passed     99.83%
 216  KU950584    0.35%    passed     99.83%
 217  KU950675    0.35%    passed     99.86%
 218  KU950659    0.35%    passed     99.90%
 219  KU950489    0.74%    passed     99.53%
 220  KU950630    0.35%    passed     99.97%
 221  KU950695    0.74%    passed     99.92%
 222  KU950625    0.74%    passed     99.76%
 223  KU950602    0.35%    passed     99.58%
 224  KU950693    0.35%    passed     99.47%
 225  KU950467    0.35%    passed     99.95%
 226  KU950586    0.37%    passed     98.75%
 227  KR350475    0.07%    passed     99.83%
 228  KU950476    0.36%    passed     99.95%
 229  KU950558    0.42%    passed     99.58%
 230  KU950601    0.61%    passed     99.90%
 231  KU950462    0.35%    passed     99.82%
 232  KU950539    0.35%    passed     99.65%
 233  KU950525    0.37%    passed     99.97%
 234  KU839627    0.74%    passed     99.93%
 235  KU839623    0.74%    passed     99.90%
 236  KU950621    0.79%    passed     99.30%
 237  KU950562    0.35%    passed     99.99%
 238  KU950535    0.35%    passed     99.97%
 239  KU950477    0.35%    passed     99.98%
 240  KU839635    0.74%    passed     99.92%
 241  KU950676    0.74%    passed     99.81%
 242  KU950669    0.35%    passed     99.60%
 243  KU950548    0.35%    passed     98.92%
 244  KU950461    0.78%    passed     99.04%
 245  KU950574    0.34%    passed     99.08%
 246  KU950635    0.35%    passed     99.86%
 247  KU839636    0.74%    passed     99.67%
 248  KU950687    0.74%    passed     99.88%
 249  KU839634    0.74%    passed     99.84%
 250  KU950495    0.37%    passed     99.98%
 251  KU950481    0.37%    passed     99.97%
 252  KU950512    0.37%    passed     99.93%
 253  KU950691    0.37%    passed     99.94%
 254  KU950613    0.37%    passed     99.94%
 255  KU950571    0.37%    passed     98.97%
 256  KU839641    0.74%    passed     99.92%
 257  KU839628    0.74%    passed     99.82%
 258  KU839633    0.74%    passed     98.54%
 259  KU950648    0.67%    passed     99.96%
 260  KU950534    0.37%    passed     99.97%
 261  KU950637    0.37%    passed     99.96%
 262  KU950618    0.35%    passed     99.98%
 263  KU950689    0.48%    passed     99.95%
 264  KU839629    0.74%    passed     99.79%
 265  KU950591    0.37%    passed     99.95%
 266  KU950614    0.35%    passed     99.46%
 267  KU950576    0.35%    passed     97.93%
 268  KU839625    0.74%    passed     99.89%
 269  KU950657    0.35%    passed     99.89%
 270  KU950514    0.54%    passed    100.00%
 271  KU950565    0.74%    passed     99.82%
 272  KU950587    0.34%    passed     99.93%
 273  KU950463    0.37%    passed     99.94%
 274  KU950504    0.37%    passed     99.99%
 275  KU950568    0.35%    passed     99.97%
 276  KU950478    0.37%    passed     99.94%
 277  KU950580    0.35%    passed     99.90%
 278  KU950593    0.35%    passed     99.93%
 279  KU950559    0.74%    passed     99.89%
 280  KU950484    0.35%    passed     99.65%
 281  KU950682    0.35%    passed     99.95%
 282  KU950458    0.36%    passed     98.84%
 283  KU950578    0.35%    passed     99.93%
 284  KU950684    0.37%    passed     99.99%
 285  KU950526    0.35%    passed     99.87%
 286  KU950500    0.35%    passed     99.16%
 287  KU950496    0.37%    passed     99.98%
 288  KU950678    0.35%    passed     99.87%
 289  KU950515    0.35%    passed     99.93%
 290  KU950604    0.37%    passed     99.88%
 291  KU950465    0.37%    passed     99.93%
 292  KU950633    0.74%    passed     99.79%
 293  KU950569    0.35%    passed     99.36%
 294  KU950532    0.35%    passed     99.82%
 295  KU950690    0.48%    passed    100.00%
 296  KU950662    0.35%    passed     99.87%
 297  KU950622    0.37%    passed     99.92%
 298  KU950582    0.35%    passed     99.87%
 299  KU950679    0.35%    passed     99.97%
 300  KU950542    0.37%    passed     98.36%
 301  KU950471    0.36%    passed     99.99%
 302  KU950466    0.37%    passed     99.94%
 303  KU950517    0.37%    passed     99.67%
 304  KU950555    0.35%    passed     99.55%
 305  KU950589    0.74%    passed     99.95%
 306  KU950668    0.35%    passed     99.95%
 307  KU950482    0.36%    passed     99.92%
 308  KU950697    1.34%    passed     99.98%
 309  KU950607    0.37%    passed     99.76%
 310  KU950647    0.67%    passed     99.49%
 311  KU950497    0.37%    passed     99.98%
 312  KU839638    0.74%    passed     99.90%
 313  MN306044    0.43%    passed     99.72%
 314  KU950457    0.35%    passed     99.50%
 315  MH685715    0.29%    passed     99.14%
 316  KU839640    0.74%    passed     99.90%
 317  KU950547    0.35%    passed     99.14%
 318  LC385004    0.39%    passed     99.94%
 319  KU950508    0.37%    passed     98.57%
 320  KU950672    0.35%    passed     99.99%
 321  LC488177    1.00%    passed     96.74%
 322  LC474542    0.37%    passed     99.58%
 323  KX655624    0.74%    passed     98.90%
 324  KX655629    0.35%    passed     99.81%
 325  KX655642    0.37%    passed     99.22%
 326  KX655633    0.74%    passed     98.94%
 327  KX655641    0.35%    passed     99.06%
 328  KX655645    0.74%    passed     99.26%
 329  KX655646    0.35%    passed     97.54%
 330  KX655648    0.35%    passed     99.85%
 331  KX655661    0.75%    passed     99.74%
 332  KX655655    0.74%    passed     99.07%
 333  KX655649    0.37%    passed     99.82%
 334  KX655653    0.55%    passed     99.43%
 335  KX655669    0.74%    passed     98.85%
 336  KX655654    0.48%    passed     99.95%
 337  KX655664    0.35%    passed     99.27%
 338  KX655685    0.74%    passed     98.71%
 339  KX655671    0.35%    passed     99.99%
 340  KX655686    0.37%    passed     99.41%
 341  KX655683    0.74%    passed     99.18%
 342  KX655681    0.37%    passed     99.93%
 343  KX655684    0.75%    passed     99.54%
 344  KX655693    0.74%    passed     99.38%
 345  KX655698    0.48%    passed     98.92%
 346  KX765888    0.75%    passed     99.60%
 347  KX655700    0.74%    passed     99.23%
 348  KX765889    0.74%    passed     99.40%
 349  KX765890    0.75%    passed     99.84%
 350  KX765892    0.35%    passed     99.91%
 351  KX765893    0.75%    passed     99.68%
 352  KX765895    0.35%    passed     99.89%
 353  KX765899    0.48%    passed     99.75%
 354  KX765897    0.74%    passed     99.90%
 355  KX765900    0.74%    passed     99.80%
 356  KX765903    0.74%    passed     99.78%
 357  KX765905    0.48%    passed     99.92%
 358  KX765908    0.74%    passed     99.95%
 359  KX765907    0.74%    passed     99.65%
 360  KX765906    0.35%    passed     99.87%
 361  KX765912    0.35%    passed     99.93%
 362  KX765909    0.74%    passed     99.15%
 363  KX765921    0.35%    passed     99.57%
 364  KX765922    0.75%    passed     99.79%
 365  KX765929    0.35%    passed     99.95%
 366  KY674984    1.38%    passed     99.81%
 367  KX765923    0.74%    passed     99.15%
 368  KX765927    0.74%    passed     99.83%
 369  KX765935    0.35%    passed     99.88%
 370  KX765930    0.48%    passed     99.75%
 371  KY249668    0.10%    passed     98.74%
 372  KY249666    0.06%    passed     99.95%
 373  KY249667    0.06%    passed     99.98%
 374  KY249669    0.11%    passed     98.63%
 375  KY249671    0.06%    passed     99.62%
 376  KY249670    0.23%    passed     99.89%
 377  KY249672    0.07%    passed     99.85%
 378  KY249674    0.06%    passed     99.76%
 379  KY249673    0.25%    passed     99.94%
 380  KY249675    0.06%    passed     97.66%
 381  KY249678    0.06%    passed     99.98%
 382  KY249680    0.26%    passed     99.12%
 383  KY249676    0.06%    passed     97.16%
 384  KY249677    0.06%    passed     99.55%
 385  KY249679    0.21%    passed     99.26%
 386  KY249682    0.39%    passed     99.81%
 387  KY249681    0.31%    passed     99.30%
 388  KY249683    0.41%    passed     98.99%
 389  KY249658    0.06%    passed     99.97%
 390  KY249656    0.06%    passed     98.86%
 391  KY249659    0.06%    passed     99.32%
 392  KY249660    0.25%    passed     98.61%
 393  KY249657    0.06%    passed     99.86%
 394  KY249662    0.07%    passed     99.90%
 395  KY249661    0.25%    passed     99.97%
 396  KY249663    0.10%    passed     99.97%
 397  KX765975    0.35%    passed     99.98%
 398  KX765976    0.74%    passed     99.54%
 399  KY249664    0.07%    passed     99.23%
 400  KX765973    0.74%    passed     99.51%
 401  KY249665    0.07%    passed     99.89%
 402  MK749904    0.61%    passed     99.46%
 403  KX765978    0.75%    passed     99.65%
 404  KX765943    0.74%    passed     99.80%
 405  KX765949    0.74%    passed     99.96%
 406  KX765945    0.35%    passed     99.56%
 407  KX765947    0.35%    passed     99.84%
 408  KX765952    0.74%    passed     98.12%
 409  KX765957    0.35%    passed     99.44%
 410  KX765961    0.35%    passed     97.60%
 411  KX765959    0.35%    passed     99.77%
 412  KX765962    0.35%    passed     99.01%
 413  KY684758    0.65%    passed     99.94%
 414  MH327947    0.14%    passed     99.73%
 415  KX765964    0.74%    passed     99.12%
 416  KX765965    0.74%    passed     99.74%
 417  KX765963    0.74%    passed     97.95%
 418  KX765966    0.35%    passed     98.87%
 419  KX765968    0.35%    passed     99.92%
 420  MG431251    0.26%    passed     99.72%
 421  KY883568    0.33%    passed     99.39%
 422  MK481079    0.85%    passed     99.87%
 423  KY883571    0.37%    passed     99.33%
 424  MF001044    0.74%    passed     99.97%
 425  MK167034    0.58%    passed     99.56%
 426  KY883570    0.44%    passed     99.40%
 427  MF001058    0.95%    passed     99.95%
 428  MK534512    0.86%    passed     99.74%
 429  MK534510    0.85%    passed     99.87%
 430  MK534511    0.86%    passed     99.74%
 431  MK453523    0.57%    passed     99.42%
 432  MK749866    0.61%    passed     99.59%
 433  MK749870    0.66%    passed     99.89%
 434  MK749869    0.39%    passed     99.98%
 435  MK749868    0.56%    passed     99.95%
 436  MK749871    0.61%    passed     99.78%
 437  MK749873    0.54%    passed     99.62%
 438  MK749872    0.63%    passed     99.67%
 439  MK749874    0.54%    passed     99.80%
 440  MK749875    0.75%    passed     99.56%
 441  MK749876    0.62%    passed     99.72%
 442  MK749878    0.63%    passed     99.72%
 443  MK749880    0.46%    passed     99.31%
 444  MK749877    0.65%    passed     98.36%
 445  MK749879    0.46%    passed     99.16%
 446  MK749881    0.54%    passed     99.67%
 447  MK749882    0.61%    passed     99.91%
 448  MK749885    0.46%    passed     99.91%
 449  MK749891    0.52%    passed     98.09%
 450  MK749889    0.62%    passed     99.53%
 451  MK749892    0.56%    passed     99.77%
 452  MK749887    0.63%    passed     99.83%
 453  MK749894    0.39%    passed     99.97%
 454  MK749896    0.52%    passed     99.56%
 455  MK749888    0.62%    passed     99.71%
 456  MK749901    0.45%    passed     99.80%
 457  MG839545    0.42%    passed     99.28%
 458  MK749898    0.62%    passed     99.63%
 459  MK749897    0.62%    passed     99.84%
 460  MK749899    0.61%    passed     98.50%
 461  LC474539    0.39%    passed     99.86%
 462  MK749902    0.62%    passed     96.58%
 463  MK749903    0.66%    passed     99.79%
 464  LC385000    0.37%    passed     99.89%
 465  MG839547    0.21%    passed     99.96%
 466  LC384999    0.37%    passed     99.37%
 467  LC384997    0.37%    passed     99.48%
 468  LC385001    0.37%    passed     99.94%
 469  LC385002    0.37%    passed     99.85%
 470  LC384998    0.39%    passed     98.45%
 471  LC385003    0.21%    passed     99.77%
 472  LC385008    0.37%    passed     99.81%
 473  LC385006    0.37%    passed     99.98%
 474  LC474522    0.37%    passed     98.34%
 475  LC385007    0.37%    passed     99.91%
 476  LC385005    0.37%    passed     99.23%
 477  LC474524    0.37%    passed     98.83%
 478  LC474526    0.37%    passed     98.50%
 479  LC474523    0.37%    passed     99.36%
 480  LC474528    0.37%    passed     99.84%
 481  LC474527    0.37%    passed     99.31%
 482  LC474534    0.37%    passed     99.90%
 483  LC474529    0.37%    passed     99.17%
 484  LC474531    0.37%    passed     99.34%
 485  LC474533    0.37%    passed     99.54%
 486  LC474530    0.37%    passed     99.17%
 487  LC474532    0.37%    passed     99.39%
 488  LC474535    0.39%    passed     98.62%
 489  LC474537    0.44%    passed     99.51%
 490  LC474540    0.37%    passed     99.78%
 491  LC474541    0.38%    passed     99.85%
 492  LC474538    0.37%    passed     99.91%
 493  LC474536    0.37%    passed     99.95%
 494  LC474543    0.37%    passed     99.29%
 495  LC474544    0.43%    passed     99.83%
 496  LC474546    0.38%    passed     99.58%
 497  LC474549    0.37%    passed     99.88%
 498  LC474550    0.38%    passed     99.57%
 499  LC474552    0.39%    passed     99.99%
 500  LC474545    0.43%    passed     99.70%
 501  LC474553    0.38%    passed     99.45%
 502  LC474551    0.39%    passed     99.80%
 503  LC474547    0.37%    passed     99.64%
 504  MF185753    1.41%    passed     99.41%
 505  MF185752    1.46%    passed     93.47%
 506  LC474555    0.38%    passed     99.96%
 507  LC474560    0.38%    passed     99.97%
 508  LC474559    0.38%    passed     99.97%
 509  MK109766    0.74%    passed     99.19%
 510  MK109764    0.74%    passed     99.80%
 511  MK109767    0.75%    passed     99.91%
 512  MK109765    0.47%    passed     98.93%
 513  MK109768    0.74%    passed     98.47%
 514  MK109769    0.74%    passed     98.60%
 515  MK109778    0.74%    passed     99.02%
 516  MK109770    0.35%    passed     98.79%
 517  MK109771    0.74%    passed     99.02%
 518  MK109779    0.75%    passed     99.42%
 519  MK109789    0.35%    passed     96.79%
 520  MK109780    0.74%    passed     99.02%
 521  MK109781    0.35%    passed     99.57%
 522  MK109782    0.35%    passed     99.83%
 523  MK109784    0.74%    passed     99.09%
 524  MK109788    0.74%    passed     99.38%
 525  MK749906    0.61%    passed     99.81%
 526  MK109783    0.48%    passed     99.42%
 527  MK749905    0.61%    passed     99.77%
 528  MK749907    0.61%    passed     99.34%
 529  MK749910    0.46%    passed     99.90%
 530  MK749908    0.44%    passed     98.60%
 531  MK749915    0.47%    passed     99.23%
 532  MK109786    0.35%    passed     99.86%
 533  MK749916    0.41%    passed     99.98%
 534  MK749914    0.47%    passed     99.37%
 535  MT107528    0.07%    passed     99.90%
 536  MT373704    0.85%    passed     99.80%
 537  LC495297    1.73%    passed     98.32%
 538  MN163125    0.24%    passed     99.27%
 539  MT373703    0.85%    passed     99.75%
 540  MN163126    0.07%    passed     99.49%
 541  MT373705    0.85%    passed     99.99%
 542  MW582529    0.07%    passed     95.06%
 543  MW020595    0.41%    passed     99.83%
 544  MW160745    0.68%    passed     99.95%
 545  MW160744    0.44%    passed     99.80%
 546  MW160748    0.45%    passed     99.99%
 547  MW160750    0.44%    passed     99.59%
 548  MW160751    0.69%    passed     99.98%
 549  MW160770    0.44%    passed     99.90%
 550  MW160752    0.44%    passed     99.23%
 551  MW160765    0.44%    passed     99.94%
 552  MW160763    0.45%    passed     99.77%
 553  MW160757    0.44%    passed     99.90%
 554  MW160777    0.44%    passed     99.84%
 555  MW160775    0.44%    passed     99.96%
 556  MW160760    0.44%    passed     99.78%
 557  MW160784    0.45%    passed     99.81%
 558  MW160781    0.44%    passed     99.93%
 559  MW160780    0.45%    passed     99.54%
 560  MW160788    0.44%    passed     99.75%
 561  MW160786    0.44%    passed     99.50%
 562  MW160790    0.68%    passed     99.96%
 563  MW160791    0.68%    passed     99.97%
 564  MW160789    0.44%    passed     99.89%
 565  MW160793    0.44%    passed     99.98%
 566  MW160798    0.94%    passed     99.86%
 567  MW160792    0.44%    passed     99.49%
 568  MW160794    0.44%    passed     99.91%
 569  MW160800    0.45%    passed     99.28%
 570  MW160796    0.44%    passed     99.87%
 571  MW160802    0.44%    passed     99.95%
 572  MW160804    0.45%    passed     99.30%
 573  MW160806    0.45%    passed     99.94%
 574  MW160805    0.44%    passed     99.89%
 575  MW160811    0.44%    passed     99.67%
 576  MW160810    0.44%    passed     99.57%
 577  MW160808    0.44%    passed     99.71%
 578  MW160812    0.45%    passed     99.80%
 579  MW160823    0.46%    passed     99.08%
 580  MW160821    0.96%    passed     99.96%
 581  MW160815    0.44%    passed     99.79%
 582  MW160813    0.44%    passed     99.62%
 583  MW160829    0.44%    passed     99.84%
 584  MW160817    0.44%    passed     99.83%
 585  MW160826    0.45%    passed     99.90%
 586  MW160816    0.44%    passed     99.34%
 587  MW160832    0.72%    passed     99.15%
 588  MW160818    0.45%    passed     99.68%
 589  MW160834    0.44%    passed     99.77%
 590  MW160831    0.45%    passed     99.58%
 591  MW160833    0.69%    passed     99.94%
 592  MW160835    0.44%    passed     99.62%
 593  MZ515553    0.07%    passed     99.99%
 594  MW160838    0.45%    passed     99.94%
 595  MW160837    0.45%    passed     99.89%
 596  MZ515554    0.36%    passed     99.95%
 597  MW160836    0.45%    passed     99.07%
 598  MZ515557    0.09%    passed     98.66%
 599  MZ515558    0.08%    passed     99.36%
 600  MZ515560    0.07%    passed     99.74%
 601  MZ515561    0.07%    passed     99.94%
 602  MZ515562    0.07%    passed     99.29%
 603  MZ515574    0.10%    passed     99.33%
 604  MZ515565    0.07%    passed     99.84%
 605  MZ515586    0.45%    passed     97.04%
 606  MZ515817    0.07%    passed     99.99%
 607  MZ515824    0.35%    passed     99.99%
 608  MZ515581    0.09%    passed     99.02%
 609  MZ515578    0.09%    passed     99.74%
 610  MZ515584    0.06%    passed     99.47%
 611  MZ515820    0.07%    passed     99.95%
 612  MZ515587    0.07%    passed     99.98%
 613  MZ515823    0.06%    passed     99.86%
 614  MZ515827    0.07%    passed     99.73%
 615  MZ515830    0.07%    passed     99.26%
 616  MZ515831    0.06%    passed     99.63%
 617  MZ515832    1.51%    passed     95.65%
 618  MZ515839    0.07%    passed     99.81%
 619  MZ515836    0.09%    passed     99.94%
 620  MZ515837    0.06%    passed     99.79%
 621  MZ515844    0.07%    passed     99.18%
 622  MZ515846    0.07%    passed     99.73%
 623  MZ515843    0.09%    passed     99.74%
 624  MZ515845    0.09%    passed     99.90%
 625  MZ515849    0.07%    passed     99.99%
 626  MZ515857    0.07%    passed     99.51%
 627  MZ515863    0.07%    passed     99.71%
 628  MZ515869    0.09%    passed     99.97%
 629  MZ515865    0.10%    passed     99.99%
 630  MZ515871    0.06%    passed     99.51%
 631  MZ515868    0.07%    passed     99.87%
 632  MZ515872    0.07%    passed     99.79%
 633  MZ515889    0.06%    passed     99.95%
 634  MZ515883    0.09%    passed     99.92%
 635  MZ515886    0.07%    passed     99.94%
 636  MZ515892    0.06%    passed     99.98%
 637  MZ515890    0.07%    passed     99.77%
 638  MZ515895    0.06%    passed     99.88%
 639  MZ515894    0.07%    passed     99.95%
 640  MZ515899    0.09%    passed     99.67%
 641  MZ515904    0.06%    passed     99.46%
 642  MZ515903    0.07%    passed     99.36%
 643  MZ515916    0.12%    passed     99.88%
 644  MZ515914    0.07%    passed     99.41%
 645  MZ515917    0.07%    passed     99.95%
 646  MZ515924    0.05%    passed     99.98%
 647  MZ515918    0.08%    passed     99.98%
 648  MZ515925    0.06%    passed     99.80%
 649  MZ515934    0.07%    passed     99.41%
 650  MZ515926    0.07%    passed     99.31%
 651  MZ515930    0.07%    passed     99.73%
 652  MZ515936    0.16%    passed     99.96%
 653  MZ515937    0.35%    passed     95.43%
 654  MZ515944    0.09%    passed     99.71%
 655  MZ515950    0.33%    passed     98.96%
 656  MZ515938    0.07%    passed     98.87%
 657  MZ515953    0.06%    passed     99.15%
 658  MZ515972    0.07%    passed     99.87%
 659  MZ515946    0.08%    passed     99.33%
 660  MZ515955    0.08%    passed     99.89%
 661  MZ515970    0.07%    passed     99.26%
 662  MZ515988    0.59%    passed     98.86%
 663  MZ515975    0.07%    passed     99.87%
 664  MZ515974    0.09%    passed     99.47%
 665  MZ515977    0.09%    passed     99.31%
 666  MZ515978    0.07%    passed     99.06%
 667  MZ515981    0.06%    passed     99.79%
 668  MZ515979    0.35%    passed     99.33%
 669  MZ515990    0.06%    passed     99.95%
 670  MZ515995    0.08%    passed     99.85%
 671  MZ515991    0.07%    passed     99.87%
 672  MZ515997    0.09%    passed     98.95%
 673  MZ515996    0.06%    passed     99.97%
 674  MZ516003    0.07%    passed     99.34%
 675  MZ516022    0.07%    passed     99.71%
 676  MZ516016    0.41%    passed     96.32%
 677  MZ516021    0.07%    passed     99.14%
 678  MZ516020    0.06%    passed     99.96%
 679  MZ516025    0.32%    passed     99.80%
 680  MZ516032    0.06%    passed     99.96%
 681  MZ516030    0.06%    passed     99.97%
 682  MZ516034    0.07%    passed     99.94%
 683  MZ516037    0.07%    passed     99.95%
 684  MZ516042    0.07%    passed     99.51%
 685  MZ516045    0.06%    passed     99.29%
 686  MZ516041    0.07%    passed     99.85%
 687  MZ516049    0.07%    passed     99.84%
 688  MZ516054    0.06%    passed     99.04%
 689  MZ516051    0.07%    passed     99.96%
 690  MZ516056    0.07%    passed     98.45%
 691  MZ516059    0.11%    passed     99.32%
 692  MZ516061    0.06%    passed     99.59%
 693  MZ516081    0.07%    passed     99.51%
 694  MZ516062    0.06%    passed     99.34%
 695  MZ516065    0.07%    passed     99.41%
 696  MZ516060    0.07%    passed     98.85%
 697  MZ516082    0.06%    passed     99.76%
 698  MZ516083    0.07%    passed     99.94%
 699  MZ516089    0.07%    passed     99.94%
 700  MZ516094    0.15%    passed     99.77%
 701  MZ516101    0.07%    passed     99.18%
 702  MZ516098    0.06%    passed     99.70%
 703  MZ516095    0.06%    passed     99.27%
 704  MZ516104    0.35%    passed     99.99%
 705  MZ516102    0.07%    passed     99.75%
 706  MZ516105    0.06%    passed     99.60%
 707  MZ516113    0.07%    passed     99.87%
 708  MZ516107    0.07%    passed     99.71%
 709  MZ516109    0.64%    passed     99.15%
 710  MZ515786    0.07%    passed     99.61%
 711  MZ516114    0.06%    passed     99.77%
 712  MZ515792    1.44%    passed     99.72%
 713  MZ515779    0.07%    passed     97.21%
 714  MZ515805    0.18%    passed     99.99%
 715  MZ515799    0.06%    passed     99.93%
 716  MZ515791    0.07%    passed     99.51%
 717  MZ515793    0.08%    passed     99.95%
 718  MZ515794    0.07%    passed     99.20%
 719  MZ515807    0.06%    passed    100.00%
 720  MZ515809    0.07%    passed     99.88%
 721  MZ516122    0.06%    passed     99.96%
 722  MZ515812    0.07%    passed     99.71%
 723  MZ516116    0.07%    passed     99.95%
 724  MZ516123    0.07%    passed     99.88%
 725  MZ516140    0.07%    passed     99.81%
 726  MZ516139    0.06%    passed     99.53%
 727  MZ516126    0.06%    passed     99.98%
 728  MZ516125    0.07%    passed     99.95%
 729  MZ516135    0.09%    passed     98.94%
 730  MZ516143    0.07%    passed     99.87%
 731  MZ516141    0.08%    passed     99.98%
 732  MZ515591    0.07%    passed     99.82%
 733  MZ515590    0.07%    passed     99.32%
 734  MZ515594    0.35%    passed     97.78%
 735  MZ515595    0.07%    passed     99.18%
 736  MZ515596    0.07%    passed     99.96%
 737  MZ515598    0.10%    passed     99.88%
 738  MZ515599    0.07%    passed     99.22%
 739  MZ515603    0.09%    passed     99.74%
 740  MZ515605    0.07%    passed     99.19%
 741  MZ515607    0.07%    passed     99.41%
 742  MZ515612    0.07%    passed     99.73%
 743  MZ515608    0.07%    passed     99.97%
 744  MZ515613    0.07%    passed     99.18%
 745  MZ515611    0.07%    passed     99.87%
 746  MZ515622    0.50%    passed     98.66%
 747  MZ515625    0.07%    passed     99.99%
 748  MZ515627    0.07%    passed     99.86%
 749  MZ515637    0.06%    passed     99.79%
 750  MZ515635    0.07%    passed     99.41%
 751  MZ515636    0.07%    passed     99.38%
 752  MZ515638    0.06%    passed     99.96%
 753  MZ515639    0.09%    passed     99.36%
 754  MZ515653    0.06%    passed     98.91%
 755  MZ515648    0.17%    passed     99.95%
 756  MZ515665    0.07%    passed     99.94%
 757  MZ515660    0.08%    passed     98.54%
 758  MZ515658    0.07%    passed     99.89%
 759  MZ515663    0.09%    passed     99.15%
 760  MZ515656    0.07%    passed     99.84%
 761  MZ515670    3.70%    passed     97.80%
 762  MZ515667    0.07%    passed     99.95%
 763  MZ515669    0.07%    passed     99.83%
 764  MZ515678    0.06%    passed     99.86%
 765  MZ515672    0.07%    passed     97.97%
 766  MZ515671    0.07%    passed     99.18%
 767  MZ515677    0.06%    passed     99.15%
 768  MZ515674    0.09%    passed     99.91%
 769  MZ515683    0.07%    passed     99.95%
 770  MZ515694    0.07%    passed     99.81%
 771  MZ515684    0.16%    passed     99.77%
 772  MZ515691    0.07%    passed     99.18%
 773  MZ515704    0.09%    passed     99.95%
 774  MZ515699    0.07%    passed     99.56%
 775  MZ515707    0.07%    passed     98.86%
 776  MZ515713    0.86%    passed     99.81%
 777  MZ515710    0.07%    passed     99.86%
 778  MZ515698    0.07%    passed     99.78%
 779  MZ515712    0.06%    passed     99.81%
 780  MZ515727    0.61%    passed     99.93%
 781  MZ515724    0.07%    passed     99.34%
 782  MZ515715    0.07%    passed     99.83%
 783  MZ515729    0.06%    passed     99.98%
 784  MZ515719    0.07%    passed     99.82%
 785  MZ515716    0.06%    passed     99.87%
 786  MZ515726    0.07%    passed     99.51%
 787  MZ515728    0.07%    passed     99.87%
 788  MZ515730    0.07%    passed     99.94%
 789  MZ515743    0.09%    passed     99.93%
 790  MZ515732    0.06%    passed     99.42%
 791  MZ515738    0.07%    passed     98.45%
 792  MZ515748    0.06%    passed     99.73%
 793  MZ515751    0.07%    passed     99.90%
 794  MZ515746    0.16%    passed     99.74%
 795  MZ515753    0.08%    passed     99.43%
 796  MZ515757    0.35%    passed     99.35%
 797  MZ515756    0.07%    passed     98.66%
 798  MZ515769    0.06%    passed     99.34%
 799  MZ515761    0.07%    passed     99.67%
 800  MZ515759    0.07%    passed     97.10%
 801  MZ515762    0.07%    passed     99.96%
 802  MZ515764    0.08%    passed     99.98%
 803  MZ515770    0.09%    passed     99.97%
 804  MZ515767    0.07%    passed     99.96%
 805  MZ515775    0.06%    passed     99.52%
 806  MZ151849    0.86%    passed     99.42%
 807  MZ515771    0.06%    passed     99.94%
 808  MZ151850    0.85%    passed     99.99%
 809  OK649685    0.24%    passed     99.63%
 810  MZ515778    0.06%    passed     99.60%
 811  OK649686    0.22%    passed     99.44%
 812  MZ151856    0.85%    passed     99.99%
 813  MZ515776    0.08%    passed     99.90%
 814  MZ151851    1.98%    passed     99.83%
 815  OK649688    0.29%    passed     99.91%
 816  OK649690    0.18%    passed     99.44%
 817  OK649687    0.22%    passed     99.79%
 818  OK649689    0.23%    passed     99.77%
 819  OK649693    0.22%    passed     99.16%
 820  OK649692    0.29%    passed     99.34%
 821  OK649695    0.24%    passed     99.78%
 822  OK649694    0.29%    passed     99.93%
 823  OK649696    0.23%    passed     99.79%
 824  OK649698    0.15%    passed     99.88%
 825  OK649697    0.26%    passed     98.47%
 826  OK649699    0.21%    passed     99.76%
 827  OK649701    0.29%    passed     99.91%
 828  OK649700    0.31%    passed     99.76%
 829  OK649703    0.22%    passed     99.64%
 830  OK649705    0.26%    passed     99.21%
 831  OK649702    0.28%    passed     99.56%
 832  OK649704    0.24%    passed     98.70%
 833  OK649707    0.26%    passed     99.82%
 834  OK649706    0.26%    passed     99.35%
 835  OK649708    0.24%    passed     99.45%
 836  OK649709    0.14%    passed     99.94%
 837  OK649712    0.21%    passed     99.39%
 838  OK649711    0.24%    passed     99.84%
 839  OK649714    0.20%    passed     99.73%
 840  OK649710    0.22%    passed     99.71%
 841  OK649713    0.16%    passed     99.84%
 842  OK649715    0.20%    passed     99.40%
 843  OK649716    0.27%    passed     99.08%
 844  OK649719    0.22%    passed     99.87%
 845  OK649718    0.24%    passed     99.34%
 846  OK649717    0.24%    passed     99.32%
 847  OK649721    0.23%    passed     99.20%
 848  OK649720    0.20%    passed     99.51%
 849  OK649722    0.23%    passed     99.60%
 850  OK649724    0.24%    passed     99.62%
 851  OK649723    0.29%    passed     99.68%
 852  OK649726    0.19%    passed     99.76%
 853  OK649725    0.22%    passed     99.99%
 854  OK649727    0.29%    passed     99.36%
 855  OK649729    0.23%    passed     99.64%
 856  OK649731    0.23%    passed     99.73%
 857  OK649736    0.31%    passed     98.34%
 858  OK649728    0.21%    passed     99.44%
 859  OK649732    0.24%    passed     99.86%
 860  OK649730    0.26%    passed     97.00%
 861  OK649733    0.30%    passed     97.19%
 862  OK649734    0.23%    passed     99.77%
 863  OK649735    0.22%    passed     97.72%
 864  OK649737    0.24%    passed     99.20%
 865  OK649738    0.24%    passed     99.84%
 866  OK649739    0.22%    passed     99.71%
 867  OK649742    0.22%    passed     99.75%
 868  OK649753    0.10%    passed     99.93%
 869  OK649741    0.26%    passed     98.69%
 870  OK649743    0.25%    passed     99.08%
 871  OK649744    0.24%    passed     99.89%
 872  OK649754    0.20%    passed     99.04%
 873  OK649755    0.23%    passed     99.69%
****  TOTAL       0.42%  0 sequences failed composition chi2 test (p-value<5%; df=3)
NOTE: KU839635 is identical to KU950695 but kept for subsequent analysis
NOTE: MK534510 is identical to MK481079 but kept for subsequent analysis
NOTE: MK534511 is identical to MK534512 but kept for subsequent analysis
NOTE: LC474530 is identical to LC474529 but kept for subsequent analysis
NOTE: MW160835 is identical to MW160813 but kept for subsequent analysis
NOTE: MZ515843 is identical to MZ515578 but kept for subsequent analysis
NOTE: MZ516037 is identical to MZ515820 but kept for subsequent analysis
NOTE: MZ515678 is identical to MZ515823 but kept for subsequent analysis
NOTE: MZ515930 is identical to MZ515827 but kept for subsequent analysis
NOTE: MZ516101 is identical to MZ515844 but kept for subsequent analysis
NOTE: MZ516042 is identical to MZ515857 but kept for subsequent analysis
NOTE: MZ515991 is identical to MZ515868 but kept for subsequent analysis
NOTE: MZ516034 is identical to MZ515886 but kept for subsequent analysis
NOTE: MZ516126 is identical to MZ515892 but kept for subsequent analysis
NOTE: MZ515917 is identical to MZ515894 but kept for subsequent analysis
NOTE: MZ515934 is identical to MZ515914 but kept for subsequent analysis
NOTE: MZ515677 is identical to MZ515953 but kept for subsequent analysis
NOTE: MZ515637 is identical to MZ515981 but kept for subsequent analysis
NOTE: MZ516122 is identical to MZ516020 but kept for subsequent analysis
NOTE: MZ515596 is identical to MZ516051 but kept for subsequent analysis
NOTE: MZ515778 is identical to MZ516105 but kept for subsequent analysis
NOTE: MZ515728 is identical to MZ516143 but kept for subsequent analysis
Checking for duplicate sequences: done in 0.0275021 secs using 97.88% CPU
Identifying sites to remove: done in 0.078522 secs using 86.51% CPU
NOTE: 16 identical sequences (see below) will be ignored for subsequent analysis
NOTE: MZ516125 (identical to MZ515820) is ignored but added at the end
NOTE: MZ515671 (identical to MZ515844) is ignored but added at the end
NOTE: MZ515691 (identical to MZ515844) is ignored but added at the end
NOTE: MZ516081 (identical to MZ515857) is ignored but added at the end
NOTE: MZ515791 (identical to MZ515857) is ignored but added at the end
NOTE: MZ515726 (identical to MZ515857) is ignored but added at the end
NOTE: MZ516089 (identical to MZ515886) is ignored but added at the end
NOTE: MZ515665 (identical to MZ515886) is ignored but added at the end
NOTE: MZ515730 (identical to MZ515886) is ignored but added at the end
NOTE: MZ515729 (identical to MZ515892) is ignored but added at the end
NOTE: MZ516116 (identical to MZ515894) is ignored but added at the end
NOTE: MZ515667 (identical to MZ515894) is ignored but added at the end
NOTE: MZ515607 (identical to MZ515914) is ignored but added at the end
NOTE: MZ515635 (identical to MZ515914) is ignored but added at the end
NOTE: MZ515638 (identical to MZ516020) is ignored but added at the end
NOTE: MZ515767 (identical to MZ516051) is ignored but added at the end
Alignment was printed to data/aligned_B_all-delim.fasta.uniqueseq.phy

For your convenience alignment with unique sequences printed to data/aligned_B_all-delim.fasta.uniqueseq.phy

Create initial parsimony tree by phylogenetic likelihood library (PLL)... 0.022 seconds

NOTE: 171 MB RAM (0 GB) is required!
Estimate model parameters (epsilon = 0.500)
1. Initial log-likelihood: -786422.237
2. Current log-likelihood: -706352.167
3. Current log-likelihood: -691864.745
4. Current log-likelihood: -691536.107
Optimal log-likelihood: -691535.668
Rate parameters:  A-C: 2.79177  A-G: 16.61190  A-T: 1.66795  C-G: 0.45652  C-T: 37.09828  G-T: 1.00000
Base frequencies:  A: 0.387  C: 0.179  G: 0.158  T: 0.276
Parameters optimization took 4 rounds (18.132 sec)
Wrote distance file to... 
Computing ML distances based on estimated model parameters...
Calculating distance matrix: done in 6.25866 secs using 99.03% CPU
Computing ML distances took 6.332875 sec (of wall-clock time) 6.234278 sec (of CPU time)
Setting up auxiliary I and S matrices: done in 0.0135388 secs using 184.5% CPU
Constructing RapidNJ tree: done in 0.030699 secs using 150.9% CPU
Computing RapidNJ tree took 0.044332 sec (of wall-clock time) 0.071412 sec (of CPU time)
Log-likelihood of RapidNJ tree: -163248.225
--------------------------------------------------------------------
|             INITIALIZING CANDIDATE TREE SET                      |
--------------------------------------------------------------------

Do NNI search on 2 best initial trees
Optimizing NNI: done in 5.68586 secs using 98.65% CPU
Estimate model parameters (epsilon = 0.500)
BETTER TREE FOUND at iteration 1: -162837.615
Optimizing NNI: done in 134.684 secs using 98.43% CPU
Finish initializing candidate tree set (4)
Current best tree score: -162837.615 / CPU time: 146.622
Number of iterations: 2
TREE SEARCH COMPLETED AFTER 2 ITERATIONS / Time: 0h:2m:53s

--------------------------------------------------------------------
|                    FINALIZING TREE SEARCH                        |
--------------------------------------------------------------------
Performs final model parameters optimization
Estimate model parameters (epsilon = 0.050)
1. Initial log-likelihood: -162837.615
Optimal log-likelihood: -162837.612
Rate parameters:  A-C: 1.91689  A-G: 11.98301  A-T: 1.25922  C-G: 0.16758  C-T: 24.99108  G-T: 1.00000
Base frequencies:  A: 0.387  C: 0.179  G: 0.158  T: 0.276
Parameters optimization took 1 rounds (1.432 sec)
BEST SCORE FOUND : -162837.612
Total tree length: 1.197

Total number of iterations: 2
CPU time used for tree search: 144.275 sec (0h:2m:24s)
Wall-clock time used for tree search: 146.624 sec (0h:2m:26s)
Total CPU time used: 172.486 sec (0h:2m:52s)
Total wall-clock time used: 175.502 sec (0h:2m:55s)

Analysis results written to: 
  IQ-TREE report:                data/aligned_B_all-delim.fasta.iqtree
  Maximum-likelihood tree:       data/aligned_B_all-delim.fasta.treefile
  Likelihood distances:          data/aligned_B_all-delim.fasta.mldist
  Screen log file:               data/aligned_B_all-delim.fasta.log

Date and Time: Tue Apr 26 14:33:14 2022
