IQ-TREE multicore version 2.2.0-beta COVID-edition for Mac OS X 64-bit built Mar  3 2022 built Mar  3 2022
Developed by Bui Quang Minh, James Barbetti, Nguyen Lam Tung,
Olga Chernomor, Heiko Schmidt, Dominik Schrempf, Michael Woodhams, Ly Trong Nhan.

Host:    MacBook-Pro-2.local (SSE4.2, 8 GB RAM)
Command: iqtree2 -nt 1 -s data/aligned_A1_all-delim.fasta -m GTR -ninit 2 -n 2 -me 0.05
Seed:    252024 (Using SPRNG - Scalable Parallel Random Number Generator)
Time:    Tue Apr 26 14:30:18 2022
Kernel:  SSE2 - 1 threads (8 CPU cores detected)

HINT: Use -nt option to specify number of threads because your CPU has 8 cores!
HINT: -nt AUTO will automatically determine the best number of threads to use.

Reading alignment file data/aligned_A1_all-delim.fasta ... Fasta format detected
Reading fasta file: done in 0.317556 secs using 80.66% CPU
Alignment most likely contains DNA/RNA sequences
Constructing alignment: done in 0.106069 secs using 81.67% CPU
Alignment has 980 sequences with 15277 columns, 6365 distinct patterns
4712 parsimony-informative, 1679 singleton sites, 8886 constant sites
          Gap/Ambiguity  Composition  p-value
Analyzing sequences: done in 0.0478032 secs using 94.53% CPU
   1  JQ901447    0.48%    passed     99.89%
   2  JX069799    0.61%    passed     98.16%
   3  JX069801    0.60%    passed     99.82%
   4  KF826840    1.14%    passed     99.60%
   5  KP856968    1.18%    passed     97.91%
   6  KU316142    2.20%    passed     98.88%
   7  JX069798    0.56%    passed     97.91%
   8  KP317953    0.48%    passed     99.13%
   9  KP663728    0.69%    passed     99.16%
  10  KJ939941    0.48%    passed     99.59%
  11  FJ948820    0.48%    passed     99.63%
  12  KJ939939    0.48%    passed     99.59%
  13  KJ939957    0.60%    passed     98.72%
  14  KJ939969    0.48%    passed     99.50%
  15  KJ939967    0.48%    passed     99.67%
  16  KJ939953    0.84%    passed     98.73%
  17  KJ939960    0.48%    passed     99.82%
  18  KJ939955    0.61%    passed     98.08%
  19  KJ939968    0.48%    passed     99.81%
  20  KJ939962    0.48%    passed     99.77%
  21  KJ939945    0.48%    passed     99.53%
  22  KJ939971    0.50%    passed     98.26%
  23  JX069800    0.61%    passed     99.83%
  24  KJ939944    0.52%    passed     99.56%
  25  JQ901452    0.48%    passed     98.98%
  26  KJ939936    0.48%    passed     99.33%
  27  KJ939965    0.48%    passed     97.42%
  28  KJ939966    0.49%    passed     98.72%
  29  JQ901453    0.48%    passed     98.04%
  30  KJ939952    0.63%    passed     99.83%
  31  JQ901457    0.48%    passed     97.64%
  32  JQ901458    0.49%    passed     97.18%
  33  KC731483    0.67%    passed     98.68%
  34  KJ939947    0.50%    passed     98.75%
  35  KJ627324    1.17%    passed     96.69%
  36  KJ627356    1.17%    passed     99.41%
  37  KJ627339    1.17%    passed     97.28%
  38  KJ627361    1.17%    passed     99.46%
  39  KJ627268    1.16%    passed     98.85%
  40  KJ627287    1.16%    passed     99.00%
  41  KJ627293    1.17%    passed     98.71%
  42  KJ627306    1.16%    passed     99.97%
  43  KF530269    1.49%    passed     99.71%
  44  KJ627338    1.17%    passed     99.42%
  45  KJ627325    1.16%    passed     99.93%
  46  KF826831    0.56%    passed     98.21%
  47  KJ627301    1.16%    passed     99.05%
  48  KF826838    0.60%    passed     97.04%
  49  KF826849    0.62%    passed     98.77%
  50  KF530261    1.17%    passed     99.10%
  51  KJ627319    1.17%    passed     99.95%
  52  KF826848    0.64%    passed     99.35%
  53  KF826856    0.60%    passed     99.23%
  54  KJ627269    1.16%    passed     99.93%
  55  KJ627349    1.16%    passed     99.97%
  56  KJ627245    1.16%    passed     99.05%
  57  KJ627337    2.10%    passed     99.49%
  58  KJ627350    1.16%    passed     99.00%
  59  KF826830    0.61%    passed     98.55%
  60  KJ627351    1.16%    passed     99.13%
  61  KJ627326    1.16%    passed     99.19%
  62  KJ627312    1.16%    passed     97.62%
  63  KJ627259    1.16%    passed     99.93%
  64  KJ627362    1.15%    passed     98.60%
  65  KJ627272    1.16%    passed     99.61%
  66  KJ627372    1.16%    passed     98.75%
  67  KJ627365    1.16%    passed     99.59%
  68  KJ627294    1.16%    passed     99.12%
  69  KJ627288    1.22%    passed     99.28%
  70  KJ627252    1.20%    passed     98.34%
  71  KF826833    0.98%    passed     99.88%
  72  KF826821    0.67%    passed     99.62%
  73  KJ627292    1.16%    passed     99.98%
  74  KJ627357    1.16%    passed     99.93%
  75  KF826855    0.76%    passed     99.73%
  76  KJ627270    1.16%    passed     99.98%
  77  KJ627304    1.17%    passed     99.76%
  78  KJ627267    1.16%    passed     99.23%
  79  KJ627296    1.16%    passed     99.94%
  80  KJ627327    1.17%    passed     94.59%
  81  KJ627305    1.18%    passed     99.71%
  82  KJ627335    1.16%    passed     98.79%
  83  KJ627318    1.17%    passed     99.96%
  84  KJ627303    2.00%    passed     99.07%
  85  KJ627274    1.15%    passed     98.91%
  86  KJ627256    1.16%    passed     99.51%
  87  KJ627370    1.17%    passed     99.08%
  88  KJ627374    1.16%    passed     99.63%
  89  KJ627373    1.20%    passed     99.82%
  90  KJ627316    1.22%    passed     96.62%
  91  KJ627313    1.16%    passed    100.00%
  92  KJ627322    1.16%    passed     99.82%
  93  KJ627300    1.16%    passed     99.69%
  94  KJ627346    1.16%    passed     99.19%
  95  KJ627369    1.17%    passed     99.34%
  96  KJ627329    1.17%    passed     99.99%
  97  KJ627289    1.17%    passed     97.28%
  98  KJ627366    2.22%    passed     95.90%
  99  KJ627334    1.16%    passed     99.99%
 100  KJ627266    1.15%    passed     99.64%
 101  KJ627344    1.17%    passed     99.96%
 102  KJ627291    1.22%    passed     99.86%
 103  KJ627352    1.17%    passed     99.60%
 104  KJ627275    1.16%    passed     98.95%
 105  KJ627253    2.15%    passed     99.66%
 106  KJ627371    1.16%    passed     99.93%
 107  KJ627298    1.16%    passed     99.98%
 108  KJ627367    1.17%    passed     99.36%
 109  KJ627343    1.16%    passed     99.44%
 110  KJ627261    1.17%    passed     99.08%
 111  KJ627315    1.17%    passed     99.72%
 112  KJ627353    1.17%    passed     97.21%
 113  KJ627333    1.16%    passed     99.99%
 114  KJ627250    1.17%    passed     98.30%
 115  KJ627309    1.16%    passed     99.12%
 116  KJ627321    1.17%    passed     96.69%
 117  KJ627283    1.16%    passed     98.05%
 118  KJ627258    1.16%    passed     99.86%
 119  KJ627358    1.26%    passed     99.96%
 120  KJ627276    1.17%    passed     95.50%
 121  KJ627282    1.17%    passed     94.82%
 122  KJ627307    1.16%    passed     99.66%
 123  KJ627290    1.16%    passed     98.69%
 124  KJ627263    1.16%    passed     99.99%
 125  KJ627297    2.00%    passed     99.88%
 126  KJ627260    1.17%    passed     97.56%
 127  KJ627314    1.17%    passed     97.28%
 128  KJ627355    1.16%    passed     97.91%
 129  KJ627308    1.16%    passed     99.58%
 130  KJ627246    1.99%    passed     98.77%
 131  KJ627248    1.18%    passed     94.81%
 132  KJ627271    1.17%    passed     96.57%
 133  KJ627281    1.17%    passed     99.37%
 134  KJ627279    2.07%    passed     99.91%
 135  KJ627311    1.18%    passed     97.66%
 136  KJ627328    1.18%    passed     99.37%
 137  KJ627295    1.16%    passed     99.19%
 138  KJ627354    1.17%    passed     99.17%
 139  KJ627360    1.16%    passed     99.93%
 140  KJ627257    1.16%    passed     98.48%
 141  KJ627273    1.16%    passed     99.99%
 142  KJ627320    1.17%    passed     98.17%
 143  KM578843    0.48%    passed     99.91%
 144  KP258700    1.17%    passed     99.39%
 145  KJ627255    1.19%    passed     94.81%
 146  KJ672478    1.16%    passed     99.14%
 147  KP258723    1.16%    passed     97.78%
 148  KP258697    1.16%    passed     98.41%
 149  KJ627336    1.17%    passed     98.09%
 150  JF920047    1.04%    passed     97.97%
 151  KJ627345    1.16%    passed     99.94%
 152  KJ723483    1.17%    passed     99.28%
 153  KJ627286    1.16%    passed     99.43%
 154  KJ939940    0.48%    passed     99.79%
 155  KJ723464    1.18%    passed     99.13%
 156  KC978856    0.89%    passed     96.84%
 157  KJ939950    0.48%    passed     99.07%
 158  KJ939964    0.48%    passed     99.75%
 159  KU316148    1.18%    passed     99.27%
 160  KJ939938    0.48%    passed     99.14%
 161  JX015486    0.49%    passed     95.85%
 162  KJ672482    1.16%    passed     99.23%
 163  KJ939963    0.48%    passed     99.73%
 164  JX015483    0.48%    passed     98.99%
 165  KP258743    1.17%    passed     99.80%
 166  KU316166    1.73%    passed     99.31%
 167  KJ672459    1.15%    passed     98.60%
 168  KJ672477    1.16%    passed     99.07%
 169  KJ672453    1.16%    passed     99.44%
 170  KJ939935    0.48%    passed     99.56%
 171  JF920062    1.04%    passed     99.68%
 172  KJ939958    0.60%    passed     99.31%
 173  KP258734    1.17%    passed     99.81%
 174  KU316141    1.18%    passed     98.09%
 175  KJ672455    1.16%    passed     99.00%
 176  JF920057    0.92%    passed     98.62%
 177  KJ672435    1.16%    passed     99.61%
 178  JX015499    0.50%    passed     96.77%
 179  KJ939949    0.48%    passed     99.56%
 180  JX015496    0.48%    passed     99.24%
 181  JX015489    0.48%    passed     98.84%
 182  JX015481    0.48%    passed     99.76%
 183  JF920065    0.89%    passed     99.68%
 184  JX015498    0.50%    passed     98.82%
 185  JX015482    1.03%    passed     99.69%
 186  JX015480    0.48%    passed     98.48%
 187  JX015495    0.48%    passed     98.98%
 188  KJ939946    0.48%    passed     98.99%
 189  KJ939937    0.48%    passed     99.14%
 190  KJ672456    1.16%    passed     99.39%
 191  KJ627648    0.81%    passed     96.49%
 192  KJ672484    1.16%    passed     99.30%
 193  KJ672427    1.16%    passed     98.95%
 194  KJ672439    1.16%    passed     98.82%
 195  KJ672431    1.16%    passed     99.31%
 196  KJ672450    1.16%    passed     99.53%
 197  KJ672463    1.16%    passed     99.44%
 198  KJ672443    1.16%    passed     99.36%
 199  KJ672434    1.16%    passed     99.39%
 200  KJ627647    0.92%    passed     97.89%
 201  KJ672460    1.16%    passed     99.39%
 202  KJ672426    1.16%    passed     99.12%
 203  KP258737    1.17%    passed     99.43%
 204  JF920051    1.07%    passed     99.70%
 205  JX015493    0.48%    passed     98.74%
 206  KJ672436    1.15%    passed     98.58%
 207  JF920054    1.19%    passed     99.24%
 208  JF920049    0.89%    passed     99.10%
 209  JF920053    1.22%    passed     99.44%
 210  JF920048    0.89%    passed     99.60%
 211  KP258733    1.16%    passed     99.05%
 212  JF920052    1.03%    passed     98.68%
 213  KJ939961    0.50%    passed     96.93%
 214  JF920046    0.93%    passed     97.94%
 215  KJ939959    0.61%    passed     99.66%
 216  JX015491    0.48%    passed     98.52%
 217  KJ939956    0.62%    passed     99.49%
 218  JX015479    0.48%    passed     99.38%
 219  KJ627284    1.17%    passed     96.98%
 220  JX015494    0.48%    passed     99.40%
 221  KM517572    0.48%    passed     98.24%
 222  KM042381    1.30%    passed     99.44%
 223  JX015490    0.48%    passed     98.95%
 224  JX015484    0.49%    passed     97.89%
 225  KJ939951    0.48%    passed     99.90%
 226  JX015497    0.48%    passed     99.92%
 227  JX015492    0.48%    passed     98.17%
 228  KJ939970    0.48%    passed     98.74%
 229  KJ939942    0.48%    passed     99.79%
 230  KU316131    1.16%    passed     97.70%
 231  KJ723492    1.18%    passed     99.72%
 232  KU316098    1.82%    passed     99.97%
 233  KU316167    1.17%    passed     99.39%
 234  KU316126    1.18%    passed     99.82%
 235  KU316091    2.06%    passed     96.56%
 236  KU316110    1.17%    passed     99.80%
 237  KU950546    0.77%    passed     99.42%
 238  KU950661    0.76%    passed     98.53%
 239  KU316118    1.19%    passed     99.90%
 240  KU950541    0.84%    passed     98.62%
 241  KU950469    0.77%    passed     99.28%
 242  KU950498    0.77%    passed     99.10%
 243  KU316092    1.16%    passed     98.44%
 244  KU316138    1.16%    passed     99.01%
 245  KU316139    2.15%    passed     99.28%
 246  KU950624    0.77%    passed     99.53%
 247  KU950634    1.47%    passed     99.75%
 248  KU950507    0.77%    passed     99.58%
 249  KU950646    0.77%    passed     99.08%
 250  KU950563    1.16%    passed     99.81%
 251  KU950620    0.86%    passed     99.17%
 252  KU950529    0.77%    passed     99.08%
 253  KU316125    2.15%    passed     99.88%
 254  KU950528    0.85%    passed     99.37%
 255  KU950579    0.77%    passed     99.08%
 256  KU950667    0.84%    passed     99.28%
 257  KU950538    0.79%    passed     98.98%
 258  KU950595    0.77%    passed     98.87%
 259  KU950573    1.95%    passed     99.79%
 260  KU950652    0.84%    passed     99.64%
 261  KU950536    0.78%    passed     99.17%
 262  KU950522    0.77%    passed     99.26%
 263  KU950554    1.16%    passed     99.36%
 264  KU950632    1.16%    passed     99.26%
 265  KU950658    1.28%    passed     99.73%
 266  KU950645    1.17%    passed     99.79%
 267  KX655616    1.17%    passed     99.78%
 268  KX655617    1.17%    passed     99.98%
 269  KX655619    1.60%    passed     99.86%
 270  KX655620    2.09%    passed     91.96%
 271  KX655618    1.16%    passed     99.94%
 272  KX655621    2.00%    passed     97.47%
 273  KX655623    1.89%    passed     98.65%
 274  KX655622    1.17%    passed     99.97%
 275  KX655632    1.20%    passed     99.84%
 276  KX655631    1.85%    passed     98.77%
 277  KX655627    1.30%    passed     99.96%
 278  KX765920    1.17%    passed     99.71%
 279  KX655635    1.90%    passed     99.79%
 280  KX655630    1.16%    passed     99.71%
 281  KX655628    1.17%    passed     99.93%
 282  KX655639    1.16%    passed     98.55%
 283  KX655647    1.18%    passed     99.89%
 284  KX655615    1.16%    passed     99.50%
 285  KX655637    1.17%    passed     99.93%
 286  KX655638    1.18%    passed     99.08%
 287  KX655636    1.93%    passed     96.86%
 288  KX655650    1.17%    passed     99.97%
 289  KX655643    1.77%    passed     99.60%
 290  KX655634    1.16%    passed     99.99%
 291  KX655652    1.16%    passed     99.43%
 292  KX655651    2.34%    passed     98.56%
 293  KX655659    0.79%    passed     99.84%
 294  KX655656    1.92%    passed     99.96%
 295  KX655662    1.16%    passed     99.87%
 296  KX655666    1.64%    passed     99.95%
 297  KX655658    1.20%    passed     99.88%
 298  KX655672    1.16%    passed     99.99%
 299  KX655663    2.36%    passed     96.91%
 300  KX655657    1.24%    passed     99.42%
 301  KX655673    1.17%    passed     99.96%
 302  KX655665    1.78%    passed     95.01%
 303  KX655670    2.23%    passed     98.36%
 304  KX655667    1.70%    passed     99.94%
 305  KX655676    1.20%    passed     99.97%
 306  KX655677    2.23%    passed     99.67%
 307  KX655687    2.01%    passed     96.97%
 308  KX655678    1.17%    passed     99.97%
 309  KX655680    1.21%    passed     99.97%
 310  KX655691    1.16%    passed     99.65%
 311  KX655697    1.16%    passed     99.98%
 312  KX655696    1.16%    passed     99.99%
 313  KX655689    2.20%    passed     96.56%
 314  KX655699    2.20%    passed     90.37%
 315  KX655682    1.98%    passed     97.31%
 316  KX655692    1.39%    passed    100.00%
 317  KX655695    2.12%    passed     88.52%
 318  KX765910    1.17%    passed     99.17%
 319  KX765896    1.17%    passed     98.75%
 320  KX765913    1.16%    passed     99.48%
 321  KX765901    1.99%    passed     99.95%
 322  KX765918    1.16%    passed     99.54%
 323  KY782635    0.48%    passed     97.89%
 324  MG642070    1.17%    passed     99.76%
 325  MG642063    1.16%    passed     99.85%
 326  KX655679    1.51%    passed     99.80%
 327  MG642071    1.16%    passed     98.93%
 328  KX765934    1.16%    passed     99.44%
 329  KX765928    0.78%    passed     99.58%
 330  KY460517    1.24%    passed     95.03%
 331  MG642033    1.17%    passed     97.56%
 332  MG642034    1.16%    passed     99.20%
 333  MG642050    1.16%    passed     97.85%
 334  MG642030    1.17%    passed     99.57%
 335  MG642056    1.16%    passed     99.69%
 336  KX765937    1.22%    passed     99.78%
 337  KX765942    0.77%    passed     99.13%
 338  MG642035    1.16%    passed     99.10%
 339  KX765953    1.16%    passed     99.74%
 340  KX765969    1.17%    passed     99.72%
 341  KX894796    1.15%    passed     98.58%
 342  KX765946    1.99%    passed     98.68%
 343  KX765958    1.22%    passed     99.98%
 344  MG431254    0.60%    passed     99.94%
 345  KX894802    0.82%    passed     99.10%
 346  MG431255    0.63%    passed     99.35%
 347  MF001043    1.05%    passed     99.15%
 348  MG642026    1.16%    passed     99.52%
 349  MF001047    1.24%    passed     99.14%
 350  MF001051    1.03%    passed     99.48%
 351  MF001050    0.93%    passed     99.79%
 352  MF001041    1.05%    passed     98.34%
 353  MF001052    0.91%    passed     99.56%
 354  MF001056    1.70%    passed     99.65%
 355  MF001053    1.30%    passed     99.98%
 356  MG642080    1.16%    passed     97.76%
 357  MG642081    1.16%    passed     99.65%
 358  MK167036    0.62%    passed     98.19%
 359  MK109763    1.21%    passed     99.95%
 360  MK109773    1.16%    passed    100.00%
 361  MK109774    1.17%    passed     99.98%
 362  MK109775    1.17%    passed     99.92%
 363  MF001054    1.03%    passed     99.91%
 364  MF001049    1.05%    passed     99.15%
 365  MK109777    2.00%    passed     96.39%
 366  MK109776    1.16%    passed     99.98%
 367  MG642077    1.17%    passed     98.52%
 368  MN630097    1.63%    passed     99.70%
 369  MN630107    4.90%    passed     82.24%
 370  MK109772    1.18%    passed     99.99%
 371  MK109785    1.17%    passed     99.95%
 372  MN630092    4.44%    passed     81.81%
 373  MK109787    0.82%    passed     99.80%
 374  OK649590    0.67%    passed     99.57%
 375  OK649597    0.61%    passed     96.29%
 376  OK649599    0.64%    passed     95.24%
 377  OK649598    0.66%    passed     99.20%
 378  OK649596    0.70%    passed     98.32%
 379  OK649601    0.61%    passed     97.54%
 380  OK649592    0.62%    passed     97.96%
 381  OK649605    0.66%    passed     99.38%
 382  OK649607    0.56%    passed     95.71%
 383  OK649600    0.67%    passed     98.00%
 384  OK649603    0.71%    passed     99.37%
 385  OK649602    0.56%    passed     96.69%
 386  OK649604    0.67%    passed     99.09%
 387  OK649610    0.50%    passed     99.64%
 388  OK649611    0.72%    passed     96.86%
 389  OK649613    0.82%    passed     99.06%
 390  OK649609    0.79%    passed     98.28%
 391  OK649616    0.56%    passed     97.47%
 392  OK649612    0.63%    passed     98.67%
 393  OK649615    0.67%    passed     96.76%
 394  OK649620    0.71%    passed     96.37%
 395  OK649618    0.69%    passed     97.87%
 396  OK649621    0.70%    passed     97.85%
 397  OK649623    0.69%    passed     98.67%
 398  OK649624    0.66%    passed     98.23%
 399  OK649625    0.62%    passed     97.90%
 400  OK649614    0.77%    passed     98.39%
 401  OK649619    0.67%    passed     96.37%
 402  OK649627    0.75%    passed     98.85%
 403  OK649622    0.79%    passed     96.47%
 404  OK649632    0.73%    passed     97.83%
 405  OK649626    0.71%    passed     98.87%
 406  OK649634    0.59%    passed     98.37%
 407  OK649628    0.63%    passed     98.50%
 408  OK649631    0.82%    passed     96.09%
 409  OK649636    0.66%    passed     99.89%
 410  OK649629    0.63%    passed     96.68%
 411  OK649630    0.84%    passed     96.04%
 412  OK649639    0.86%    passed     98.58%
 413  OK649641    0.69%    passed     99.74%
 414  OK649643    0.64%    passed     98.96%
 415  OK649638    0.68%    passed     98.23%
 416  OK649633    0.66%    passed     96.52%
 417  OK649644    0.67%    passed     98.88%
 418  OK649640    0.63%    passed     99.06%
 419  OK649645    0.58%    passed     99.63%
 420  OK649648    0.54%    passed     99.80%
 421  OK649647    0.60%    passed     98.82%
 422  OK649650    0.83%    passed     98.14%
 423  OK649651    1.04%    passed     99.49%
 424  OK649642    0.68%    passed     97.59%
 425  OK649655    0.69%    passed     97.14%
 426  OK649657    0.89%    passed     98.27%
 427  OK649654    0.68%    passed     96.89%
 428  OK649652    0.62%    passed     99.99%
 429  OK649659    0.74%    passed     99.58%
 430  OK649663    0.78%    passed     97.83%
 431  OK649662    0.71%    passed     99.42%
 432  OK649660    0.73%    passed     93.26%
 433  OK649667    0.71%    passed     98.49%
 434  OK649661    0.84%    passed     99.89%
 435  OK649664    0.81%    passed     99.83%
 436  OK649658    0.67%    passed     99.61%
 437  OK649669    0.74%    passed     99.54%
 438  OK649665    0.73%    passed     99.68%
 439  OK649666    0.70%    passed     99.52%
 440  OK649678    0.69%    passed     99.84%
 441  OK649679    0.69%    passed     94.55%
 442  KM042386    0.68%    passed     99.88%
 443  KJ627264    0.68%    passed     99.84%
 444  KM042391    0.80%    passed     99.88%
 445  KJ672465    0.68%    passed     99.77%
 446  KJ672441    0.68%    passed     99.78%
 447  KJ672467    0.69%    passed     99.92%
 448  KJ672469    0.68%    passed     99.96%
 449  KJ672470    0.68%    passed     99.83%
 450  KJ672428    0.69%    passed     99.88%
 451  KC731482    0.30%    passed     99.30%
 452  KJ672433    0.68%    passed     99.92%
 453  KJ672466    0.68%    passed     99.83%
 454  KT285064    0.09%    passed     98.04%
 455  KU950531    0.37%    passed     99.99%
 456  KJ672448    0.69%    passed     99.84%
 457  JX627336    0.01%    passed     99.65%
 458  KJ672452    0.68%    passed     99.66%
 459  KJ672475    0.68%    passed     99.96%
 460  KJ672464    0.68%    passed     99.87%
 461  KU950505    0.29%    passed     99.98%
 462  KJ672432    0.69%    passed     99.79%
 463  KJ672424    0.68%    passed     99.86%
 464  KJ672444    0.69%    passed     99.62%
 465  KJ672458    0.69%    passed     99.90%
 466  KJ672449    0.68%    passed     99.97%
 467  KJ672429    0.69%    passed     99.66%
 468  KJ672471    0.69%    passed     99.97%
 469  KJ672437    0.69%    passed     99.77%
 470  KJ672454    0.69%    passed     99.66%
 471  KJ672461    0.68%    passed     99.86%
 472  KJ672472    0.68%    passed     99.84%
 473  KM042390    0.69%    passed     99.59%
 474  KM042388    0.68%    passed     99.93%
 475  KJ672440    0.69%    passed     99.98%
 476  KJ672457    0.69%    passed     99.74%
 477  KJ672468    0.69%    passed     99.83%
 478  KM042392    0.68%    passed     99.97%
 479  KJ672480    0.82%    passed     99.78%
 480  KM042383    0.68%    passed     99.79%
 481  KU839637    0.68%    passed     99.98%
 482  KM042389    0.97%    passed     99.82%
 483  KU950590    0.29%    passed     99.98%
 484  KU950524    0.29%    passed     99.68%
 485  KU950557    0.34%    passed     99.99%
 486  KU839631    0.69%    passed     99.95%
 487  KU950683    0.29%    passed    100.00%
 488  KU950513    1.44%    passed     95.44%
 489  KU950567    0.29%    passed     99.94%
 490  KU950506    0.49%    passed     99.82%
 491  KU950636    0.30%    passed     99.99%
 492  KU950628    0.37%    passed     99.96%
 493  KU950644    1.23%    passed     98.12%
 494  KU950643    0.31%    passed    100.00%
 495  KU839630    0.69%    passed     99.95%
 496  KU950485    0.30%    passed     99.89%
 497  KU950654    0.29%    passed     99.83%
 498  KU950698    0.29%    passed     99.99%
 499  KU950475    0.29%    passed     99.93%
 500  KU950491    1.73%    passed     98.82%
 501  KU950518    0.31%    passed     99.99%
 502  KU950642    0.37%    passed     99.91%
 503  KU950472    1.06%    passed     99.52%
 504  KU950464    0.29%    passed     99.98%
 505  KU950696    0.29%    passed     99.89%
 506  KU950474    0.29%    passed     99.87%
 507  KU950511    0.28%    passed     99.88%
 508  KU950519    0.31%    passed     99.99%
 509  KU950677    0.29%    passed     99.95%
 510  KU950666    1.41%    passed     99.10%
 511  KU950483    0.39%    passed     99.79%
 512  KU950615    0.35%    passed     99.31%
 513  KU950655    0.29%    passed     99.89%
 514  KU950456    0.30%    passed     99.99%
 515  KU950499    1.49%    passed     95.11%
 516  KU950480    0.31%    passed     99.86%
 517  KU839639    0.69%    passed     99.94%
 518  KU950680    0.34%    passed     99.91%
 519  KU950540    0.34%    passed     99.98%
 520  KU950617    0.40%    passed     99.86%
 521  KU950651    0.29%    passed     99.93%
 522  KU950670    0.62%    passed     99.63%
 523  KU950671    0.43%    passed     99.78%
 524  KU950493    0.39%    passed     99.96%
 525  KU950639    0.29%    passed     99.99%
 526  KU950627    0.32%    passed    100.00%
 527  KU839624    0.69%    passed     99.92%
 528  KU950585    0.39%    passed     99.85%
 529  KU950523    0.34%    passed    100.00%
 530  KU950455    0.39%    passed    100.00%
 531  KU950560    1.20%    passed     97.73%
 532  KU950521    0.41%    passed     99.61%
 533  KU950694    0.37%    passed     99.93%
 534  KU950608    1.45%    passed     96.61%
 535  KU950486    0.30%    passed     99.97%
 536  KU950664    0.32%    passed     99.97%
 537  KU950685    0.31%    passed     99.99%
 538  KU950673    0.43%    passed     99.97%
 539  KU950686    0.30%    passed     99.98%
 540  KU950544    0.29%    passed     99.97%
 541  KU950556    0.73%    passed     99.98%
 542  KU950520    0.66%    passed     99.65%
 543  KU950509    0.28%    passed     99.92%
 544  KU950623    0.29%    passed     99.97%
 545  KU839626    0.69%    passed     99.94%
 546  KU950537    0.30%    passed     99.98%
 547  KU950692    0.31%    passed     99.85%
 548  KU950631    0.29%    passed     99.48%
 549  KU950610    0.30%    passed     99.92%
 550  KU950502    0.38%    passed     99.95%
 551  KU950550    0.31%    passed    100.00%
 552  KU950598    0.37%    passed     99.72%
 553  KU950583    0.37%    passed     99.98%
 554  KU950549    0.31%    passed     99.98%
 555  KU950470    0.38%    passed     99.82%
 556  KU950638    0.29%    passed     99.92%
 557  KU950674    0.29%    passed     99.88%
 558  KU950527    0.96%    passed     99.96%
 559  KU950650    0.29%    passed     99.99%
 560  MN306045    0.64%    passed     99.36%
 561  MN306029    0.58%    passed     99.91%
 562  MN306030    1.10%    passed     92.56%
 563  KU950459    1.03%    passed     99.29%
 564  KU950581    0.30%    passed     99.96%
 565  KU950596    0.32%    passed     99.98%
 566  MN306048    0.29%    passed     99.52%
 567  KX655626    1.75%    passed     96.78%
 568  MN306017    0.12%    passed     99.83%
 569  MN306021    1.19%    passed     99.02%
 570  KX655640    0.75%    passed     97.28%
 571  KX655644    0.38%    passed     99.24%
 572  MN306031    0.49%    passed     88.78%
 573  KX765904    0.35%    passed     99.80%
 574  KX765886    0.35%    passed     99.70%
 575  KX765887    0.35%    passed     99.72%
 576  KX765898    0.35%    passed     99.73%
 577  KX765902    0.36%    passed     99.84%
 578  KX765917    0.34%    passed     99.65%
 579  KX765919    0.35%    passed     99.80%
 580  KX765914    0.35%    passed     99.83%
 581  KX765915    0.34%    passed     99.81%
 582  KX765916    0.34%    passed     99.86%
 583  KY982516    0.39%    passed     99.89%
 584  KX765925    0.34%    passed     99.90%
 585  KY982517    0.36%    passed     99.97%
 586  KX765926    0.34%    passed     99.83%
 587  KX765932    0.35%    passed     99.72%
 588  KX765974    0.35%    passed     99.76%
 589  KX765971    0.35%    passed     99.82%
 590  KX765972    0.35%    passed     99.80%
 591  KX765977    0.34%    passed     99.78%
 592  KX765941    0.34%    passed     99.89%
 593  KX765950    0.35%    passed     99.74%
 594  KX765954    0.69%    passed     99.54%
 595  KX765940    0.35%    passed     99.65%
 596  KX765955    0.35%    passed     99.80%
 597  KX765939    0.35%    passed     99.80%
 598  KX765948    0.35%    passed     99.72%
 599  KX765944    0.34%    passed     99.91%
 600  KX765951    0.35%    passed     99.85%
 601  KX894797    0.68%    passed     99.96%
 602  KX894799    0.69%    passed     99.84%
 603  KX765956    0.35%    passed     99.69%
 604  KX894804    0.68%    passed     99.83%
 605  KX765970    0.34%    passed     99.89%
 606  KX894805    0.68%    passed     99.90%
 607  KX894806    0.69%    passed     99.84%
 608  KY883567    0.75%    passed     99.38%
 609  KY883566    0.39%    passed     99.84%
 610  MK749886    1.19%    passed     98.67%
 611  MK749895    1.20%    passed     99.99%
 612  MK749867    1.19%    passed     98.27%
 613  MK749893    1.19%    passed     98.25%
 614  KX894803    0.35%    passed     99.84%
 615  MF614946    0.30%    passed     99.87%
 616  MK749884    1.19%    passed     99.23%
 617  MH447952    1.09%    passed     97.02%
 618  MH447951    0.38%    passed     99.91%
 619  MH290724    0.36%    passed     99.79%
 620  MK749890    1.20%    passed     98.98%
 621  MF614947    0.27%    passed     99.96%
 622  MH447957    0.45%    passed     99.40%
 623  MH447956    0.37%    passed     99.89%
 624  MH447954    0.40%    passed     99.88%
 625  MH447959    0.37%    passed     99.82%
 626  LC474557    0.31%    passed     99.76%
 627  LC474556    0.32%    passed     99.01%
 628  LC474558    0.31%    passed     99.90%
 629  MH447953    0.46%    passed     99.88%
 630  MH447958    0.43%    passed     99.68%
 631  MK749913    1.13%    passed     99.31%
 632  MH447960    0.37%    passed     99.95%
 633  MH447955    0.35%    passed     99.80%
 634  MG793382    0.29%    passed     99.93%
 635  MK749911    1.21%    passed     99.51%
 636  MG839543    0.41%    passed     99.98%
 637  MN630089    0.49%    passed     99.66%
 638  MN630098    1.23%    passed     98.59%
 639  MK749909    1.19%    passed     99.97%
 640  MK749912    1.20%    passed     98.19%
 641  MN630101    2.79%    passed     78.10%
 642  MN630102    1.64%    passed     93.75%
 643  MK749917    1.19%    passed     99.30%
 644  MN630088    0.58%    passed     99.56%
 645  MN630090    0.67%    passed     99.82%
 646  MN630105    2.07%    passed     91.28%
 647  MN630093    0.66%    passed     99.79%
 648  MN630096    0.89%    passed     99.48%
 649  MN630099    0.62%    passed     99.81%
 650  MG813978    1.30%    passed     95.40%
 651  MG813982    1.60%    passed     98.51%
 652  MN630100    0.27%    passed     99.40%
 653  MN630104    0.25%    passed     99.97%
 654  MG813980    1.30%    passed     98.71%
 655  MG813977    1.32%    passed     97.20%
 656  MN630103    2.93%    passed     92.82%
 657  MG813987    1.77%    passed     98.64%
 658  MG813979    1.30%    passed     95.40%
 659  MG813981    1.30%    passed     98.71%
 660  MG813984    1.29%    passed     99.06%
 661  MG813985    1.29%    passed     99.06%
 662  MG813983    1.30%    passed     98.36%
 663  MG813988    1.32%    passed     98.68%
 664  MG813986    1.57%    passed     99.71%
 665  MG813990    1.29%    passed     98.69%
 666  MG813991    1.29%    passed     98.69%
 667  MT422270    2.08%    passed     99.41%
 668  MG813992    1.33%    passed     97.33%
 669  MG813993    1.30%    passed     96.77%
 670  MW020596    0.45%    passed     99.85%
 671  MW020597    0.46%    passed     99.99%
 672  MN531557    2.45%    passed     94.34%
 673  MN630106    0.77%    passed     99.77%
 674  MW020598    0.46%    passed     99.89%
 675  LC530050    0.29%    passed     99.93%
 676  MW020599    0.44%    passed     99.72%
 677  MT422269    2.26%    passed     97.55%
 678  MT422272    2.08%    passed     91.51%
 679  MT422271    2.08%    passed     91.51%
 680  MT422273    2.12%    passed     92.08%
 681  MW033958    0.07%    passed     99.97%
 682  MW160747    0.39%    passed     99.74%
 683  MW582528    0.00%    passed     99.74%
 684  MW160753    0.40%    passed     98.63%
 685  MW160749    0.39%    passed     99.97%
 686  MW160762    0.39%    passed     96.92%
 687  MT506703    0.87%    passed     99.62%
 688  MW160754    0.43%    passed     99.98%
 689  MW160758    0.39%    passed     99.98%
 690  MW160759    0.43%    passed     99.93%
 691  MW160756    0.39%    passed     99.49%
 692  MW160766    0.39%    passed     99.29%
 693  MW160764    0.63%    passed     99.98%
 694  MW160761    0.39%    passed    100.00%
 695  MW160767    0.40%    passed    100.00%
 696  MW160778    1.45%    passed     98.33%
 697  MW160768    0.39%    passed     99.81%
 698  MW160782    1.34%    passed     99.29%
 699  MW160783    0.39%    passed     99.81%
 700  MW160772    0.39%    passed    100.00%
 701  MW160771    0.49%    passed     99.90%
 702  MW160773    0.39%    passed     99.94%
 703  MW160774    0.39%    passed     99.01%
 704  MW160779    0.62%    passed     99.87%
 705  MW160776    0.39%    passed     99.88%
 706  MW160785    0.39%    passed     98.85%
 707  MW160795    0.39%    passed     99.85%
 708  MW160787    0.39%    passed     99.99%
 709  MW160820    1.43%    passed     88.93%
 710  MW160797    0.39%    passed     99.99%
 711  MW160801    0.39%    passed     99.96%
 712  MW160803    0.39%    passed     99.97%
 713  MW160799    0.39%    passed     99.99%
 714  MW160809    0.40%    passed     98.43%
 715  MW160819    0.39%    passed     92.03%
 716  MW160807    0.40%    passed     99.98%
 717  MW160824    0.39%    passed     99.35%
 718  MW160822    0.39%    passed     99.88%
 719  MW160825    0.39%    passed     99.88%
 720  MW160830    0.39%    passed     99.99%
 721  MW160827    0.43%    passed     99.09%
 722  MW160828    0.41%    passed     99.36%
 723  MZ515645    0.01%    passed     98.50%
 724  MZ515643    0.01%    passed     99.27%
 725  MZ515646    0.08%    passed     99.70%
 726  MZ515647    0.00%    passed     99.20%
 727  MZ515649    0.01%    passed     99.52%
 728  MZ515652    0.03%    passed     99.72%
 729  MZ515650    0.00%    passed     99.55%
 730  MZ515651    0.01%    passed     99.38%
 731  MZ515679    0.00%    passed     99.86%
 732  MZ515655    0.00%    passed     99.55%
 733  MZ515666    0.01%    passed     99.96%
 734  MZ515668    0.00%    passed     99.97%
 735  MZ515687    0.01%    passed     99.07%
 736  MZ515685    0.01%    passed     99.78%
 737  MZ515681    0.01%    passed     99.91%
 738  MZ515682    0.01%    passed     99.88%
 739  MZ515680    0.01%    passed     99.27%
 740  MZ515688    0.03%    passed     97.51%
 741  MZ515689    0.01%    passed     99.55%
 742  MZ515690    0.12%    passed     99.88%
 743  MZ516055    0.02%    passed     99.86%
 744  MZ516057    0.03%    passed     99.73%
 745  MZ515692    0.01%    passed     99.97%
 746  MZ516058    0.03%    passed     99.99%
 747  MZ516053    0.03%    passed     99.94%
 748  MZ516063    0.00%    passed     99.14%
 749  MZ516066    0.02%    passed     99.51%
 750  MZ516068    0.01%    passed     99.23%
 751  MZ516067    0.00%    passed     99.14%
 752  MZ516071    0.04%    passed     97.68%
 753  MZ516075    0.02%    passed     98.15%
 754  MZ516072    0.00%    passed     99.58%
 755  MZ516073    0.01%    passed     99.96%
 756  MZ516074    0.01%    passed     99.78%
 757  MZ516076    0.00%    passed     99.92%
 758  MZ516080    0.01%    passed     99.73%
 759  MZ516077    0.02%    passed     99.60%
 760  MZ516096    0.54%    passed     99.88%
 761  MZ516090    0.01%    passed     97.34%
 762  MZ516097    0.36%    passed     97.78%
 763  MZ516086    0.01%    passed     99.97%
 764  MZ516087    0.03%    passed     99.63%
 765  MZ516092    0.00%    passed     99.81%
 766  MZ516088    0.03%    passed     99.52%
 767  MZ516093    0.03%    passed     99.83%
 768  MZ516110    0.03%    passed     99.59%
 769  MZ516117    0.10%    passed     97.92%
 770  MZ516100    0.01%    passed     99.93%
 771  MZ516108    0.04%    passed     99.93%
 772  MZ516103    0.09%    passed     99.70%
 773  MZ516111    0.01%    passed     99.97%
 774  MZ516112    0.00%    passed     99.05%
 775  MZ516118    0.03%    passed     99.82%
 776  MZ516134    0.01%    passed     99.94%
 777  MZ516120    0.01%    passed     98.34%
 778  MZ516129    0.03%    passed     99.46%
 779  MZ516132    0.03%    passed     99.68%
 780  MZ516005    1.49%    passed     99.39%
 781  MZ515998    0.10%    passed     99.91%
 782  MZ515999    0.54%    passed     99.81%
 783  MZ516137    0.01%    passed     99.87%
 784  MZ516130    0.05%    passed     99.33%
 785  MZ516002    0.01%    passed     99.28%
 786  MZ516000    0.03%    passed     97.82%
 787  MZ516007    0.05%    passed     97.69%
 788  MZ516004    5.48%    passed     70.94%
 789  MZ516019    1.55%    passed     98.18%
 790  MZ516008    0.01%    passed     97.41%
 791  MZ516010    0.36%    passed     99.34%
 792  MZ516011    0.01%    passed     97.46%
 793  MZ516012    0.03%    passed     97.58%
 794  MZ516014    0.01%    passed     98.34%
 795  MZ516026    0.02%    passed     99.73%
 796  MZ516015    0.01%    passed     99.96%
 797  MZ516017    0.01%    passed     99.97%
 798  MZ516024    0.01%    passed     99.87%
 799  MZ516027    0.00%    passed     99.49%
 800  MZ516023    0.01%    passed     99.97%
 801  MZ516028    0.03%    passed     99.60%
 802  MZ516029    0.01%    passed     97.04%
 803  MZ516033    0.01%    passed     98.10%
 804  MZ516038    0.01%    passed     99.57%
 805  MZ516039    0.00%    passed     99.71%
 806  MZ516031    0.04%    passed     97.68%
 807  MZ516040    0.03%    passed     99.04%
 808  MZ516043    0.02%    passed     99.86%
 809  MZ516044    0.02%    passed     99.73%
 810  MZ515555    0.00%    passed     99.91%
 811  MZ516047    0.02%    passed     99.51%
 812  MZ516052    0.02%    passed     99.77%
 813  MZ515559    0.03%    passed     99.98%
 814  MZ515567    0.03%    passed     97.17%
 815  MZ515568    0.01%    passed     99.74%
 816  MZ515566    0.00%    passed     98.68%
 817  MZ515569    0.02%    passed     99.86%
 818  MZ515564    0.39%    passed     99.38%
 819  MZ515571    0.01%    passed     98.09%
 820  MZ515570    0.04%    passed     99.41%
 821  MZ515573    0.01%    passed     97.60%
 822  MZ515572    0.37%    passed     99.94%
 823  MZ515576    0.03%    passed     99.28%
 824  MZ515575    0.02%    passed     99.88%
 825  MZ515593    0.58%    passed     99.75%
 826  MZ515580    0.03%    passed     99.62%
 827  MZ515585    0.02%    passed     98.15%
 828  MZ515583    0.01%    passed     96.54%
 829  MZ515579    0.04%    passed     98.34%
 830  MZ515592    0.01%    passed     99.89%
 831  MZ515597    0.03%    passed     99.95%
 832  MZ515588    0.08%    passed     99.57%
 833  MZ515609    0.02%    passed     99.71%
 834  MZ515600    0.02%    passed     99.72%
 835  MZ515614    0.01%    passed     98.19%
 836  MZ515606    0.07%    passed     98.33%
 837  MZ515617    0.00%    passed     99.14%
 838  MZ515616    0.01%    passed     99.78%
 839  MZ515619    0.00%    passed     99.52%
 840  MZ515620    0.02%    passed     99.82%
 841  MZ515626    0.47%    passed     99.95%
 842  MZ515623    0.01%    passed     99.84%
 843  MZ515633    0.02%    passed     99.81%
 844  MZ515629    0.26%    passed     99.92%
 845  MZ515631    0.01%    passed     99.05%
 846  MZ515634    0.00%    passed     98.17%
 847  MZ515628    0.01%    passed     99.94%
 848  MZ515632    0.03%    passed     99.60%
 849  MZ515641    0.03%    passed     99.80%
 850  MZ515640    0.01%    passed     97.09%
 851  MZ515695    0.05%    passed     99.97%
 852  MZ515696    0.01%    passed     99.64%
 853  MZ515693    0.01%    passed     99.93%
 854  MZ515701    0.03%    passed     99.50%
 855  MZ515706    0.01%    passed     98.48%
 856  MZ515703    0.03%    passed     99.37%
 857  MZ515700    0.01%    passed     99.74%
 858  MZ515709    0.03%    passed     99.58%
 859  MZ515717    0.01%    passed     99.78%
 860  MZ515720    0.03%    passed     99.58%
 861  MZ515718    0.03%    passed     99.47%
 862  MZ515735    0.00%    passed     99.80%
 863  MZ515723    0.00%    passed     99.93%
 864  MZ515731    0.03%    passed     99.57%
 865  MZ515734    3.12%    passed     96.19%
 866  MZ515740    0.02%    passed     99.54%
 867  MZ515737    0.16%    passed     98.60%
 868  MZ515744    0.01%    passed     98.81%
 869  MZ515749    0.03%    passed     96.39%
 870  MZ515768    1.17%    passed     98.84%
 871  MZ515758    0.04%    passed     99.59%
 872  MZ515755    0.03%    passed     99.78%
 873  MZ515752    0.00%    passed     99.95%
 874  MZ515766    0.03%    passed     99.58%
 875  MZ515760    1.34%    passed     98.26%
 876  MZ515772    0.03%    passed     99.73%
 877  MZ515777    0.01%    passed     98.65%
 878  MZ515781    0.02%    passed     99.81%
 879  MZ515773    0.01%    passed     98.34%
 880  MZ515782    0.01%    passed     96.93%
 881  MZ515784    0.01%    passed     99.07%
 882  MZ515780    0.01%    passed     99.96%
 883  MZ515789    0.03%    passed     99.93%
 884  MZ515790    0.01%    passed     99.67%
 885  MZ515800    0.01%    passed     99.81%
 886  MZ515795    1.11%    passed     99.65%
 887  MZ515801    0.01%    passed     99.55%
 888  MZ515797    0.22%    passed     99.48%
 889  MZ515802    0.04%    passed     99.78%
 890  MZ515803    0.01%    passed     99.27%
 891  MZ515825    0.03%    passed     99.20%
 892  MZ515804    0.00%    passed     99.80%
 893  MZ515811    0.01%    passed     99.17%
 894  MZ515819    0.00%    passed     99.79%
 895  MZ515821    0.07%    passed     99.37%
 896  MZ515828    0.00%    passed     99.74%
 897  MZ515814    0.03%    passed     99.81%
 898  MZ515833    0.03%    passed     99.71%
 899  MZ515842    0.01%    passed     99.21%
 900  MZ515851    0.00%    passed     99.77%
 901  MZ515835    0.03%    passed     99.94%
 902  MZ515841    0.01%    passed     99.13%
 903  MZ515834    0.01%    passed     99.96%
 904  MZ515840    0.02%    passed     99.68%
 905  MZ515848    0.01%    passed     99.87%
 906  MZ515852    0.02%    passed     99.81%
 907  MZ515847    0.01%    passed     99.68%
 908  MZ515850    0.02%    passed     99.77%
 909  MZ515859    0.03%    passed     99.46%
 910  MZ515853    0.00%    passed     99.79%
 911  MZ515860    0.01%    passed     96.95%
 912  MZ515861    0.21%    passed     99.84%
 913  MZ515854    0.00%    passed     99.59%
 914  MZ515864    0.01%    passed     99.96%
 915  MZ515878    0.94%    passed     97.32%
 916  MZ515866    0.05%    passed     99.44%
 917  MZ515870    0.02%    passed     99.83%
 918  MZ515862    0.05%    passed     99.84%
 919  MZ515877    0.01%    passed     99.48%
 920  MZ515873    0.02%    passed     98.15%
 921  MZ515880    0.03%    passed     99.66%
 922  MZ515882    0.00%    passed     99.82%
 923  MZ515884    0.01%    passed     99.89%
 924  MZ515891    0.00%    passed     99.81%
 925  MZ515888    2.22%    passed     99.92%
 926  MZ515901    0.00%    passed     99.65%
 927  MZ515887    0.00%    passed     99.53%
 928  MZ515898    0.03%    passed     99.36%
 929  MZ515907    0.01%    passed     98.76%
 930  MZ515902    0.02%    passed     99.68%
 931  MZ515905    0.03%    passed     99.91%
 932  MZ515909    0.03%    passed     99.83%
 933  MZ515910    0.00%    passed     99.88%
 934  MZ515908    0.03%    passed     99.78%
 935  MZ515913    0.03%    passed     99.51%
 936  MZ515911    0.01%    passed     98.76%
 937  MZ515922    0.00%    passed     99.79%
 938  MZ515921    0.03%    passed     99.70%
 939  MZ515923    0.00%    passed     99.83%
 940  MZ515927    0.00%    passed     99.81%
 941  MZ515928    0.00%    passed     99.90%
 942  MZ515929    0.01%    passed     99.35%
 943  MZ515933    0.01%    passed     99.68%
 944  MZ515931    0.02%    passed     99.69%
 945  MZ515939    0.05%    passed     99.58%
 946  MZ515954    0.00%    passed     99.14%
 947  MZ515942    0.00%    passed     99.97%
 948  MZ515948    0.03%    passed     97.64%
 949  MZ515941    0.01%    passed     99.02%
 950  MZ515940    0.01%    passed     97.09%
 951  MZ515945    0.04%    passed     99.14%
 952  MZ515956    0.02%    passed     99.68%
 953  MZ515943    0.04%    passed     98.34%
 954  MZ515951    0.01%    passed     99.58%
 955  MZ515962    0.02%    passed     99.81%
 956  MZ515957    0.24%    passed     99.67%
 957  MZ515961    0.01%    passed     97.91%
 958  MZ515963    0.01%    passed     99.17%
 959  MZ515967    0.02%    passed     99.61%
 960  MZ515959    0.02%    passed     99.72%
 961  MZ515964    0.00%    passed     99.20%
 962  MZ515966    0.01%    passed     99.35%
 963  MZ515969    0.01%    passed     98.98%
 964  MZ515986    0.01%    passed     97.04%
 965  MZ515980    0.43%    passed     99.70%
 966  MZ515985    0.03%    passed     99.79%
 967  MZ515971    0.01%    passed     99.87%
 968  MZ515993    0.01%    passed     99.96%
 969  MZ515973    0.03%    passed     99.78%
 970  MZ515989    0.01%    passed     99.78%
 971  MZ515992    0.03%    passed     99.78%
 972  MZ515984    0.02%    passed     98.28%
 973  MZ151855    2.08%    passed     86.74%
 974  MZ515987    0.02%    passed     98.22%
 975  MZ151852    2.08%    passed     98.82%
 976  OK649682    0.23%    passed     99.88%
 977  MZ151854    2.08%    passed     86.74%
 978  OK649681    0.34%    passed     99.98%
 979  OK649684    0.18%    passed     99.87%
 980  OK649683    0.24%    passed     99.96%
****  TOTAL       0.69%  0 sequences failed composition chi2 test (p-value<5%; df=3)
NOTE: KJ627245 is identical to KJ627301 but kept for subsequent analysis
NOTE: KJ627346 is identical to KJ627326 but kept for subsequent analysis
NOTE: KJ627263 is identical to KJ627334 but kept for subsequent analysis
NOTE: KJ672460 is identical to KJ672456 but kept for subsequent analysis
NOTE: KX894796 is identical to KJ672436 but kept for subsequent analysis
NOTE: KJ672466 is identical to KJ672470 but kept for subsequent analysis
NOTE: KX894806 is identical to KJ672448 but kept for subsequent analysis
NOTE: KJ672461 is identical to KJ672424 but kept for subsequent analysis
NOTE: KJ672454 is identical to KJ672429 but kept for subsequent analysis
NOTE: KU950537 is identical to KU950686 but kept for subsequent analysis
NOTE: LC530050 is identical to MG793382 but kept for subsequent analysis
NOTE: MG813979 is identical to MG813978 but kept for subsequent analysis
NOTE: MG813981 is identical to MG813980 but kept for subsequent analysis
NOTE: MG813985 is identical to MG813984 but kept for subsequent analysis
NOTE: MG813991 is identical to MG813990 but kept for subsequent analysis
NOTE: MT422271 is identical to MT422272 but kept for subsequent analysis
NOTE: MZ515680 is identical to MZ515643 but kept for subsequent analysis
NOTE: MZ515964 is identical to MZ515647 but kept for subsequent analysis
NOTE: MZ515655 is identical to MZ515650 but kept for subsequent analysis
NOTE: MZ515993 is identical to MZ515666 but kept for subsequent analysis
NOTE: MZ515942 is identical to MZ515668 but kept for subsequent analysis
NOTE: MZ515784 is identical to MZ515687 but kept for subsequent analysis
NOTE: MZ516074 is identical to MZ515685 but kept for subsequent analysis
NOTE: MZ516111 is identical to MZ515692 but kept for subsequent analysis
NOTE: MZ516067 is identical to MZ516063 but kept for subsequent analysis
NOTE: MZ516047 is identical to MZ516066 but kept for subsequent analysis
NOTE: MZ516031 is identical to MZ516071 but kept for subsequent analysis
NOTE: MZ515585 is identical to MZ516075 but kept for subsequent analysis
NOTE: MZ516017 is identical to MZ516086 but kept for subsequent analysis
NOTE: MZ515891 is identical to MZ516092 but kept for subsequent analysis
NOTE: MZ515693 is identical to MZ516100 but kept for subsequent analysis
NOTE: MZ516014 is identical to MZ516120 but kept for subsequent analysis
NOTE: MZ515864 is identical to MZ516015 but kept for subsequent analysis
NOTE: MZ515986 is identical to MZ516029 but kept for subsequent analysis
NOTE: MZ515700 is identical to MZ515568 but kept for subsequent analysis
NOTE: MZ515943 is identical to MZ515579 but kept for subsequent analysis
NOTE: MZ515959 is identical to MZ515600 but kept for subsequent analysis
NOTE: MZ515781 is identical to MZ515633 but kept for subsequent analysis
NOTE: MZ515940 is identical to MZ515640 but kept for subsequent analysis
NOTE: MZ515720 is identical to MZ515709 but kept for subsequent analysis
NOTE: MZ515804 is identical to MZ515735 but kept for subsequent analysis
NOTE: MZ515908 is identical to MZ515755 but kept for subsequent analysis
NOTE: MZ515853 is identical to MZ515819 but kept for subsequent analysis
NOTE: MZ515933 is identical to MZ515847 but kept for subsequent analysis
NOTE: MZ151854 is identical to MZ151855 but kept for subsequent analysis
Checking for duplicate sequences: done in 0.045193 secs using 97.89% CPU
Identifying sites to remove: done in 0.0788269 secs using 92.73% CPU
NOTE: 10 identical sequences (see below) will be ignored for subsequent analysis
NOTE: KJ627295 (identical to KJ627326) is ignored but added at the end
NOTE: KX894804 (identical to KJ672470) is ignored but added at the end
NOTE: MZ515803 (identical to MZ515643) is ignored but added at the end
NOTE: MZ515989 (identical to MZ515685) is ignored but added at the end
NOTE: MZ515617 (identical to MZ516063) is ignored but added at the end
NOTE: MZ515954 (identical to MZ516063) is ignored but added at the end
NOTE: MZ515873 (identical to MZ516075) is ignored but added at the end
NOTE: MZ515927 (identical to MZ516092) is ignored but added at the end
NOTE: MZ515962 (identical to MZ515633) is ignored but added at the end
NOTE: MZ515922 (identical to MZ515819) is ignored but added at the end
Alignment was printed to data/aligned_A1_all-delim.fasta.uniqueseq.phy

For your convenience alignment with unique sequences printed to data/aligned_A1_all-delim.fasta.uniqueseq.phy

Create initial parsimony tree by phylogenetic likelihood library (PLL)... 0.026 seconds

NOTE: 200 MB RAM (0 GB) is required!
Estimate model parameters (epsilon = 0.500)
1. Initial log-likelihood: -724215.082
2. Current log-likelihood: -684925.907
3. Current log-likelihood: -653533.775
4. Current log-likelihood: -653522.596
Optimal log-likelihood: -653522.518
Rate parameters:  A-C: 1.88960  A-G: 10.25307  A-T: 1.91718  C-G: 0.07319  C-T: 20.80835  G-T: 1.00000
Base frequencies:  A: 0.389  C: 0.177  G: 0.157  T: 0.277
Parameters optimization took 4 rounds (23.698 sec)
Wrote distance file to... 
Computing ML distances based on estimated model parameters...
Calculating distance matrix: done in 8.53264 secs using 96.95% CPU
Computing ML distances took 8.605695 sec (of wall-clock time) 8.322911 sec (of CPU time)
Setting up auxiliary I and S matrices: done in 0.0177319 secs using 186% CPU
Constructing RapidNJ tree: done in 0.04211 secs using 173.5% CPU
Computing RapidNJ tree took 0.059969 sec (of wall-clock time) 0.106328 sec (of CPU time)
Log-likelihood of RapidNJ tree: -157253.901
--------------------------------------------------------------------
|             INITIALIZING CANDIDATE TREE SET                      |
--------------------------------------------------------------------

Do NNI search on 2 best initial trees
Optimizing NNI: done in 6.80021 secs using 98.79% CPU
Estimate model parameters (epsilon = 0.500)
BETTER TREE FOUND at iteration 1: -156871.846
Optimizing NNI: done in 142.484 secs using 98.38% CPU
Finish initializing candidate tree set (4)
Current best tree score: -156871.846 / CPU time: 156.480
Number of iterations: 2
TREE SEARCH COMPLETED AFTER 2 ITERATIONS / Time: 0h:3m:12s

--------------------------------------------------------------------
|                    FINALIZING TREE SEARCH                        |
--------------------------------------------------------------------
Performs final model parameters optimization
Estimate model parameters (epsilon = 0.050)
1. Initial log-likelihood: -156871.846
Optimal log-likelihood: -156871.837
Rate parameters:  A-C: 1.82617  A-G: 10.41146  A-T: 1.44467  C-G: 0.14778  C-T: 19.62459  G-T: 1.00000
Base frequencies:  A: 0.389  C: 0.177  G: 0.157  T: 0.277
Parameters optimization took 1 rounds (1.622 sec)
BEST SCORE FOUND : -156871.837
Total tree length: 1.138

Total number of iterations: 2
CPU time used for tree search: 154.004 sec (0h:2m:34s)
Wall-clock time used for tree search: 156.483 sec (0h:2m:36s)
Total CPU time used: 190.620 sec (0h:3m:10s)
Total wall-clock time used: 194.195 sec (0h:3m:14s)

Analysis results written to: 
  IQ-TREE report:                data/aligned_A1_all-delim.fasta.iqtree
  Maximum-likelihood tree:       data/aligned_A1_all-delim.fasta.treefile
  Likelihood distances:          data/aligned_A1_all-delim.fasta.mldist
  Screen log file:               data/aligned_A1_all-delim.fasta.log

Date and Time: Tue Apr 26 14:33:33 2022
