Building DAG of jobs...
Using shell: /bin/bash
Provided cores: 4
Rules claiming more threads will be scaled down.
Job stats:
job          count    min threads    max threads
---------  -------  -------------  -------------
align            3              1              1
all              1              1              1
ancestral        3              1              1
export           3              1              1
refine           3              1              1
translate        3              1              1
tree             3              1              1
total           19              1              1

Select jobs to execute...

[Fri Jan 28 10:13:01 2022]
Job 12: 
        Aligning sequences to config/rsv_reference.gb
          - filling gaps with N
        


[Fri Jan 28 10:13:01 2022]
Job 4: 
        Aligning sequences to config/rsv_reference.gb
          - filling gaps with N
        


[Fri Jan 28 10:13:01 2022]
Job 20: 
        Aligning sequences to config/rsv_reference.gb
          - filling gaps with N
        

[Fri Jan 28 10:25:58 2022]
Finished job 12.
1 of 19 steps (5%) done
Select jobs to execute...

[Fri Jan 28 10:25:58 2022]
Job 11: Building tree

[Fri Jan 28 10:29:41 2022]
Finished job 4.
2 of 19 steps (11%) done
Select jobs to execute...

[Fri Jan 28 10:29:41 2022]
Job 3: Building tree

[Fri Jan 28 10:32:29 2022]
Finished job 11.
3 of 19 steps (16%) done
Select jobs to execute...

[Fri Jan 28 10:32:29 2022]
Job 10: 
        Refining tree
          - estimate timetree
          - use opt coalescent timescale
          - estimate marginal node dates
          - filter tips more than 4 IQDs from clock expectation
        

[Fri Jan 28 10:41:38 2022]
Finished job 3.
4 of 19 steps (21%) done
Select jobs to execute...

[Fri Jan 28 10:41:39 2022]
Job 2: 
        Refining tree
          - estimate timetree
          - use opt coalescent timescale
          - estimate marginal node dates
          - filter tips more than 4 IQDs from clock expectation
        

[Fri Jan 28 10:52:48 2022]
Finished job 20.
5 of 19 steps (26%) done
Select jobs to execute...

[Fri Jan 28 10:52:49 2022]
Job 19: Building tree

[Fri Jan 28 11:24:49 2022]
Finished job 19.
6 of 19 steps (32%) done
Select jobs to execute...

[Fri Jan 28 11:24:49 2022]
Job 18: 
        Refining tree
          - estimate timetree
          - use opt coalescent timescale
          - estimate marginal node dates
          - filter tips more than 4 IQDs from clock expectation
        

[Fri Jan 28 11:28:15 2022]
Finished job 10.
7 of 19 steps (37%) done
Select jobs to execute...

[Fri Jan 28 11:28:16 2022]
Job 15: Reconstructing ancestral sequences and mutations

[Fri Jan 28 11:30:16 2022]
Finished job 15.
8 of 19 steps (42%) done
Select jobs to execute...

[Fri Jan 28 11:30:16 2022]
Job 16: Translating amino acid sequences

[Fri Jan 28 11:30:41 2022]
Finished job 16.
9 of 19 steps (47%) done
Select jobs to execute...

[Fri Jan 28 11:30:41 2022]
Job 9: Exporting data files for for auspice

[Fri Jan 28 11:30:52 2022]
Finished job 9.
10 of 19 steps (53%) done
[Fri Jan 28 11:50:50 2022]
Finished job 2.
11 of 19 steps (58%) done
Select jobs to execute...

[Fri Jan 28 11:50:51 2022]
Job 7: Reconstructing ancestral sequences and mutations

[Fri Jan 28 11:53:58 2022]
Finished job 7.
12 of 19 steps (63%) done
Select jobs to execute...

[Fri Jan 28 11:53:59 2022]
Job 8: Translating amino acid sequences

[Fri Jan 28 11:54:19 2022]
Finished job 8.
13 of 19 steps (68%) done
Select jobs to execute...

[Fri Jan 28 11:54:19 2022]
Job 1: Exporting data files for for auspice

[Fri Jan 28 11:54:27 2022]
Finished job 1.
14 of 19 steps (74%) done
[Fri Jan 28 12:55:00 2022]
Finished job 18.
15 of 19 steps (79%) done
Select jobs to execute...

[Fri Jan 28 12:55:00 2022]
Job 23: Reconstructing ancestral sequences and mutations

[Fri Jan 28 12:59:12 2022]
Finished job 23.
16 of 19 steps (84%) done
Select jobs to execute...

[Fri Jan 28 12:59:12 2022]
Job 24: Translating amino acid sequences

[Fri Jan 28 12:59:40 2022]
Finished job 24.
17 of 19 steps (89%) done
Select jobs to execute...

[Fri Jan 28 12:59:40 2022]
Job 17: Exporting data files for for auspice

[Fri Jan 28 12:59:54 2022]
Finished job 17.
18 of 19 steps (95%) done
Select jobs to execute...

[Fri Jan 28 12:59:54 2022]
localrule all:
    input: auspice/rsv_A.json, auspice/rsv_B.json, auspice/rsv_all.json
    jobid: 0
    resources: tmpdir=/var/folders/g_/6938g_6s199gxxswt2nf7w500000gn/T

[Fri Jan 28 12:59:54 2022]
Finished job 0.
19 of 19 steps (100%) done
Complete log: /Users/katekistler/nextstrain/rsv/.snakemake/log/2022-01-28T101257.771176.snakemake.log
