Building DAG of jobs...
Job stats:
job          count    min threads    max threads
---------  -------  -------------  -------------
align            1              1              1
all              1              1              1
ancestral        1              1              1
export           1              1              1
filter           1              1              1
parse            1              1              1
refine           1              1              1
traits           1              1              1
translate        1              1              1
tree             1              1              1
total           10              1              1


[Mon Jan 24 12:30:02 2022]
Job 6: Parsing fasta into sequences and metadata


[Mon Jan 24 12:30:02 2022]
Job 5: 
        Filtering to
          - 50 sequence(s) per country year month
          - excluding strains in config/dropped_strains.txt
        

