Building DAG of jobs...
Using shell: /bin/bash
Provided cores: 8
Rules claiming more threads will be scaled down.
Job stats:
job          count    min threads    max threads
---------  -------  -------------  -------------
align            1              1              1
all              1              1              1
ancestral        1              1              1
export           1              1              1
filter           1              1              1
parse            1              1              1
refine           1              1              1
translate        1              1              1
tree             1              1              1
total            9              1              1

Select jobs to execute...

[Thu Mar 31 14:09:07 2022]
Job 6: Parsing fasta into sequences and metadata

[Thu Mar 31 14:09:09 2022]
Finished job 6.
1 of 9 steps (11%) done
Select jobs to execute...

[Thu Mar 31 14:09:09 2022]
Job 5: 
        Filtering to
          - 100 sequence(s) per country year month
          - excluding strains in config/dropped_strains.txt
        

[Thu Mar 31 14:09:11 2022]
Finished job 5.
2 of 9 steps (22%) done
Select jobs to execute...

[Thu Mar 31 14:09:11 2022]
Job 4: 
        Aligning sequences to config/rsv_reference.gb
          - filling gaps with N
        

[Thu Mar 31 14:21:58 2022]
Finished job 4.
3 of 9 steps (33%) done
Select jobs to execute...

[Thu Mar 31 14:21:58 2022]
Job 3: Building tree

[Thu Mar 31 14:27:54 2022]
Finished job 3.
4 of 9 steps (44%) done
Select jobs to execute...

[Thu Mar 31 14:27:54 2022]
Job 2: 
        Refining tree
          - estimate timetree
          - use opt coalescent timescale
          - estimate marginal node dates
          - filter tips more than 4 IQDs from clock expectation
        

[Thu Mar 31 14:41:43 2022]
Finished job 2.
5 of 9 steps (56%) done
Select jobs to execute...

[Thu Mar 31 14:41:43 2022]
Job 7: Reconstructing ancestral sequences and mutations

[Thu Mar 31 14:42:47 2022]
Finished job 7.
6 of 9 steps (67%) done
Select jobs to execute...

[Thu Mar 31 14:42:47 2022]
Job 8: Translating amino acid sequences

[Thu Mar 31 14:42:54 2022]
Finished job 8.
7 of 9 steps (78%) done
Select jobs to execute...

[Thu Mar 31 14:42:54 2022]
Job 1: Exporting data files for for auspice

[Thu Mar 31 14:42:57 2022]
Finished job 1.
8 of 9 steps (89%) done
Select jobs to execute...

[Thu Mar 31 14:42:57 2022]
localrule all:
    input: auspice/rsv.json
    jobid: 0
    resources: tmpdir=/var/folders/g_/6938g_6s199gxxswt2nf7w500000gn/T

[Thu Mar 31 14:42:57 2022]
Finished job 0.
9 of 9 steps (100%) done
Complete log: .snakemake/log/2022-03-31T140907.070382.snakemake.log
