Building DAG of jobs...
The code used to generate one or several output files has changed:
    To inspect which output files have changes, run 'snakemake --list-code-changes'.
    To trigger a re-run, use 'snakemake -R $(snakemake --list-code-changes)'.
Using shell: /bin/bash
Provided cores: 8
Rules claiming more threads will be scaled down.
Job stats:
job          count    min threads    max threads
---------  -------  -------------  -------------
all              1              1              1
ancestral        1              1              1
export           4              1              1
translate        1              1              1
total            7              1              1

Select jobs to execute...

[Wed Mar 16 11:27:19 2022]
Job 57: Exporting data files for for auspice


[Wed Mar 16 11:27:19 2022]
Job 71: Reconstructing ancestral sequences and mutations


[Wed Mar 16 11:27:19 2022]
Job 49: Exporting data files for for auspice


[Wed Mar 16 11:27:19 2022]
Job 1: Exporting data files for for auspice

[Wed Mar 16 11:27:40 2022]
Error in rule export:
    jobid: 49
    output: auspice/rsv_all_F.json
    shell:
        
        augur export v2             --tree results/tree_all_F.nwk             --metadata results/metadata_all_F.tsv             --node-data results/branch_lengths_all_F.json results/nt_muts_all_F.json results/aa_muts_all_F.json             --auspice-config config/auspice_config.json             --description config/description.md             --include-root-sequence             --output auspice/rsv_all_F.json
        
        (one of the commands exited with non-zero exit code; note that snakemake uses bash strict mode!)

[Wed Mar 16 11:27:40 2022]
Error in rule export:
    jobid: 1
    output: auspice/rsv_A_F.json
    shell:
        
        augur export v2             --tree results/tree_A_F.nwk             --metadata results/metadata_A_F.tsv             --node-data results/branch_lengths_A_F.json results/nt_muts_A_F.json results/aa_muts_A_F.json             --auspice-config config/auspice_config.json             --description config/description.md             --include-root-sequence             --output auspice/rsv_A_F.json
        
        (one of the commands exited with non-zero exit code; note that snakemake uses bash strict mode!)

[Wed Mar 16 11:27:40 2022]
Error in rule export:
    jobid: 57
    output: auspice/rsv_all_G.json
    shell:
        
        augur export v2             --tree results/tree_all_G.nwk             --metadata results/metadata_all_G.tsv             --node-data results/branch_lengths_all_G.json results/nt_muts_all_G.json results/aa_muts_all_G.json             --auspice-config config/auspice_config.json             --description config/description.md             --include-root-sequence             --output auspice/rsv_all_G.json
        
        (one of the commands exited with non-zero exit code; note that snakemake uses bash strict mode!)

Terminating processes on user request, this might take some time.
The code used to generate one or several output files has changed:
    To inspect which output files have changes, run 'snakemake --list-code-changes'.
    To trigger a re-run, use 'snakemake -R $(snakemake --list-code-changes)'.
Complete log: /Users/katekistler/nextstrain/rsv/.snakemake/log/2022-03-16T112712.554868.snakemake.log
