Building DAG of jobs...
Using shell: /bin/bash
Provided cores: 8
Rules claiming more threads will be scaled down.
Job stats:
job                  count    min threads    max threads
-----------------  -------  -------------  -------------
add_branch_labels        1              1              1
align                    1              1              1
all                      1              1              1
ancestral                1              1              1
export                   1              1              1
infer_insertions         1              1              1
refine                   1              1              1
translate                1              1              1
tree                     1              1              1
total                    9              1              1

Select jobs to execute...

[Thu Mar 24 15:42:11 2022]
Job 5: 
        Aligning sequences to config/rsv_A_dup_reference.fasta
            - gaps relative to reference are considered real
        

[Thu Mar 24 15:42:18 2022]
Finished job 5.
1 of 9 steps (11%) done
Select jobs to execute...

[Thu Mar 24 15:42:18 2022]
Job 4: Building tree

[Thu Mar 24 15:47:49 2022]
Finished job 4.
2 of 9 steps (22%) done
Select jobs to execute...

[Thu Mar 24 15:47:49 2022]
Job 3: 
        Refining tree
          - estimate timetree
          - use opt coalescent timescale
          - estimate marginal node dates
          - filter tips more than 4 IQDs from clock expectation
        

[Thu Mar 24 16:02:01 2022]
Finished job 3.
3 of 9 steps (33%) done
Select jobs to execute...

[Thu Mar 24 16:02:02 2022]
Job 8: Reconstructing ancestral sequences and mutations


[Thu Mar 24 16:02:02 2022]
rule infer_insertions:
    input: results/insertions_A.tsv, results/tree_A.nwk
    output: results/insertions_A.json
    log: logs/infer_insertions_A.txt
    jobid: 10
    wildcards: subtype=A
    resources: tmpdir=/var/folders/g_/6938g_6s199gxxswt2nf7w500000gn/T

[Thu Mar 24 16:02:04 2022]
Finished job 10.
4 of 9 steps (44%) done
[Thu Mar 24 16:02:49 2022]
Finished job 8.
5 of 9 steps (56%) done
Select jobs to execute...

[Thu Mar 24 16:02:49 2022]
Job 9: Translating amino acid sequences

[Thu Mar 24 16:02:54 2022]
Finished job 9.
6 of 9 steps (67%) done
Select jobs to execute...

[Thu Mar 24 16:02:54 2022]
Job 2: Exporting data files for for auspice

[Thu Mar 24 16:02:57 2022]
Finished job 2.
7 of 9 steps (78%) done
Select jobs to execute...

[Thu Mar 24 16:02:57 2022]
Job 1: Adding custom branch labels to the Auspice JSON

[Thu Mar 24 16:02:57 2022]
Finished job 1.
8 of 9 steps (89%) done
Select jobs to execute...

[Thu Mar 24 16:02:57 2022]
localrule all:
    input: auspice/rsv_A.json
    jobid: 0
    resources: tmpdir=/var/folders/g_/6938g_6s199gxxswt2nf7w500000gn/T

[Thu Mar 24 16:02:57 2022]
Finished job 0.
9 of 9 steps (100%) done
Complete log: /Users/katekistler/nextstrain/rsv/rsv_testing-ref/.snakemake/log/2022-03-24T154210.786311.snakemake.log
