Building DAG of jobs...
Using shell: /bin/bash
Provided cores: 8
Rules claiming more threads will be scaled down.
Job stats:
job          count    min threads    max threads
---------  -------  -------------  -------------
align            2              1              1
all              1              1              1
ancestral        2              1              1
export           2              1              1
filter           2              1              1
parse            2              1              1
refine           2              1              1
translate        2              1              1
tree             2              1              1
total           17              1              1

Select jobs to execute...

[Mon Apr  4 16:30:12 2022]
Job 6: Parsing fasta into sequences and metadata


[Mon Apr  4 16:30:12 2022]
Job 14: Parsing fasta into sequences and metadata

[Mon Apr  4 16:30:14 2022]
Finished job 14.
1 of 17 steps (6%) done
[Mon Apr  4 16:30:14 2022]
Finished job 6.
2 of 17 steps (12%) done
Select jobs to execute...

[Mon Apr  4 16:30:14 2022]
Job 5: 
        Filtering to
          - 100 sequence(s) per country year
          - excluding strains in config/dropped_strains.txt
        


[Mon Apr  4 16:30:14 2022]
Job 13: 
        Filtering to
          - 100 sequence(s) per country year
          - excluding strains in config/dropped_strains.txt
        

[Mon Apr  4 16:30:15 2022]
Finished job 13.
3 of 17 steps (18%) done
Select jobs to execute...

[Mon Apr  4 16:30:15 2022]
Job 12: 
        Aligning sequences to config/rsv_A_step2_other_reference.fasta
            - gaps relative to reference are considered real
        

[Mon Apr  4 16:30:15 2022]
Finished job 5.
4 of 17 steps (24%) done
Select jobs to execute...

[Mon Apr  4 16:30:15 2022]
Job 4: 
        Aligning sequences to config/rsv_A_step2_on1_reference.fasta
            - gaps relative to reference are considered real
        

[Mon Apr  4 16:30:19 2022]
Finished job 12.
5 of 17 steps (29%) done
Select jobs to execute...

[Mon Apr  4 16:30:19 2022]
Job 11: Building tree

[Mon Apr  4 16:30:21 2022]
Finished job 4.
6 of 17 steps (35%) done
Select jobs to execute...

[Mon Apr  4 16:30:21 2022]
Job 3: Building tree

[Mon Apr  4 16:31:46 2022]
Finished job 11.
7 of 17 steps (41%) done
Select jobs to execute...

[Mon Apr  4 16:31:46 2022]
Job 10: 
        Refining tree
          - estimate timetree
          - use opt coalescent timescale
          - estimate marginal node dates
          - filter tips more than 4 IQDs from clock expectation
        

[Mon Apr  4 16:32:01 2022]
Finished job 3.
8 of 17 steps (47%) done
Select jobs to execute...

[Mon Apr  4 16:32:01 2022]
Job 2: 
        Refining tree
          - estimate timetree
          - use opt coalescent timescale
          - estimate marginal node dates
          - filter tips more than 4 IQDs from clock expectation
        

[Mon Apr  4 16:38:30 2022]
Finished job 2.
9 of 17 steps (53%) done
Select jobs to execute...

[Mon Apr  4 16:38:30 2022]
Job 7: Reconstructing ancestral sequences and mutations

[Mon Apr  4 16:38:53 2022]
Finished job 7.
10 of 17 steps (59%) done
Select jobs to execute...

[Mon Apr  4 16:38:53 2022]
Job 8: Translating amino acid sequences

[Mon Apr  4 16:38:57 2022]
Finished job 8.
11 of 17 steps (65%) done
Select jobs to execute...

[Mon Apr  4 16:38:57 2022]
Job 1: Exporting data files for for auspice

[Mon Apr  4 16:38:58 2022]
Finished job 1.
12 of 17 steps (71%) done
[Mon Apr  4 16:39:25 2022]
Finished job 10.
13 of 17 steps (76%) done
Select jobs to execute...

[Mon Apr  4 16:39:25 2022]
Job 15: Reconstructing ancestral sequences and mutations

[Mon Apr  4 16:39:46 2022]
Finished job 15.
14 of 17 steps (82%) done
Select jobs to execute...

[Mon Apr  4 16:39:46 2022]
Job 16: Translating amino acid sequences

[Mon Apr  4 16:39:49 2022]
Finished job 16.
15 of 17 steps (88%) done
Select jobs to execute...

[Mon Apr  4 16:39:49 2022]
Job 9: Exporting data files for for auspice

[Mon Apr  4 16:39:50 2022]
Finished job 9.
16 of 17 steps (94%) done
Select jobs to execute...

[Mon Apr  4 16:39:50 2022]
localrule all:
    input: auspice/rsv_A_on1.json, auspice/rsv_A_other.json
    jobid: 0
    resources: tmpdir=/var/folders/g_/6938g_6s199gxxswt2nf7w500000gn/T

[Mon Apr  4 16:39:50 2022]
Finished job 0.
17 of 17 steps (100%) done
Complete log: .snakemake/log/2022-04-04T163011.524748.snakemake.log
