Building DAG of jobs...
Using shell: /bin/bash
Provided cores: 8
Rules claiming more threads will be scaled down.
Job stats:
job                  count    min threads    max threads
-----------------  -------  -------------  -------------
add_branch_labels        2              1              1
align                    2              1              1
all                      1              1              1
ancestral                2              1              1
export                   2              1              1
infer_insertions         2              1              1
refine                   2              1              1
translate                2              1              1
tree                     2              1              1
total                   17              1              1

Select jobs to execute...

[Mon Mar 28 18:13:46 2022]
Job 15: 
        Aligning sequences to config/rsv_A_other_reference.fasta
            - gaps relative to reference are considered real
        


[Mon Mar 28 18:13:46 2022]
Job 5: 
        Aligning sequences to config/rsv_A_on1_reference.fasta
            - gaps relative to reference are considered real
        

[Mon Mar 28 18:13:46 2022]
Error in rule align:
    jobid: 15
    output: results/aligned_A_other.fasta, results/insertions_A_other.tsv
    log: logs/align_A_other.txt (check log file(s) for error message)
    shell:
        
        nextalign             --reference config/rsv_A_other_reference.fasta             --genemap config/genemap_A_other.gff             --genes N,P,M,SH,G,F,M2-1,M2-2,L             --sequences results/filtered_A_other.fasta             --output-dir results/translations/A_other             --output-basename nextalign             --output-fasta results/aligned_A_other.fasta             --output-insertions results/insertions_A_other.tsv > logs/align_A_other.txt 2>&1
        
        (one of the commands exited with non-zero exit code; note that snakemake uses bash strict mode!)

[Mon Mar 28 18:13:48 2022]
Finished job 5.
1 of 17 steps (6%) done
Shutting down, this might take some time.
Exiting because a job execution failed. Look above for error message
Complete log: /Users/katekistler/nextstrain/rsv/rsv_testing-ref/.snakemake/log/2022-03-28T181345.701817.snakemake.log
