Building DAG of jobs...
Using shell: /bin/bash
Provided cores: 4
Rules claiming more threads will be scaled down.
Job stats:
job          count    min threads    max threads
---------  -------  -------------  -------------
align            3              1              1
all              1              1              1
ancestral        3              1              1
export           3              1              1
refine           3              1              1
translate        3              1              1
tree             3              1              1
total           19              1              1

Select jobs to execute...

[Thu Jan 27 11:08:14 2022]
Job 12: 
        Aligning sequences to config/rsv_reference.gb
          - filling gaps with N
        


[Thu Jan 27 11:08:14 2022]
Job 4: 
        Aligning sequences to config/rsv_reference.gb
          - filling gaps with N
        


[Thu Jan 27 11:08:14 2022]
Job 20: 
        Aligning sequences to config/rsv_reference.gb
          - filling gaps with N
        

[Thu Jan 27 11:19:15 2022]
Finished job 12.
1 of 19 steps (5%) done
Select jobs to execute...

[Thu Jan 27 11:19:15 2022]
Job 11: Building tree

[Thu Jan 27 11:22:32 2022]
Finished job 4.
2 of 19 steps (11%) done
Select jobs to execute...

[Thu Jan 27 11:22:32 2022]
Job 3: Building tree

[Thu Jan 27 11:24:25 2022]
Finished job 11.
3 of 19 steps (16%) done
Select jobs to execute...

[Thu Jan 27 11:24:25 2022]
Job 10: 
        Refining tree
          - estimate timetree
          - use opt coalescent timescale
          - estimate marginal node dates
          - filter tips more than 4 IQDs from clock expectation
        

[Thu Jan 27 11:32:05 2022]
Finished job 3.
4 of 19 steps (21%) done
Select jobs to execute...

[Thu Jan 27 11:32:05 2022]
Job 2: 
        Refining tree
          - estimate timetree
          - use opt coalescent timescale
          - estimate marginal node dates
          - filter tips more than 4 IQDs from clock expectation
        

[Thu Jan 27 11:44:04 2022]
Finished job 20.
5 of 19 steps (26%) done
Select jobs to execute...

[Thu Jan 27 11:44:04 2022]
Job 19: Building tree

Terminating processes on user request, this might take some time.
[Thu Jan 27 11:46:27 2022]
Error in rule tree:
    jobid: 19
    output: results/tree_raw_all.nwk
    shell:
        
        augur tree             --alignment results/aligned_all.fasta             --output results/tree_raw_all.nwk
        
        (one of the commands exited with non-zero exit code; note that snakemake uses bash strict mode!)

[Thu Jan 27 11:46:28 2022]
Error in rule refine:
    jobid: 10
    output: results/tree_B.nwk, results/branch_lengths_B.json
    shell:
        
        augur refine             --tree results/tree_raw_B.nwk             --alignment results/aligned_B.fasta             --metadata results/metadata_B.tsv             --output-tree results/tree_B.nwk             --output-node-data results/branch_lengths_B.json             --timetree             --coalescent opt             --date-confidence             --date-inference marginal             --clock-filter-iqd 4
        
        (one of the commands exited with non-zero exit code; note that snakemake uses bash strict mode!)

[Thu Jan 27 11:46:28 2022]
Error in rule refine:
    jobid: 2
    output: results/tree_A.nwk, results/branch_lengths_A.json
    shell:
        
        augur refine             --tree results/tree_raw_A.nwk             --alignment results/aligned_A.fasta             --metadata results/metadata_A.tsv             --output-tree results/tree_A.nwk             --output-node-data results/branch_lengths_A.json             --timetree             --coalescent opt             --date-confidence             --date-inference marginal             --clock-filter-iqd 4
        
        (one of the commands exited with non-zero exit code; note that snakemake uses bash strict mode!)

Complete log: /Users/katekistler/nextstrain/rsv/.snakemake/log/2022-01-27T110813.077717.snakemake.log
