Building DAG of jobs...
Using shell: /bin/bash
Provided cores: 8
Rules claiming more threads will be scaled down.
Job stats:
job          count    min threads    max threads
---------  -------  -------------  -------------
align            1              1              1
all              1              1              1
ancestral        1              1              1
export           1              1              1
filter           1              1              1
parse            1              1              1
refine           1              1              1
translate        1              1              1
tree             1              1              1
total            9              1              1

Select jobs to execute...

[Wed Mar 16 12:34:29 2022]
Job 6: Parsing fasta into sequences and metadata

[Wed Mar 16 12:34:30 2022]
Finished job 6.
1 of 9 steps (11%) done
Select jobs to execute...

[Wed Mar 16 12:34:30 2022]
Job 5: 
        Filtering to
          - 100 sequence(s) per country year month
          - excluding strains in config/dropped_strains.txt
        

[Wed Mar 16 12:34:32 2022]
Finished job 5.
2 of 9 steps (22%) done
Select jobs to execute...

[Wed Mar 16 12:34:32 2022]
Job 4: 
        Aligning sequences to config/rsv_reference.gb
            - gaps relative to reference are considered real
        

