Building DAG of jobs...
Using shell: /bin/bash
Provided cores: 8
Rules claiming more threads will be scaled down.
Job stats:
job          count    min threads    max threads
---------  -------  -------------  -------------
align            4              1              1
all              1              1              1
ancestral        4              1              1
export           4              1              1
filter           4              1              1
parse            4              1              1
refine           4              1              1
translate        4              1              1
tree             4              1              1
total           33              1              1

Select jobs to execute...

[Wed Apr  6 10:40:31 2022]
Job 22: Parsing fasta into sequences and metadata


[Wed Apr  6 10:40:31 2022]
Job 6: Parsing fasta into sequences and metadata


[Wed Apr  6 10:40:31 2022]
Job 14: Parsing fasta into sequences and metadata


[Wed Apr  6 10:40:31 2022]
Job 30: Parsing fasta into sequences and metadata

[Wed Apr  6 10:40:33 2022]
Finished job 30.
1 of 33 steps (3%) done
Select jobs to execute...

[Wed Apr  6 10:40:33 2022]
Job 29: 
        Filtering to
          - 100 sequence(s) per country year
          - excluding strains in config/dropped_strains.txt
        

[Wed Apr  6 10:40:33 2022]
Finished job 6.
2 of 33 steps (6%) done
Select jobs to execute...

[Wed Apr  6 10:40:33 2022]
Job 5: 
        Filtering to
          - 100 sequence(s) per country year
          - excluding strains in config/dropped_strains.txt
        

[Wed Apr  6 10:40:33 2022]
Finished job 14.
3 of 33 steps (9%) done
Select jobs to execute...

[Wed Apr  6 10:40:33 2022]
Job 13: 
        Filtering to
          - 100 sequence(s) per country year
          - excluding strains in config/dropped_strains.txt
        

[Wed Apr  6 10:40:33 2022]
Finished job 22.
4 of 33 steps (12%) done
Select jobs to execute...

[Wed Apr  6 10:40:33 2022]
Job 21: 
        Filtering to
          - 100 sequence(s) per country year
          - excluding strains in config/dropped_strains.txt
        

[Wed Apr  6 10:40:34 2022]
Finished job 29.
5 of 33 steps (15%) done
Select jobs to execute...

[Wed Apr  6 10:40:34 2022]
Job 28: 
        Aligning sequences to config/rsv_B_step2_other_reference.fasta
            - gaps relative to reference are considered real
        

[Wed Apr  6 10:40:34 2022]
Finished job 28.
6 of 33 steps (18%) done
Select jobs to execute...

[Wed Apr  6 10:40:34 2022]
Job 27: Building tree

[Wed Apr  6 10:40:34 2022]
Finished job 5.
7 of 33 steps (21%) done
Select jobs to execute...

[Wed Apr  6 10:40:34 2022]
Job 4: 
        Aligning sequences to config/rsv_A_step2_dup_reference.fasta
            - gaps relative to reference are considered real
        

[Wed Apr  6 10:40:34 2022]
Finished job 13.
8 of 33 steps (24%) done
Select jobs to execute...

[Wed Apr  6 10:40:34 2022]
Job 12: 
        Aligning sequences to config/rsv_A_step2_other_reference.fasta
            - gaps relative to reference are considered real
        

[Wed Apr  6 10:40:35 2022]
Finished job 21.
9 of 33 steps (27%) done
Select jobs to execute...

[Wed Apr  6 10:40:35 2022]
Job 20: 
        Aligning sequences to config/rsv_B_step2_dup_reference.fasta
            - gaps relative to reference are considered real
        

[Wed Apr  6 10:40:40 2022]
Finished job 12.
10 of 33 steps (30%) done
Select jobs to execute...

[Wed Apr  6 10:40:40 2022]
Job 11: Building tree

[Wed Apr  6 10:40:43 2022]
Finished job 4.
11 of 33 steps (33%) done
Select jobs to execute...

[Wed Apr  6 10:40:43 2022]
Job 3: Building tree

[Wed Apr  6 10:40:46 2022]
Finished job 20.
12 of 33 steps (36%) done
Select jobs to execute...

[Wed Apr  6 10:40:46 2022]
Job 19: Building tree

[Wed Apr  6 10:40:47 2022]
Finished job 27.
13 of 33 steps (39%) done
Select jobs to execute...

[Wed Apr  6 10:40:47 2022]
Job 26: 
        Refining tree
          - estimate timetree
          - use opt coalescent timescale
          - estimate marginal node dates
          - filter tips more than 4 IQDs from clock expectation
        

[Wed Apr  6 10:42:00 2022]
Finished job 3.
14 of 33 steps (42%) done
Select jobs to execute...

[Wed Apr  6 10:42:00 2022]
Job 2: 
        Refining tree
          - estimate timetree
          - use opt coalescent timescale
          - estimate marginal node dates
          - filter tips more than 4 IQDs from clock expectation
        

[Wed Apr  6 10:42:50 2022]
Finished job 26.
15 of 33 steps (45%) done
Select jobs to execute...

[Wed Apr  6 10:42:50 2022]
Job 31: Reconstructing ancestral sequences and mutations

[Wed Apr  6 10:42:52 2022]
Finished job 11.
16 of 33 steps (48%) done
Select jobs to execute...

[Wed Apr  6 10:42:52 2022]
Job 10: 
        Refining tree
          - estimate timetree
          - use opt coalescent timescale
          - estimate marginal node dates
          - filter tips more than 4 IQDs from clock expectation
        

[Wed Apr  6 10:42:58 2022]
Finished job 31.
17 of 33 steps (52%) done
Select jobs to execute...

[Wed Apr  6 10:42:58 2022]
Job 32: Translating amino acid sequences

[Wed Apr  6 10:43:01 2022]
Finished job 32.
18 of 33 steps (55%) done
Select jobs to execute...

[Wed Apr  6 10:43:01 2022]
Job 25: Exporting data files for for auspice

[Wed Apr  6 10:43:03 2022]
Finished job 25.
19 of 33 steps (58%) done
[Wed Apr  6 10:43:10 2022]
Finished job 19.
20 of 33 steps (61%) done
Select jobs to execute...

[Wed Apr  6 10:43:10 2022]
Job 18: 
        Refining tree
          - estimate timetree
          - use opt coalescent timescale
          - estimate marginal node dates
          - filter tips more than 4 IQDs from clock expectation
        

[Wed Apr  6 10:48:33 2022]
Finished job 2.
21 of 33 steps (64%) done
Select jobs to execute...

[Wed Apr  6 10:48:33 2022]
Job 7: Reconstructing ancestral sequences and mutations

[Wed Apr  6 10:48:53 2022]
Finished job 7.
22 of 33 steps (67%) done
Select jobs to execute...

[Wed Apr  6 10:48:53 2022]
Job 8: Translating amino acid sequences

[Wed Apr  6 10:48:57 2022]
Finished job 8.
23 of 33 steps (70%) done
Select jobs to execute...

[Wed Apr  6 10:48:57 2022]
Job 1: Exporting data files for for auspice

[Wed Apr  6 10:48:58 2022]
Finished job 1.
24 of 33 steps (73%) done
[Wed Apr  6 10:52:10 2022]
Finished job 10.
25 of 33 steps (76%) done
Select jobs to execute...

[Wed Apr  6 10:52:11 2022]
Job 15: Reconstructing ancestral sequences and mutations

[Wed Apr  6 10:52:35 2022]
Finished job 15.
26 of 33 steps (79%) done
Select jobs to execute...

[Wed Apr  6 10:52:35 2022]
Job 16: Translating amino acid sequences

[Wed Apr  6 10:52:38 2022]
Finished job 16.
27 of 33 steps (82%) done
Select jobs to execute...

[Wed Apr  6 10:52:38 2022]
Job 9: Exporting data files for for auspice

[Wed Apr  6 10:52:40 2022]
Finished job 9.
28 of 33 steps (85%) done
[Wed Apr  6 10:52:44 2022]
Finished job 18.
29 of 33 steps (88%) done
Select jobs to execute...

[Wed Apr  6 10:52:44 2022]
Job 23: Reconstructing ancestral sequences and mutations

[Wed Apr  6 10:53:12 2022]
Finished job 23.
30 of 33 steps (91%) done
Select jobs to execute...

[Wed Apr  6 10:53:12 2022]
Job 24: Translating amino acid sequences

[Wed Apr  6 10:53:16 2022]
Finished job 24.
31 of 33 steps (94%) done
Select jobs to execute...

[Wed Apr  6 10:53:16 2022]
Job 17: Exporting data files for for auspice

[Wed Apr  6 10:53:18 2022]
Finished job 17.
32 of 33 steps (97%) done
Select jobs to execute...

[Wed Apr  6 10:53:18 2022]
localrule all:
    input: auspice/rsv_A_dup.json, auspice/rsv_A_other.json, auspice/rsv_B_dup.json, auspice/rsv_B_other.json
    jobid: 0
    resources: tmpdir=/var/folders/g_/6938g_6s199gxxswt2nf7w500000gn/T

[Wed Apr  6 10:53:18 2022]
Finished job 0.
33 of 33 steps (100%) done
Complete log: .snakemake/log/2022-04-06T104030.711330.snakemake.log
