Building DAG of jobs...
Using shell: /bin/bash
Provided cores: 4
Rules claiming more threads will be scaled down.
Job stats:
job          count    min threads    max threads
---------  -------  -------------  -------------
align            1              1              1
all              1              1              1
ancestral        1              1              1
export           1              1              1
refine           1              1              1
traits           1              1              1
translate        1              1              1
tree             1              1              1
total            8              1              1

Select jobs to execute...

[Mon Jan 24 12:33:06 2022]
Job 4: 
        Aligning sequences to config/rsv_reference.gb
          - filling gaps with N
        

[Mon Jan 24 12:33:09 2022]
Error in rule align:
    jobid: 4
    output: results/aligned.fasta
    shell:
        
        augur align             --sequences results/filtered.fasta             --reference-sequence config/rsv_reference.gb             --output results/aligned.fasta             --fill-gaps             --remove-reference
        
        (one of the commands exited with non-zero exit code; note that snakemake uses bash strict mode!)

Shutting down, this might take some time.
Exiting because a job execution failed. Look above for error message
Complete log: /Users/katekistler/nextstrain/rsv/.snakemake/log/2022-01-24T123305.675817.snakemake.log
