Building DAG of jobs...
Using shell: /bin/bash
Provided cores: 8
Rules claiming more threads will be scaled down.
Job stats:
job                  count    min threads    max threads
-----------------  -------  -------------  -------------
add_branch_labels        2              1              1
align                    2              1              1
all                      1              1              1
ancestral                2              1              1
export                   2              1              1
filter                   2              1              1
infer_insertions         2              1              1
parse                    2              1              1
refine                   2              1              1
translate                2              1              1
tree                     2              1              1
total                   21              1              1

Select jobs to execute...

[Thu Mar 31 11:29:57 2022]
Job 7: Parsing fasta into sequences and metadata


[Thu Mar 31 11:29:57 2022]
Job 17: Parsing fasta into sequences and metadata

[Thu Mar 31 11:29:58 2022]
Finished job 7.
1 of 21 steps (5%) done
Select jobs to execute...

[Thu Mar 31 11:29:58 2022]
Job 6: 
        Filtering to
          - 100 sequence(s) per country year
          - excluding strains in config/dropped_strains.txt
        

[Thu Mar 31 11:29:58 2022]
Finished job 17.
2 of 21 steps (10%) done
Select jobs to execute...

[Thu Mar 31 11:29:58 2022]
Job 16: 
        Filtering to
          - 100 sequence(s) per country year
          - excluding strains in config/dropped_strains.txt
        

[Thu Mar 31 11:29:59 2022]
Finished job 6.
3 of 21 steps (14%) done
Select jobs to execute...

[Thu Mar 31 11:29:59 2022]
Job 5: 
        Aligning sequences to config/rsv_A_step2_on1_reference.fasta
            - gaps relative to reference are considered real
        

[Thu Mar 31 11:29:59 2022]
Finished job 16.
4 of 21 steps (19%) done
Select jobs to execute...

[Thu Mar 31 11:29:59 2022]
Job 15: 
        Aligning sequences to config/rsv_A_step2_other_reference.fasta
            - gaps relative to reference are considered real
        

[Thu Mar 31 11:30:04 2022]
Finished job 15.
5 of 21 steps (24%) done
Select jobs to execute...

[Thu Mar 31 11:30:04 2022]
Job 14: Building tree

[Thu Mar 31 11:30:05 2022]
Finished job 5.
6 of 21 steps (29%) done
Select jobs to execute...

[Thu Mar 31 11:30:05 2022]
Job 4: Building tree

[Thu Mar 31 11:31:06 2022]
Finished job 4.
7 of 21 steps (33%) done
Select jobs to execute...

[Thu Mar 31 11:31:06 2022]
Job 3: 
        Refining tree
          - estimate timetree
          - use opt coalescent timescale
          - estimate marginal node dates
          - filter tips more than 4 IQDs from clock expectation
        

[Thu Mar 31 11:31:50 2022]
Finished job 14.
8 of 21 steps (38%) done
Select jobs to execute...

[Thu Mar 31 11:31:50 2022]
Job 13: 
        Refining tree
          - estimate timetree
          - use opt coalescent timescale
          - estimate marginal node dates
          - filter tips more than 4 IQDs from clock expectation
        

[Thu Mar 31 11:36:30 2022]
Finished job 3.
9 of 21 steps (43%) done
Select jobs to execute...

[Thu Mar 31 11:36:31 2022]
Job 8: Reconstructing ancestral sequences and mutations


[Thu Mar 31 11:36:31 2022]
rule infer_insertions:
    input: results/insertions_A_on1.tsv, results/tree_A_on1.nwk, config/genemap_A_step2_on1.gff
    output: results/insertions_A_on1.json
    log: logs/infer_insertions_A_on1.txt
    jobid: 10
    wildcards: subtype=A, clade=on1
    resources: tmpdir=/var/folders/g_/6938g_6s199gxxswt2nf7w500000gn/T

[Thu Mar 31 11:36:33 2022]
Finished job 10.
10 of 21 steps (48%) done
[Thu Mar 31 11:36:49 2022]
Finished job 8.
11 of 21 steps (52%) done
Select jobs to execute...

[Thu Mar 31 11:36:49 2022]
Job 9: Translating amino acid sequences

[Thu Mar 31 11:36:52 2022]
Finished job 9.
12 of 21 steps (57%) done
Select jobs to execute...

[Thu Mar 31 11:36:52 2022]
Job 2: Exporting data files for for auspice

[Thu Mar 31 11:36:54 2022]
Finished job 2.
13 of 21 steps (62%) done
Select jobs to execute...

[Thu Mar 31 11:36:54 2022]
Job 1: Adding custom branch labels to the Auspice JSON

[Thu Mar 31 11:36:54 2022]
Finished job 1.
14 of 21 steps (67%) done
[Thu Mar 31 11:40:13 2022]
Finished job 13.
15 of 21 steps (71%) done
Select jobs to execute...

[Thu Mar 31 11:40:14 2022]
rule infer_insertions:
    input: results/insertions_A_other.tsv, results/tree_A_other.nwk, config/genemap_A_step2_other.gff
    output: results/insertions_A_other.json
    log: logs/infer_insertions_A_other.txt
    jobid: 20
    wildcards: subtype=A, clade=other
    resources: tmpdir=/var/folders/g_/6938g_6s199gxxswt2nf7w500000gn/T


[Thu Mar 31 11:40:14 2022]
Job 18: Reconstructing ancestral sequences and mutations

[Thu Mar 31 11:40:16 2022]
Finished job 20.
16 of 21 steps (76%) done
[Thu Mar 31 11:40:36 2022]
Finished job 18.
17 of 21 steps (81%) done
Select jobs to execute...

[Thu Mar 31 11:40:36 2022]
Job 19: Translating amino acid sequences

[Thu Mar 31 11:40:40 2022]
Finished job 19.
18 of 21 steps (86%) done
Select jobs to execute...

[Thu Mar 31 11:40:40 2022]
Job 12: Exporting data files for for auspice

[Thu Mar 31 11:40:41 2022]
Finished job 12.
19 of 21 steps (90%) done
Select jobs to execute...

[Thu Mar 31 11:40:41 2022]
Job 11: Adding custom branch labels to the Auspice JSON

[Thu Mar 31 11:40:41 2022]
Finished job 11.
20 of 21 steps (95%) done
Select jobs to execute...

[Thu Mar 31 11:40:41 2022]
localrule all:
    input: auspice/rsv_A_on1.json, auspice/rsv_A_other.json
    jobid: 0
    resources: tmpdir=/var/folders/g_/6938g_6s199gxxswt2nf7w500000gn/T

[Thu Mar 31 11:40:41 2022]
Finished job 0.
21 of 21 steps (100%) done
Complete log: .snakemake/log/2022-03-31T112956.272209.snakemake.log
