Building DAG of jobs...
Using shell: /bin/bash
Provided cores: 8
Rules claiming more threads will be scaled down.
Job stats:
job                  count    min threads    max threads
-----------------  -------  -------------  -------------
add_branch_labels        2              1              1
align                    2              1              1
all                      1              1              1
ancestral                2              1              1
export                   2              1              1
filter                   2              1              1
infer_insertions         2              1              1
parse                    2              1              1
refine                   2              1              1
translate                2              1              1
tree                     2              1              1
total                   21              1              1

Select jobs to execute...

[Mon Mar 28 17:03:22 2022]
Job 17: Parsing fasta into sequences and metadata


[Mon Mar 28 17:03:22 2022]
Job 7: Parsing fasta into sequences and metadata

[Mon Mar 28 17:03:23 2022]
Finished job 7.
1 of 21 steps (5%) done
Select jobs to execute...

[Mon Mar 28 17:03:23 2022]
Job 6: 
        Filtering to
          - 100 sequence(s) per country year
          - excluding strains in config/dropped_strains.txt
        

[Mon Mar 28 17:03:23 2022]
Finished job 17.
2 of 21 steps (10%) done
Select jobs to execute...

[Mon Mar 28 17:03:23 2022]
Job 16: 
        Filtering to
          - 100 sequence(s) per country year
          - excluding strains in config/dropped_strains.txt
        

[Mon Mar 28 17:03:24 2022]
Finished job 6.
3 of 21 steps (14%) done
Select jobs to execute...

[Mon Mar 28 17:03:24 2022]
Job 5: 
        Aligning sequences to config/rsv_A_on1_reference.fasta
            - gaps relative to reference are considered real
        

[Mon Mar 28 17:03:25 2022]
Finished job 16.
4 of 21 steps (19%) done
Select jobs to execute...

[Mon Mar 28 17:03:25 2022]
Job 15: 
        Aligning sequences to config/rsv_A_other_reference.fasta
            - gaps relative to reference are considered real
        

[Mon Mar 28 17:03:29 2022]
Finished job 15.
5 of 21 steps (24%) done
Select jobs to execute...

[Mon Mar 28 17:03:29 2022]
Job 14: Building tree

[Mon Mar 28 17:03:30 2022]
Finished job 5.
6 of 21 steps (29%) done
Select jobs to execute...

[Mon Mar 28 17:03:30 2022]
Job 4: Building tree

[Mon Mar 28 17:04:36 2022]
Finished job 4.
7 of 21 steps (33%) done
Select jobs to execute...

[Mon Mar 28 17:04:36 2022]
Job 3: 
        Refining tree
          - estimate timetree
          - use opt coalescent timescale
          - estimate marginal node dates
          - filter tips more than 4 IQDs from clock expectation
        

[Mon Mar 28 17:05:03 2022]
Finished job 14.
8 of 21 steps (38%) done
Select jobs to execute...

[Mon Mar 28 17:05:03 2022]
Job 13: 
        Refining tree
          - estimate timetree
          - use opt coalescent timescale
          - estimate marginal node dates
          - filter tips more than 4 IQDs from clock expectation
        

[Mon Mar 28 17:09:59 2022]
Finished job 3.
9 of 21 steps (43%) done
Select jobs to execute...

[Mon Mar 28 17:10:00 2022]
Job 8: Reconstructing ancestral sequences and mutations


[Mon Mar 28 17:10:00 2022]
rule infer_insertions:
    input: results/insertions_A_on1.tsv, results/tree_A_on1.nwk
    output: results/insertions_A_on1.json
    log: logs/infer_insertions_A_on1.txt
    jobid: 10
    wildcards: subtype=A, clade=on1
    resources: tmpdir=/var/folders/g_/6938g_6s199gxxswt2nf7w500000gn/T

[Mon Mar 28 17:10:02 2022]
Finished job 10.
10 of 21 steps (48%) done
[Mon Mar 28 17:10:17 2022]
Finished job 8.
11 of 21 steps (52%) done
Select jobs to execute...

[Mon Mar 28 17:10:17 2022]
Job 9: Translating amino acid sequences

[Mon Mar 28 17:10:20 2022]
Finished job 9.
12 of 21 steps (57%) done
Select jobs to execute...

[Mon Mar 28 17:10:20 2022]
Job 2: Exporting data files for for auspice

[Mon Mar 28 17:10:21 2022]
Finished job 2.
13 of 21 steps (62%) done
Select jobs to execute...

[Mon Mar 28 17:10:21 2022]
Job 1: Adding custom branch labels to the Auspice JSON

[Mon Mar 28 17:10:22 2022]
Finished job 1.
14 of 21 steps (67%) done
[Mon Mar 28 17:13:21 2022]
Finished job 13.
15 of 21 steps (71%) done
Select jobs to execute...

[Mon Mar 28 17:13:22 2022]
Job 18: Reconstructing ancestral sequences and mutations


[Mon Mar 28 17:13:22 2022]
rule infer_insertions:
    input: results/insertions_A_other.tsv, results/tree_A_other.nwk
    output: results/insertions_A_other.json
    log: logs/infer_insertions_A_other.txt
    jobid: 20
    wildcards: subtype=A, clade=other
    resources: tmpdir=/var/folders/g_/6938g_6s199gxxswt2nf7w500000gn/T

[Mon Mar 28 17:13:24 2022]
Finished job 20.
16 of 21 steps (76%) done
[Mon Mar 28 17:13:45 2022]
Finished job 18.
17 of 21 steps (81%) done
Select jobs to execute...

[Mon Mar 28 17:13:45 2022]
Job 19: Translating amino acid sequences

[Mon Mar 28 17:13:49 2022]
Finished job 19.
18 of 21 steps (86%) done
Select jobs to execute...

[Mon Mar 28 17:13:49 2022]
Job 12: Exporting data files for for auspice

[Mon Mar 28 17:13:51 2022]
Finished job 12.
19 of 21 steps (90%) done
Select jobs to execute...

[Mon Mar 28 17:13:51 2022]
Job 11: Adding custom branch labels to the Auspice JSON

[Mon Mar 28 17:13:51 2022]
Finished job 11.
20 of 21 steps (95%) done
Select jobs to execute...

[Mon Mar 28 17:13:51 2022]
localrule all:
    input: auspice/rsv_A_on1.json, auspice/rsv_A_other.json
    jobid: 0
    resources: tmpdir=/var/folders/g_/6938g_6s199gxxswt2nf7w500000gn/T

[Mon Mar 28 17:13:51 2022]
Finished job 0.
21 of 21 steps (100%) done
Complete log: /Users/katekistler/nextstrain/rsv/rsv_testing-ref/.snakemake/log/2022-03-28T170321.542748.snakemake.log
