IQ-TREE multicore version 2.2.0-beta COVID-edition for Mac OS X 64-bit built Mar  3 2022 built Mar  3 2022
Developed by Bui Quang Minh, James Barbetti, Nguyen Lam Tung,
Olga Chernomor, Heiko Schmidt, Dominik Schrempf, Michael Woodhams, Ly Trong Nhan.

Host:    MacBook-Pro.local (SSE4.2, 8 GB RAM)
Command: iqtree2 -nt 1 -s results/aligned_A-delim.fasta -m GTR -ninit 2 -n 2 -me 0.05
Seed:    571765 (Using SPRNG - Scalable Parallel Random Number Generator)
Time:    Thu Apr  7 12:47:57 2022
Kernel:  SSE2 - 1 threads (8 CPU cores detected)

HINT: Use -nt option to specify number of threads because your CPU has 8 cores!
HINT: -nt AUTO will automatically determine the best number of threads to use.

Reading alignment file results/aligned_A-delim.fasta ... Fasta format detected
Reading fasta file: done in 0.302942 secs using 84.17% CPU
Alignment most likely contains DNA/RNA sequences
Constructing alignment: done in 0.116454 secs using 85.56% CPU
Alignment has 1191 sequences with 15223 columns, 7059 distinct patterns
5376 parsimony-informative, 1621 singleton sites, 8226 constant sites
          Gap/Ambiguity  Composition  p-value
Analyzing sequences: done in 0.0399601 secs using 93.74% CPU
   1  JX069803    0.21%    passed     99.81%
   2  KP856967    0.93%    passed     98.28%
   3  KF530268    0.64%    passed     98.23%
   4  JQ901447    0.12%    passed     99.65%
   5  JX069799    0.25%    passed     98.85%
   6  JX069801    0.20%    passed     99.88%
   7  KP856968    0.81%    passed     98.47%
   8  KP663728    0.34%    passed     99.90%
   9  JX069802    0.21%    passed     99.84%
  10  KU316142    1.81%    passed     96.44%
  11  KF826840    0.78%    passed     99.98%
  12  KJ939954    0.20%    passed     98.43%
  13  KP317953    0.11%    passed     99.90%
  14  KF826836    0.39%    passed     99.74%
  15  FJ948820    0.10%    passed     99.99%
  16  KP856969    0.93%    passed     99.16%
  17  KF826837    0.20%    passed     99.67%
  18  KJ939944    0.13%    passed     99.94%
  19  KJ939941    0.09%    passed     99.94%
  20  KJ939939    0.09%    passed     99.97%
  21  KJ939955    0.19%    passed     99.47%
  22  KF826826    0.18%    passed     99.07%
  23  KJ939969    0.09%    passed     99.95%
  24  KJ939967    0.09%    passed     99.99%
  25  KJ939957    0.21%    passed     99.75%
  26  KJ939953    0.45%    passed     99.77%
  27  KJ939945    0.09%    passed     99.97%
  28  JX069800    0.21%    passed     99.60%
  29  KJ939968    0.09%    passed     99.99%
  30  KJ939960    0.09%    passed     99.99%
  31  KJ939971    0.11%    passed     99.49%
  32  KJ939965    0.07%    passed     99.28%
  33  KJ939962    0.09%    passed    100.00%
  34  JQ901448    0.08%    passed     99.26%
  35  JQ901453    0.05%    passed     99.60%
  36  JQ901456    0.09%    passed     97.20%
  37  JQ901450    0.08%    passed     98.63%
  38  KJ939952    0.24%    passed     99.96%
  39  KJ939966    0.09%    passed     99.76%
  40  JQ901452    0.06%    passed     99.88%
  41  KJ939943    0.07%    passed     99.29%
  42  KJ939936    0.09%    passed     99.93%
  43  JQ901458    0.10%    passed     98.97%
  44  KJ939947    0.09%    passed     99.84%
  45  JQ901457    0.12%    passed     98.99%
  46  JQ901455    0.08%    passed     99.43%
  47  JQ901449    0.09%    passed     99.11%
  48  JQ901451    0.07%    passed     98.91%
  49  JQ901454    0.09%    passed     97.41%
  50  JX627336    0.14%    passed     99.88%
  51  KJ627361    0.75%    passed     99.06%
  52  KC731483    0.32%    passed     99.73%
  53  KJ627356    0.82%    passed     99.28%
  54  KJ627339    0.78%    passed     98.70%
  55  KJ627324    0.78%    passed     98.18%
  56  KF826824    0.55%    passed     99.19%
  57  KC731482    0.43%    passed     99.86%
  58  KF530260    1.60%    passed     96.87%
  59  KJ627268    0.80%    passed     99.85%
  60  KJ627287    0.80%    passed     99.88%
  61  KT285064    0.22%    passed     97.48%
  62  KF826846    0.55%    passed     99.67%
  63  KJ627306    0.80%    passed     99.92%
  64  KJ627293    0.80%    passed     99.68%
  65  KJ627338    0.81%    passed     99.96%
  66  KJ627301    0.80%    passed     99.90%
  67  KF826831    0.20%    passed     99.49%
  68  KF826848    0.23%    passed     99.95%
  69  KJ627325    0.81%    passed    100.00%
  70  KF530269    1.15%    passed     99.70%
  71  KF826849    0.28%    passed     99.69%
  72  KF826827    0.11%    passed     99.68%
  73  KF826852    0.38%    passed     99.37%
  74  KF826838    0.23%    passed     98.82%
  75  KF826828    0.22%    passed     99.32%
  76  KJ627319    0.81%    passed     99.52%
  77  KF530261    0.82%    passed     99.60%
  78  KF826850    0.21%    passed     99.78%
  79  KF826856    0.24%    passed     98.12%
  80  KF826823    0.18%    passed     99.23%
  81  KF826841    0.20%    passed     99.77%
  82  KF826832    0.35%    passed     97.80%
  83  KF826855    0.40%    passed     99.89%
  84  KF826854    0.20%    passed     98.20%
  85  KJ627269    0.81%    passed     99.99%
  86  KJ627337    1.76%    passed     99.02%
  87  KF826830    0.25%    passed     99.65%
  88  KJ627349    0.81%    passed     99.59%
  89  KJ627245    0.80%    passed     99.90%
  90  KJ627350    0.80%    passed     99.43%
  91  KJ627372    0.80%    passed     99.78%
  92  KJ627292    0.81%    passed     99.98%
  93  KJ627312    0.79%    passed     99.38%
  94  KJ627357    0.81%    passed    100.00%
  95  KJ627351    0.80%    passed     99.91%
  96  KJ627362    0.79%    passed     99.76%
  97  KJ627259    0.81%    passed     99.95%
  98  KJ627267    0.81%    passed     99.89%
  99  KJ627365    0.80%    passed     99.98%
 100  KJ627326    0.80%    passed     99.92%
 101  KJ627294    0.81%    passed     99.33%
 102  KJ627288    0.86%    passed     99.93%
 103  KF826847    0.30%    passed     98.11%
 104  KJ627305    0.76%    passed     99.52%
 105  KJ627252    0.84%    passed     99.67%
 106  KF826833    0.62%    passed     99.74%
 107  KJ627304    0.82%    passed     99.03%
 108  KJ627335    0.80%    passed     99.78%
 109  KF826821    0.32%    passed     99.92%
 110  KJ627366    1.88%    passed     95.07%
 111  KJ627270    0.81%    passed     99.98%
 112  KJ627327    0.81%    passed     96.43%
 113  KJ627374    0.81%    passed     99.90%
 114  KJ627303    1.66%    passed     97.12%
 115  KJ627296    0.81%    passed    100.00%
 116  KJ627318    0.81%    passed     99.73%
 117  KJ627370    0.81%    passed     99.89%
 118  KJ627256    0.80%    passed     99.97%
 119  KJ627274    0.79%    passed     99.61%
 120  KJ627272    0.80%    passed     99.98%
 121  KJ627316    0.87%    passed     98.95%
 122  KJ627373    0.83%    passed     99.96%
 123  KJ627329    0.82%    passed     99.88%
 124  KJ627334    0.81%    passed     99.96%
 125  KJ627313    0.81%    passed     99.94%
 126  KJ627322    0.81%    passed     99.76%
 127  KJ627346    0.80%    passed     99.92%
 128  KJ627266    0.79%    passed     99.97%
 129  KJ627264    0.81%    passed     99.76%
 130  KJ627352    0.75%    passed     99.13%
 131  KJ627369    0.81%    passed     99.95%
 132  KJ627289    0.78%    passed     98.70%
 133  KJ627300    0.81%    passed     99.61%
 134  KJ627253    1.80%    passed     98.71%
 135  KJ627291    0.85%    passed     99.97%
 136  KJ627344    0.81%    passed     99.77%
 137  KJ627298    0.81%    passed     99.95%
 138  KJ627358    0.91%    passed     99.98%
 139  KJ627261    0.81%    passed     99.91%
 140  KJ627275    0.81%    passed     99.84%
 141  KJ627282    0.80%    passed     97.94%
 142  KJ627276    0.82%    passed     97.55%
 143  KJ627371    0.81%    passed    100.00%
 144  KJ627367    0.81%    passed     99.96%
 145  KJ627343    0.81%    passed     99.09%
 146  KJ627314    0.78%    passed     98.70%
 147  KJ627315    0.81%    passed     99.89%
 148  KJ627353    0.81%    passed     97.43%
 149  KJ627309    0.80%    passed     99.92%
 150  KJ627333    0.81%    passed     99.74%
 151  KJ627321    0.78%    passed     98.34%
 152  KJ627250    0.80%    passed     99.66%
 153  KJ627295    0.80%    passed     99.92%
 154  KJ627283    0.80%    passed     99.58%
 155  KJ627248    0.83%    passed     97.27%
 156  KJ627258    0.81%    passed     99.96%
 157  KJ627260    0.80%    passed     97.35%
 158  KJ627307    0.81%    passed     99.99%
 159  KJ627263    0.81%    passed     99.96%
 160  KJ627355    0.80%    passed     99.52%
 161  KJ627297    1.66%    passed     99.55%
 162  KJ627246    1.65%    passed     96.13%
 163  KJ627354    0.81%    passed     99.92%
 164  KJ627290    0.81%    passed     99.77%
 165  KJ627281    0.81%    passed     99.96%
 166  KJ627308    0.81%    passed     99.63%
 167  KJ627271    0.81%    passed     98.74%
 168  KJ627311    0.80%    passed     98.57%
 169  KJ627336    0.80%    passed     98.36%
 170  KJ627328    0.83%    passed     99.85%
 171  KJ627279    1.72%    passed     99.12%
 172  KJ627255    0.81%    passed     95.97%
 173  KJ627320    0.80%    passed     99.61%
 174  KJ627360    0.80%    passed     99.82%
 175  KJ627286    0.79%    passed     99.82%
 176  KJ627257    0.81%    passed     99.71%
 177  KP258711    0.76%    passed     98.42%
 178  KP258740    0.76%    passed     99.13%
 179  KJ627345    0.81%    passed     99.99%
 180  KP258723    0.76%    passed     99.43%
 181  KJ627273    0.81%    passed     99.91%
 182  KM578843    0.13%    passed     99.99%
 183  KP258700    0.77%    passed     99.16%
 184  KP258697    0.75%    passed     99.54%
 185  KP258709    0.78%    passed     99.30%
 186  KJ672478    0.81%    passed     99.91%
 187  KJ723483    0.76%    passed     99.65%
 188  JF920047    0.68%    passed     99.43%
 189  KF973331    0.10%    passed     97.15%
 190  KF973325    0.21%    passed     96.68%
 191  KF973329    0.50%    passed     95.33%
 192  KM042391    0.93%    passed     99.64%
 193  KF973336    0.66%    passed     95.71%
 194  KF973334    0.18%    passed     96.91%
 195  KU316180    0.56%    passed     99.91%
 196  KU316150    1.29%    passed     99.37%
 197  KJ627716    0.56%    passed     99.29%
 198  KF973333    0.38%    passed     95.88%
 199  KJ939940    0.08%    passed     99.98%
 200  KF973319    0.60%    passed     98.03%
 201  KP258725    0.77%    passed     99.18%
 202  KP258696    0.78%    passed     99.31%
 203  KF973340    0.59%    passed     97.66%
 204  KP258707    0.76%    passed     99.13%
 205  KJ723487    0.77%    passed     99.26%
 206  KJ627662    0.66%    passed     98.89%
 207  KP258710    0.76%    passed     99.29%
 208  KJ723464    0.78%    passed     96.89%
 209  KF973339    0.48%    passed     95.87%
 210  KJ723490    0.76%    passed     99.42%
 211  KJ627720    0.58%    passed     99.08%
 212  KJ939950    0.09%    passed     99.93%
 213  KJ939964    0.09%    passed     99.99%
 214  KM042386    0.81%    passed     99.97%
 215  KJ672465    0.81%    passed     99.77%
 216  KC978856    0.54%    passed     95.84%
 217  KJ672441    0.81%    passed     99.86%
 218  KU950594    0.82%    passed     99.67%
 219  KU316121    0.80%    passed     98.73%
 220  KU950505    0.42%    passed     99.76%
 221  KU316157    1.86%    passed     92.36%
 222  KU316148    0.78%    passed     99.73%
 223  KJ939938    0.09%    passed     99.86%
 224  KJ627693    0.60%    passed     99.21%
 225  KJ723488    0.93%    passed     98.74%
 226  KJ627690    0.61%    passed     98.71%
 227  KJ627703    1.10%    passed     99.49%
 228  JX015486    0.12%    passed     98.45%
 229  KP258743    0.77%    passed     99.06%
 230  KU950531    0.51%    passed     99.94%
 231  KJ939963    0.09%    passed     99.99%
 232  KJ627667    0.66%    passed     98.73%
 233  KJ723465    0.77%    passed     98.73%
 234  KJ672482    0.81%    passed     99.92%
 235  JX015483    0.11%    passed     99.75%
 236  KU316166    1.34%    passed     97.00%
 237  KJ627696    0.47%    passed     98.84%
 238  KJ627718    0.76%    passed     98.75%
 239  JX015487    0.09%    passed     98.91%
 240  KJ672467    0.81%    passed     99.99%
 241  KU316137    0.77%    passed     99.22%
 242  KJ672477    0.81%    passed     99.90%
 243  KJ672459    0.81%    passed     99.74%
 244  KJ672470    0.81%    passed     99.97%
 245  JF920062    0.64%    passed     98.22%
 246  KJ672469    0.81%    passed     99.66%
 247  KJ939935    0.09%    passed     99.95%
 248  KJ627656    0.47%    passed     99.00%
 249  KJ627687    0.51%    passed     99.51%
 250  KJ672453    0.81%    passed     99.95%
 251  KF973320    0.39%    passed     95.89%
 252  KF973321    0.38%    passed     95.88%
 253  JX015485    0.09%    passed     98.76%
 254  KJ723462    0.77%    passed     99.66%
 255  KP258734    0.77%    passed     98.97%
 256  KJ939958    0.20%    passed     99.95%
 257  KF973335    0.89%    passed     98.19%
 258  KU316141    0.81%    passed     98.59%
 259  JF920057    0.54%    passed     99.50%
 260  KJ672435    0.81%    passed     99.99%
 261  JF920065    0.49%    passed     99.79%
 262  KJ939949    0.09%    passed     99.99%
 263  KJ672455    0.81%    passed     99.85%
 264  KJ627731    0.60%    passed     99.45%
 265  KJ627676    0.74%    passed     99.25%
 266  JX015481    0.12%    passed     99.20%
 267  JX015499    0.13%    passed     99.01%
 268  KJ672433    0.78%    passed     99.85%
 269  JX015489    0.12%    passed     99.77%
 270  JX015496    0.12%    passed     99.92%
 271  KJ627679    0.56%    passed     99.28%
 272  KJ672428    0.81%    passed     99.91%
 273  JX015488    0.08%    passed     98.07%
 274  KJ627670    0.88%    passed     98.98%
 275  KJ627725    0.54%    passed     99.09%
 276  JX015482    0.68%    passed     99.98%
 277  JX015498    0.14%    passed     99.73%
 278  JX015480    0.07%    passed     99.77%
 279  JX015495    0.12%    passed     99.55%
 280  KJ627672    0.51%    passed     99.60%
 281  KJ939937    0.09%    passed     99.88%
 282  KF973332    0.91%    passed     98.02%
 283  KJ627686    0.31%    passed     99.67%
 284  KU316090    0.77%    passed     99.25%
 285  KU316143    0.39%    passed     99.28%
 286  KJ627683    0.62%    passed     97.94%
 287  KJ939946    0.09%    passed     99.86%
 288  KJ627707    0.58%    passed     99.08%
 289  KJ672466    0.81%    passed     99.97%
 290  KJ627688    0.68%    passed     99.12%
 291  KJ627657    0.56%    passed     99.60%
 292  KJ672475    0.81%    passed     99.97%
 293  KJ672452    0.81%    passed     99.92%
 294  KJ672448    0.82%    passed    100.00%
 295  KJ627674    0.58%    passed     99.39%
 296  KJ672432    0.82%    passed     99.99%
 297  KJ627709    0.66%    passed     99.05%
 298  KJ672464    0.81%    passed     99.99%
 299  KJ627702    0.58%    passed     97.65%
 300  KJ627733    0.50%    passed     99.52%
 301  KJ627706    0.44%    passed     98.69%
 302  KJ672456    0.81%    passed     99.95%
 303  KJ627648    0.42%    passed     99.03%
 304  KJ627714    0.49%    passed     98.50%
 305  KJ627652    0.58%    passed     99.41%
 306  KJ672484    0.81%    passed     99.92%
 307  KJ627682    0.70%    passed     99.22%
 308  KJ627721    0.85%    passed     99.36%
 309  KJ672447    0.77%    passed     99.27%
 310  KJ627685    0.55%    passed     99.54%
 311  KJ627664    0.68%    passed     99.53%
 312  KJ672424    0.81%    passed     99.96%
 313  KF973327    0.59%    passed     97.88%
 314  KF973322    0.38%    passed     95.88%
 315  KJ627675    0.66%    passed     99.42%
 316  KJ672479    0.77%    passed     99.27%
 317  KJ627666    0.66%    passed     98.71%
 318  KJ672458    0.82%    passed     99.90%
 319  KJ672446    0.81%    passed     99.95%
 320  KJ672427    0.81%    passed     99.86%
 321  KJ627723    0.74%    passed     99.14%
 322  KJ627710    0.63%    passed     99.53%
 323  KJ627668    0.32%    passed     99.67%
 324  KJ627704    0.75%    passed     98.67%
 325  KJ672462    0.78%    passed     99.32%
 326  KJ672444    0.81%    passed     99.99%
 327  KJ627705    0.34%    passed     98.17%
 328  KJ627717    0.28%    passed     99.32%
 329  KJ672449    0.81%    passed     99.87%
 330  KJ672429    0.82%    passed     99.99%
 331  KJ627722    0.55%    passed     99.27%
 332  KJ627715    0.87%    passed     99.46%
 333  KJ672439    0.81%    passed     99.82%
 334  KJ672461    0.81%    passed     99.96%
 335  KJ627727    0.88%    passed     99.33%
 336  KJ627649    0.67%    passed     97.94%
 337  KJ672431    0.81%    passed     99.90%
 338  KJ627724    0.58%    passed     99.53%
 339  KJ672471    0.82%    passed     99.98%
 340  KJ672450    0.81%    passed     99.97%
 341  KJ627729    0.36%    passed     98.79%
 342  KJ627663    0.89%    passed     99.71%
 343  KJ627647    0.54%    passed     99.55%
 344  KJ672442    0.81%    passed     99.98%
 345  KJ672437    0.82%    passed     99.54%
 346  KJ627659    0.56%    passed     99.16%
 347  KJ627708    0.65%    passed     98.83%
 348  KJ672443    0.81%    passed     99.93%
 349  KJ627678    0.56%    passed     99.74%
 350  KJ627671    0.46%    passed     99.55%
 351  KJ672483    0.78%    passed     99.38%
 352  KJ672463    0.81%    passed     99.95%
 353  KJ672434    0.81%    passed     99.95%
 354  KJ627695    0.47%    passed     98.84%
 355  KJ627728    0.88%    passed     99.45%
 356  KJ627719    0.49%    passed     97.04%
 357  KJ672454    0.82%    passed     99.99%
 358  KJ627684    0.44%    passed     99.33%
 359  KJ672440    0.82%    passed     99.95%
 360  KJ672460    0.81%    passed     99.95%
 361  KJ672472    0.81%    passed     99.92%
 362  KP258732    0.76%    passed     99.28%
 363  KJ672436    0.81%    passed     99.69%
 364  JX015493    0.12%    passed     99.79%
 365  KJ672426    0.81%    passed     99.89%
 366  KP258701    0.76%    passed     98.59%
 367  KM042384    0.81%    passed     99.94%
 368  KP258737    0.78%    passed     99.07%
 369  KM042390    0.82%    passed     99.84%
 370  KJ672474    0.77%    passed     99.26%
 371  JF920051    0.71%    passed     99.79%
 372  KP258704    0.92%    passed     98.39%
 373  KM042388    0.81%    passed     99.62%
 374  KP258699    0.79%    passed     99.17%
 375  KJ672457    0.81%    passed     99.56%
 376  KP258733    0.75%    passed     99.60%
 377  KP258703    0.76%    passed     99.21%
 378  KJ672468    0.81%    passed    100.00%
 379  KF973323    0.39%    passed     95.89%
 380  JF920054    0.84%    passed     99.79%
 381  JF920052    0.69%    passed     99.65%
 382  JF920053    0.86%    passed     99.67%
 383  JF920049    0.53%    passed     99.77%
 384  JF920048    0.53%    passed     99.89%
 385  KF973338    0.38%    passed     96.06%
 386  KF973330    0.39%    passed     95.85%
 387  JX015491    0.12%    passed     99.65%
 388  KJ939948    0.07%    passed     98.98%
 389  KP258728    0.76%    passed     99.22%
 390  KF973326    0.66%    passed     95.71%
 391  KU316093    0.76%    passed     95.95%
 392  KU316178    0.76%    passed     99.65%
 393  KJ939961    0.11%    passed     98.81%
 394  JF920046    0.56%    passed     99.27%
 395  KJ939959    0.22%    passed     99.98%
 396  KJ939956    0.22%    passed     99.94%
 397  JX015479    0.12%    passed     99.95%
 398  KP258715    0.76%    passed     95.65%
 399  KM042383    0.81%    passed     99.95%
 400  KU316161    0.76%    passed     98.94%
 401  KF973324    0.56%    passed     98.30%
 402  KP258726    0.76%    passed     98.85%
 403  KU316145    0.78%    passed     99.59%
 404  KF973328    0.38%    passed     95.88%
 405  KJ627284    0.78%    passed     98.61%
 406  KU316149    0.77%    passed     98.24%
 407  JX015494    0.12%    passed     99.95%
 408  JX015492    0.12%    passed     99.45%
 409  KJ672480    0.95%    passed     99.94%
 410  KM517572    0.14%    passed     99.63%
 411  JX015484    0.14%    passed     99.32%
 412  KJ939951    0.09%    passed     99.99%
 413  KM042381    0.96%    passed     99.94%
 414  JX015490    0.12%    passed     99.76%
 415  JX015497    0.12%    passed     99.88%
 416  KU316131    0.74%    passed     99.33%
 417  KJ939970    0.09%    passed     99.74%
 418  KJ723468    0.78%    passed     95.15%
 419  KJ723473    0.76%    passed     99.51%
 420  KM042392    0.81%    passed     99.92%
 421  KJ723492    0.78%    passed     98.75%
 422  KJ939942    0.09%    passed     99.99%
 423  KM042385    0.81%    passed     99.98%
 424  KU316176    0.76%    passed     99.28%
 425  KP258727    0.76%    passed     99.24%
 426  KU950567    0.42%    passed     99.86%
 427  KP258722    0.76%    passed     99.01%
 428  KM042389    1.10%    passed     99.98%
 429  KU316098    1.41%    passed     99.74%
 430  KU839637    0.81%    passed     99.87%
 431  KU316096    0.76%    passed     98.41%
 432  KU316104    1.31%    passed     99.35%
 433  KU316167    0.76%    passed     98.92%
 434  KU950628    0.49%    passed     99.85%
 435  KU316110    0.77%    passed     99.64%
 436  KU316091    1.69%    passed     94.66%
 437  KU316126    0.78%    passed     99.56%
 438  KU316170    0.76%    passed     99.01%
 439  KU316135    0.77%    passed     99.25%
 440  KU316118    0.78%    passed     99.99%
 441  KU950683    0.42%    passed     99.69%
 442  KU950473    0.77%    passed     99.29%
 443  KU950590    0.42%    passed     99.53%
 444  KU950557    0.47%    passed     99.84%
 445  KU950524    0.42%    passed     99.82%
 446  KU950506    0.62%    passed     99.76%
 447  KU950644    1.36%    passed     99.30%
 448  KU950643    0.43%    passed     99.89%
 449  KU839631    0.81%    passed     99.77%
 450  KU950654    0.42%    passed     99.95%
 451  KU950546    0.42%    passed     99.95%
 452  KU950629    0.45%    passed     98.88%
 453  KU950636    0.43%    passed     99.87%
 454  KU950485    0.43%    passed     99.85%
 455  KU950513    1.58%    passed     97.30%
 456  KU950491    1.87%    passed     99.63%
 457  KU950498    0.43%    passed     99.89%
 458  KU950661    0.41%    passed     99.54%
 459  KU950472    1.20%    passed     99.70%
 460  KU950642    0.51%    passed     99.71%
 461  KU950698    0.42%    passed     99.58%
 462  KU839630    0.81%    passed     99.85%
 463  KU950475    0.42%    passed     99.98%
 464  KU316139    1.79%    passed     98.53%
 465  KU950464    0.42%    passed     99.44%
 466  KU950511    0.41%    passed     99.85%
 467  KU950696    0.42%    passed     99.95%
 468  KU950519    0.43%    passed     99.69%
 469  KU950474    0.42%    passed     99.83%
 470  KU316138    0.75%    passed     99.49%
 471  KU950655    0.42%    passed     99.65%
 472  KU950518    0.43%    passed     99.51%
 473  KU950483    0.51%    passed     99.95%
 474  KU950456    0.43%    passed     99.59%
 475  KU950677    0.42%    passed     99.98%
 476  KU316092    0.81%    passed     97.07%
 477  KU950541    0.49%    passed     99.76%
 478  KU950469    0.42%    passed     99.90%
 479  KU950487    0.37%    passed     99.60%
 480  KU950615    0.48%    passed     99.81%
 481  KU950480    0.43%    passed     99.92%
 482  KU950680    0.47%    passed     99.82%
 483  KU950666    1.55%    passed     98.44%
 484  KU950617    0.53%    passed     99.98%
 485  KU950540    0.47%    passed     99.99%
 486  KU839639    0.81%    passed     99.69%
 487  KU950493    0.51%    passed     99.97%
 488  KU950499    1.62%    passed     95.65%
 489  KU950627    0.45%    passed     99.70%
 490  KU950671    0.55%    passed     99.97%
 491  KU950639    0.42%    passed     99.59%
 492  KU950624    0.42%    passed     99.97%
 493  KU316125    1.78%    passed     99.22%
 494  KU950507    0.42%    passed     99.94%
 495  KU950564    0.37%    passed     99.36%
 496  KU950634    1.12%    passed     99.85%
 497  KU950651    0.42%    passed     99.87%
 498  KU950563    0.81%    passed     99.99%
 499  KU316133    0.79%    passed     99.00%
 500  KU950528    0.51%    passed     99.94%
 501  KU950646    0.42%    passed     99.88%
 502  KU950585    0.52%    passed     99.66%
 503  KU950523    0.47%    passed     99.97%
 504  KU950694    0.49%    passed     99.92%
 505  KU950521    0.54%    passed     99.84%
 506  KU950455    0.51%    passed     99.73%
 507  KU950670    0.75%    passed     99.11%
 508  KU950664    0.45%    passed     99.70%
 509  KU839624    0.81%    passed     99.74%
 510  KU950579    0.42%    passed     99.88%
 511  KU950529    0.42%    passed     99.89%
 512  KU950501    0.77%    passed     99.32%
 513  KU950573    1.60%    passed     99.37%
 514  KU950560    1.34%    passed     98.37%
 515  KU950538    0.45%    passed     99.80%
 516  KU950595    0.42%    passed     99.83%
 517  KU950509    0.40%    passed     99.78%
 518  KU950486    0.43%    passed     99.91%
 519  KU950667    0.49%    passed     99.47%
 520  KU950685    0.45%    passed     99.99%
 521  KU950652    0.49%    passed     99.80%
 522  KU950554    0.81%    passed     99.93%
 523  KU950544    0.41%    passed     99.50%
 524  KU950608    1.59%    passed     97.46%
 525  KU950522    0.42%    passed     99.92%
 526  KU950556    0.86%    passed     99.93%
 527  KU950537    0.43%    passed     99.92%
 528  KU950623    0.42%    passed     99.66%
 529  KU950673    0.52%    passed     99.68%
 530  KU950686    0.43%    passed     99.92%
 531  KU950520    0.79%    passed     99.55%
 532  KU950536    0.43%    passed     99.91%
 533  KU950616    0.78%    passed     99.44%
 534  KU950632    0.81%    passed     99.90%
 535  KU950626    1.42%    passed     99.53%
 536  KU950502    0.51%    passed     99.80%
 537  KU950598    0.49%    passed     99.80%
 538  KU950692    0.45%    passed     99.56%
 539  KU950631    0.42%    passed     99.88%
 540  KU950610    0.43%    passed     99.59%
 541  KU950609    0.39%    passed     99.72%
 542  KU950658    0.94%    passed     99.92%
 543  KU950550    0.44%    passed     99.96%
 544  KU950583    0.51%    passed     99.99%
 545  KU950561    0.47%    passed     99.41%
 546  KU839626    0.81%    passed     99.70%
 547  KU950674    0.43%    passed     99.86%
 548  KU950470    0.51%    passed     99.82%
 549  KU950549    0.43%    passed     99.48%
 550  KU950527    1.09%    passed     99.93%
 551  KU950645    0.82%    passed     99.88%
 552  KU950596    0.45%    passed     99.58%
 553  KU950638    0.42%    passed     99.11%
 554  KU950581    0.41%    passed     99.87%
 555  KU950459    1.17%    passed     99.60%
 556  MN306048    0.41%    passed     99.68%
 557  MN306050    0.45%    passed     99.71%
 558  MN306054    0.72%    passed     99.25%
 559  MN310477    1.22%    passed     99.89%
 560  KU950650    0.42%    passed     99.59%
 561  KX765920    0.82%    passed     99.88%
 562  MH383066    0.41%    passed     99.89%
 563  KX655615    0.78%    passed     99.48%
 564  KX655616    0.83%    passed     99.56%
 565  MN306017    0.24%    passed     99.92%
 566  MN306030    1.23%    passed     94.73%
 567  MN306031    0.61%    passed     94.36%
 568  MN306029    0.70%    passed     99.97%
 569  KX655617    0.81%    passed     99.68%
 570  KX655618    0.80%    passed    100.00%
 571  KX655619    1.25%    passed     98.95%
 572  KX655620    1.74%    passed     85.61%
 573  KX655621    1.66%    passed     94.37%
 574  KX655623    1.54%    passed     95.98%
 575  KX655622    0.81%    passed     99.71%
 576  KX655627    0.95%    passed     99.75%
 577  KX655628    0.81%    passed     99.50%
 578  KX655630    0.78%    passed     99.73%
 579  KX655631    1.50%    passed     96.17%
 580  KX655632    0.83%    passed     99.64%
 581  KX655634    0.80%    passed     99.98%
 582  KX655626    1.89%    passed     97.38%
 583  KX655635    1.56%    passed     98.70%
 584  KX655636    1.58%    passed     92.63%
 585  KX655639    0.79%    passed     99.76%
 586  KX655638    0.83%    passed     96.89%
 587  KX655637    0.81%    passed     99.34%
 588  KX655647    0.83%    passed     99.88%
 589  KX655643    1.43%    passed     99.89%
 590  KX655651    2.00%    passed     96.14%
 591  KX655650    0.81%    passed     99.62%
 592  KX655652    0.81%    passed     99.90%
 593  KX655640    0.89%    passed     98.57%
 594  KX655656    1.58%    passed     99.59%
 595  KX655644    0.51%    passed     99.85%
 596  KX655657    0.89%    passed     99.86%
 597  KX655658    0.85%    passed     99.99%
 598  KX655659    0.44%    passed     99.12%
 599  KX655662    0.81%    passed     99.82%
 600  KX655663    2.02%    passed     93.93%
 601  KX655665    1.43%    passed     89.92%
 602  KX655667    1.35%    passed     99.43%
 603  KX655666    1.29%    passed     99.91%
 604  KX655670    1.89%    passed     95.58%
 605  KX655673    0.81%    passed     99.44%
 606  KX655676    0.85%    passed     99.92%
 607  KX655677    1.89%    passed     98.65%
 608  KX655672    0.81%    passed     99.84%
 609  KX655678    0.81%    passed     99.57%
 610  KX655675    0.47%    passed     99.71%
 611  KX655691    0.80%    passed     99.97%
 612  KX655679    1.16%    passed     99.87%
 613  KX655682    1.64%    passed     94.78%
 614  KX655687    1.67%    passed     93.11%
 615  KX655680    0.86%    passed     99.72%
 616  KX655689    1.86%    passed     92.85%
 617  KX655692    1.04%    passed     99.90%
 618  KX655695    1.77%    passed     80.82%
 619  KX655699    1.85%    passed     83.30%
 620  KX655694    1.15%    passed     96.06%
 621  KX655697    0.80%    passed     99.98%
 622  KX655696    0.81%    passed     99.68%
 623  KX765896    0.81%    passed     99.81%
 624  KX765886    0.47%    passed     99.89%
 625  KX765887    0.47%    passed     99.90%
 626  KX765901    1.65%    passed     99.62%
 627  KX765891    0.78%    passed     97.33%
 628  KX765894    0.46%    passed     96.79%
 629  KX765910    0.83%    passed     99.78%
 630  KX765902    0.47%    passed     99.95%
 631  KX765898    0.47%    passed     99.86%
 632  KX765904    0.47%    passed     99.44%
 633  KX765913    0.81%    passed     99.83%
 634  KX765918    0.80%    passed     99.70%
 635  KX765914    0.48%    passed     99.93%
 636  KX765911    0.46%    passed     97.56%
 637  MG642063    0.75%    passed     99.23%
 638  KX765915    0.46%    passed     99.91%
 639  MG642071    0.75%    passed     99.46%
 640  KX765916    0.47%    passed     99.31%
 641  MG642070    0.77%    passed     99.85%
 642  KX765917    0.46%    passed     99.83%
 643  MG642074    0.75%    passed     97.79%
 644  KX765919    0.47%    passed     99.44%
 645  KY782635    0.12%    passed     97.53%
 646  KY460517    0.89%    passed     96.91%
 647  KY982516    0.51%    passed     99.97%
 648  KY967362    0.91%    passed     98.49%
 649  KX765928    0.42%    passed     98.35%
 650  KY982517    0.49%    passed     99.96%
 651  KX765925    0.47%    passed     99.53%
 652  KX765933    0.39%    passed     99.19%
 653  KX765926    0.46%    passed     99.90%
 654  KX765934    0.81%    passed     99.65%
 655  KX765931    0.46%    passed     97.38%
 656  KX765932    0.47%    passed     99.90%
 657  KX765971    0.47%    passed     99.52%
 658  MG642032    0.78%    passed     99.39%
 659  MG642030    0.78%    passed     99.01%
 660  KX765936    0.47%    passed     99.28%
 661  KX765972    0.47%    passed     99.44%
 662  MG642031    0.76%    passed     99.08%
 663  MG642033    0.75%    passed     99.22%
 664  KX765974    0.47%    passed     99.33%
 665  MG642034    0.76%    passed     99.50%
 666  MG642035    0.75%    passed     99.57%
 667  KX765977    0.47%    passed     99.93%
 668  MG642040    0.78%    passed     99.25%
 669  MG642055    0.76%    passed     99.30%
 670  MG642050    0.74%    passed     99.32%
 671  MG642052    0.76%    passed     98.72%
 672  MG642048    0.76%    passed     99.22%
 673  MG642056    0.76%    passed     98.57%
 674  MG642061    0.76%    passed     98.94%
 675  MG642058    0.78%    passed     99.25%
 676  KX765937    0.87%    passed     99.94%
 677  KX765942    0.39%    passed     99.73%
 678  KX765946    1.65%    passed     96.18%
 679  KX765938    0.46%    passed     96.77%
 680  KX765940    0.47%    passed     99.11%
 681  KX765939    0.47%    passed     99.44%
 682  KX765941    0.47%    passed     99.94%
 683  KX765944    0.47%    passed     99.50%
 684  KX765948    0.47%    passed     99.90%
 685  KX765953    0.81%    passed     99.94%
 686  KX765951    0.47%    passed     99.94%
 687  KX765950    0.47%    passed     99.93%
 688  KX765958    0.88%    passed     99.80%
 689  KX765954    0.81%    passed     99.42%
 690  KX765955    0.47%    passed     99.94%
 691  KX765956    0.47%    passed     99.88%
 692  KX765969    0.82%    passed     99.74%
 693  KX894796    0.81%    passed     99.69%
 694  KX765967    0.46%    passed     98.33%
 695  KX894798    0.78%    passed     99.32%
 696  KX765960    0.47%    passed     98.84%
 697  KX765970    0.47%    passed     99.49%
 698  KX894800    0.77%    passed     99.27%
 699  KX894797    0.81%    passed     99.84%
 700  KX894799    0.81%    passed    100.00%
 701  MH279547    0.36%    passed     99.83%
 702  KX894803    0.48%    passed     99.95%
 703  KX894806    0.82%    passed    100.00%
 704  KX894804    0.81%    passed     99.97%
 705  KX894805    0.81%    passed     99.81%
 706  MG431254    0.25%    passed     99.98%
 707  MH290724    0.49%    passed     99.92%
 708  MG642024    0.78%    passed     99.09%
 709  MG431255    0.28%    passed     98.32%
 710  MG642026    0.76%    passed     98.03%
 711  MG642028    0.78%    passed     99.05%
 712  MF001039    1.62%    passed     99.42%
 713  MF001041    0.70%    passed     99.58%
 714  MF001043    0.70%    passed     99.77%
 715  MG027862    0.39%    passed     94.84%
 716  KY883567    0.88%    passed     99.77%
 717  MF001049    0.71%    passed     99.89%
 718  MF001050    0.57%    passed     99.93%
 719  KY883566    0.51%    passed     99.94%
 720  MF001053    0.95%    passed     99.90%
 721  MF001054    0.68%    passed     99.89%
 722  MF001052    0.56%    passed     98.19%
 723  MF001051    0.68%    passed     99.98%
 724  MF001056    1.34%    passed     98.94%
 725  MG642077    0.76%    passed     99.48%
 726  MG642079    0.76%    passed     99.08%
 727  MF001057    0.52%    passed     99.83%
 728  MG642080    0.74%    passed     99.39%
 729  MG642081    0.76%    passed     98.52%
 730  MG642083    0.79%    passed     98.89%
 731  MK167035    0.52%    passed     99.88%
 732  MK167036    0.28%    passed     99.48%
 733  MK749886    1.33%    passed     99.84%
 734  MK749884    1.33%    passed     99.67%
 735  MK749867    1.33%    passed     99.76%
 736  MK749890    1.33%    passed     99.91%
 737  MK749895    1.34%    passed     99.88%
 738  MK749893    1.33%    passed     99.74%
 739  MF614946    0.43%    passed     99.66%
 740  MF614947    0.41%    passed     99.86%
 741  MH447952    1.23%    passed     97.71%
 742  MH447951    0.52%    passed     99.88%
 743  MH447955    0.47%    passed     99.53%
 744  MH447956    0.49%    passed     99.69%
 745  MH447953    0.59%    passed     99.89%
 746  MH447958    0.56%    passed     99.87%
 747  MH447959    0.51%    passed     99.73%
 748  MH447957    0.57%    passed     99.78%
 749  MG793382    0.40%    passed     99.97%
 750  MH447960    0.50%    passed     99.95%
 751  MK109763    0.85%    passed     99.51%
 752  LC474558    0.44%    passed     99.48%
 753  MK109772    0.83%    passed     99.66%
 754  LC474557    0.43%    passed     99.28%
 755  LC474556    0.45%    passed     99.80%
 756  MG839543    0.54%    passed     99.96%
 757  MK109777    1.66%    passed     91.90%
 758  MK109785    0.81%    passed     99.38%
 759  MK109774    0.81%    passed     99.68%
 760  MK109776    0.81%    passed     99.74%
 761  MK109773    0.81%    passed     99.90%
 762  MK109775    0.81%    passed     99.83%
 763  MK749909    1.33%    passed     99.88%
 764  MK749912    1.33%    passed     99.65%
 765  MN630088    0.72%    passed     99.15%
 766  MK749917    1.33%    passed     99.96%
 767  MK749913    1.27%    passed     99.91%
 768  MN630090    0.80%    passed     99.64%
 769  MN630089    0.61%    passed     99.45%
 770  MK749911    1.35%    passed     99.97%
 771  MN630092    4.11%    passed     77.62%
 772  MN630097    1.29%    passed     98.81%
 773  MN630093    0.78%    passed     99.80%
 774  MN630101    2.93%    passed     81.85%
 775  MN630099    0.74%    passed     99.60%
 776  MN630096    1.02%    passed     99.32%
 777  MN630098    1.37%    passed     98.53%
 778  MN630100    0.41%    passed     99.71%
 779  MN630102    1.78%    passed     95.72%
 780  MN630107    4.57%    passed     79.71%
 781  MN630103    3.05%    passed     92.29%
 782  MN630104    0.38%    passed     99.81%
 783  MG813977    1.45%    passed     98.53%
 784  MG813978    1.43%    passed     96.60%
 785  MN630105    2.20%    passed     93.41%
 786  MG813980    1.43%    passed     99.19%
 787  MG813979    1.43%    passed     96.60%
 788  MG813982    1.73%    passed     98.28%
 789  MG813981    1.43%    passed     99.19%
 790  MG813984    1.43%    passed     99.50%
 791  MG813983    1.43%    passed     98.96%
 792  MG813985    1.43%    passed     99.50%
 793  MG813987    1.88%    passed     97.42%
 794  MG813986    1.68%    passed     99.28%
 795  MG813988    1.46%    passed     99.19%
 796  MG813990    1.43%    passed     99.18%
 797  MG813993    1.43%    passed     98.33%
 798  MG813991    1.43%    passed     99.18%
 799  MG813992    1.46%    passed     98.81%
 800  MN531557    2.59%    passed     96.07%
 801  MN630106    0.90%    passed     99.68%
 802  LC530050    0.40%    passed     99.97%
 803  MT422270    2.21%    passed     99.06%
 804  MN251607    3.48%    passed     88.19%
 805  MT422271    2.21%    passed     93.18%
 806  MT422272    2.21%    passed     93.18%
 807  MT422273    2.25%    passed     93.66%
 808  MW020596    0.56%    passed     99.91%
 809  MW020597    0.55%    passed     99.95%
 810  MW020598    0.58%    passed     99.99%
 811  MW020599    0.56%    passed     99.96%
 812  MT506703    0.61%    passed     99.30%
 813  MW160746    0.51%    passed     99.55%
 814  MW582528    0.13%    passed     99.97%
 815  MW033958    0.20%    passed     99.94%
 816  MW160749    0.52%    passed     99.97%
 817  MW160747    0.51%    passed     99.75%
 818  MW160753    0.53%    passed     97.59%
 819  MW160759    0.56%    passed     99.97%
 820  MW160758    0.52%    passed     99.88%
 821  MW160756    0.52%    passed     99.83%
 822  MW160754    0.56%    passed     99.92%
 823  MW160761    0.53%    passed     99.93%
 824  MW160762    0.52%    passed     98.93%
 825  MW160764    0.76%    passed     99.96%
 826  MW160766    0.51%    passed     99.61%
 827  MW160771    0.62%    passed     99.92%
 828  MW160768    0.53%    passed     99.84%
 829  MW160773    0.52%    passed     99.63%
 830  MW160767    0.53%    passed     99.92%
 831  MW160772    0.53%    passed     99.93%
 832  MW160774    0.52%    passed     97.78%
 833  MW160778    1.59%    passed     98.77%
 834  MW160776    0.52%    passed     99.67%
 835  MW160783    0.53%    passed     99.84%
 836  MW160779    0.75%    passed     99.97%
 837  MW160787    0.52%    passed     99.80%
 838  MW160782    1.47%    passed     99.54%
 839  MW160795    0.52%    passed     99.38%
 840  MW160785    0.52%    passed     97.44%
 841  MW160797    0.52%    passed     99.97%
 842  MW160799    0.52%    passed     99.90%
 843  MW160801    0.51%    passed     99.80%
 844  MW160803    0.52%    passed     99.86%
 845  MW160807    0.52%    passed     99.95%
 846  MW160809    0.53%    passed     99.38%
 847  MW160819    0.52%    passed     95.46%
 848  MW160820    1.56%    passed     92.48%
 849  MW160822    0.52%    passed     99.91%
 850  MW160824    0.52%    passed     99.80%
 851  MW160827    0.56%    passed     99.63%
 852  MW160825    0.52%    passed     99.91%
 853  MW160828    0.53%    passed     99.89%
 854  MW160830    0.52%    passed     99.81%
 855  MZ515643    0.13%    passed     99.58%
 856  MZ515645    0.13%    passed     99.39%
 857  MZ515649    0.13%    passed     99.98%
 858  MZ515647    0.11%    passed     99.42%
 859  MZ515650    0.10%    passed     98.93%
 860  MZ515651    0.14%    passed     98.87%
 861  MZ515655    0.10%    passed     98.93%
 862  MZ515652    0.16%    passed     99.75%
 863  MZ515668    0.12%    passed     99.92%
 864  MZ515666    0.13%    passed     99.94%
 865  MZ515682    0.14%    passed     99.90%
 866  MZ515679    0.12%    passed     99.58%
 867  MZ515681    0.11%    passed     99.90%
 868  MZ515687    0.13%    passed     99.79%
 869  MZ515680    0.13%    passed     99.58%
 870  MZ515685    0.14%    passed     99.80%
 871  MZ515689    0.13%    passed     99.90%
 872  MZ515690    0.24%    passed     99.59%
 873  MZ515692    0.12%    passed     99.84%
 874  MZ515688    0.16%    passed     99.20%
 875  MZ516057    0.16%    passed     99.05%
 876  MZ516055    0.16%    passed     99.93%
 877  MZ516053    0.16%    passed     99.41%
 878  MZ516058    0.16%    passed     99.94%
 879  MZ516063    0.11%    passed     99.37%
 880  MZ516067    0.11%    passed     99.37%
 881  MZ516066    0.14%    passed     99.91%
 882  MZ516073    0.13%    passed     99.94%
 883  MZ516068    0.13%    passed     99.53%
 884  MZ516071    0.17%    passed     99.16%
 885  MZ516074    0.14%    passed     99.80%
 886  MZ516072    0.13%    passed     99.22%
 887  MZ516077    0.15%    passed     99.30%
 888  MZ516080    0.14%    passed     99.21%
 889  MZ516076    0.13%    passed     99.94%
 890  MZ516075    0.14%    passed     99.12%
 891  MZ516086    0.12%    passed     99.82%
 892  MZ516087    0.15%    passed     99.93%
 893  MZ516090    0.13%    passed     98.79%
 894  MZ516088    0.16%    passed     99.07%
 895  MZ516092    0.13%    passed     99.95%
 896  MZ516097    0.49%    passed     99.27%
 897  MZ516093    0.16%    passed     99.81%
 898  MZ516096    0.61%    passed     99.36%
 899  MZ516103    0.21%    passed     99.30%
 900  MZ516100    0.11%    passed     99.87%
 901  MZ516110    0.15%    passed     99.56%
 902  MZ516108    0.18%    passed     99.96%
 903  MZ516111    0.12%    passed     99.84%
 904  MZ516120    0.13%    passed     99.49%
 905  MZ516112    0.11%    passed     98.68%
 906  MZ516118    0.16%    passed     99.99%
 907  MZ516130    0.17%    passed     99.57%
 908  MZ516129    0.17%    passed     98.96%
 909  MZ516132    0.16%    passed     99.21%
 910  MZ516134    0.14%    passed     99.88%
 911  MZ516137    0.13%    passed     99.91%
 912  MZ516000    0.16%    passed     99.23%
 913  MZ516007    0.18%    passed     99.17%
 914  MZ515999    0.68%    passed     99.88%
 915  MZ516002    0.13%    passed     99.86%
 916  MZ516004    5.62%    passed     77.49%
 917  MZ516005    1.60%    passed     99.87%
 918  MZ516008    0.13%    passed     99.08%
 919  MZ516010    0.50%    passed     99.68%
 920  MZ516012    0.14%    passed     99.55%
 921  MZ516011    0.13%    passed     99.20%
 922  MZ516023    0.13%    passed     99.96%
 923  MZ516015    0.13%    passed     99.94%
 924  MZ516019    1.68%    passed     98.97%
 925  MZ516017    0.12%    passed     99.82%
 926  MZ516014    0.13%    passed     99.49%
 927  MZ516024    0.13%    passed    100.00%
 928  MZ516026    0.14%    passed     99.96%
 929  MZ516027    0.12%    passed     99.48%
 930  MZ516029    0.13%    passed     98.75%
 931  MZ516028    0.16%    passed     99.40%
 932  MZ516031    0.17%    passed     99.16%
 933  MZ516038    0.14%    passed     99.05%
 934  MZ516033    0.13%    passed     99.48%
 935  MZ516040    0.16%    passed     99.69%
 936  MZ516039    0.12%    passed     99.81%
 937  MZ516043    0.14%    passed     99.91%
 938  MZ516047    0.14%    passed     99.91%
 939  MZ516044    0.14%    passed     99.96%
 940  MZ515555    0.12%    passed     99.87%
 941  MZ516052    0.14%    passed     99.99%
 942  MZ515559    0.15%    passed     99.88%
 943  MZ515564    0.53%    passed     99.83%
 944  MZ515566    0.13%    passed     97.44%
 945  MZ515567    0.16%    passed     99.36%
 946  MZ515568    0.13%    passed     99.96%
 947  MZ515570    0.17%    passed     99.89%
 948  MZ515572    0.51%    passed     99.44%
 949  MZ515569    0.16%    passed     99.88%
 950  MZ515571    0.13%    passed     99.30%
 951  MZ515573    0.14%    passed     98.30%
 952  MZ515575    0.16%    passed     99.78%
 953  MZ515580    0.16%    passed     99.01%
 954  MZ515579    0.17%    passed     99.32%
 955  MZ515576    0.16%    passed     99.82%
 956  MZ515585    0.14%    passed     99.12%
 957  MZ515588    0.22%    passed     99.96%
 958  MZ515583    0.13%    passed     98.72%
 959  MZ515592    0.13%    passed     99.93%
 960  MZ515593    0.71%    passed     99.53%
 961  MZ515606    0.19%    passed     99.58%
 962  MZ515597    0.15%    passed     99.97%
 963  MZ515600    0.16%    passed     99.94%
 964  MZ515609    0.16%    passed     99.98%
 965  MZ515614    0.13%    passed     99.41%
 966  MZ515616    0.13%    passed     99.99%
 967  MZ515619    0.12%    passed     99.78%
 968  MZ515617    0.11%    passed     99.37%
 969  MZ515620    0.15%    passed     99.90%
 970  MZ515626    0.59%    passed     99.86%
 971  MZ515623    0.14%    passed     99.92%
 972  MZ515628    0.13%    passed    100.00%
 973  MZ515629    0.39%    passed     99.96%
 974  MZ515631    0.13%    passed     99.74%
 975  MZ515632    0.15%    passed     99.62%
 976  MZ515633    0.14%    passed    100.00%
 977  MZ515634    0.13%    passed     99.49%
 978  MZ515640    0.13%    passed     99.03%
 979  MZ515641    0.16%    passed     99.99%
 980  MZ515693    0.11%    passed     99.87%
 981  MZ515695    0.18%    passed     99.80%
 982  MZ515696    0.14%    passed     99.24%
 983  MZ515701    0.16%    passed     99.14%
 984  MZ515700    0.13%    passed     99.96%
 985  MZ515706    0.14%    passed     99.09%
 986  MZ515703    0.17%    passed     98.92%
 987  MZ515717    0.13%    passed     99.99%
 988  MZ515718    0.16%    passed     99.30%
 989  MZ515709    0.16%    passed     98.95%
 990  MZ515731    0.15%    passed     99.67%
 991  MZ515723    0.12%    passed     99.80%
 992  MZ515720    0.16%    passed     98.95%
 993  MZ515735    0.11%    passed    100.00%
 994  MZ515737    0.29%    passed     99.54%
 995  MZ515734    3.25%    passed     98.23%
 996  MZ515740    0.16%    passed     98.85%
 997  MZ515749    0.15%    passed     99.05%
 998  MZ515744    0.13%    passed     99.77%
 999  MZ515755    0.16%    passed     99.82%
1000  MZ515758    0.17%    passed     99.94%
1001  MZ515752    0.09%    passed     99.87%
1002  MZ515760    1.46%    passed     98.71%
1003  MZ515768    1.30%    passed     99.58%
1004  MZ515772    0.16%    passed     99.93%
1005  MZ515773    0.12%    passed     99.51%
1006  MZ515766    0.16%    passed     99.05%
1007  MZ515777    0.14%    passed     99.44%
1008  MZ515780    0.13%    passed     99.84%
1009  MZ515781    0.14%    passed    100.00%
1010  MZ515784    0.13%    passed     99.79%
1011  MZ515789    0.16%    passed     99.97%
1012  MZ515782    0.13%    passed     98.79%
1013  MZ515790    0.13%    passed     99.96%
1014  MZ515797    0.35%    passed     99.95%
1015  MZ515795    1.20%    passed     99.60%
1016  MZ515800    0.13%    passed     99.96%
1017  MZ515801    0.14%    passed     99.12%
1018  MZ515802    0.17%    passed     99.97%
1019  MZ515804    0.11%    passed    100.00%
1020  MZ515803    0.13%    passed     99.58%
1021  MZ515811    0.13%    passed     99.48%
1022  MZ515814    0.16%    passed     99.95%
1023  MZ515819    0.13%    passed     99.93%
1024  MZ515825    0.16%    passed     99.91%
1025  MZ515821    0.21%    passed     98.77%
1026  MZ515834    0.13%    passed     99.94%
1027  MZ515833    0.17%    passed     99.37%
1028  MZ515828    0.12%    passed     99.67%
1029  MZ515835    0.17%    passed     99.49%
1030  MZ515840    0.14%    passed     99.94%
1031  MZ515847    0.13%    passed     99.91%
1032  MZ515848    0.14%    passed     99.91%
1033  MZ515842    0.14%    passed     98.86%
1034  MZ515851    0.11%    passed     99.99%
1035  MZ515850    0.16%    passed     99.68%
1036  MZ515841    0.12%    passed     98.42%
1037  MZ515852    0.16%    passed     99.99%
1038  MZ515854    0.12%    passed     99.61%
1039  MZ515853    0.13%    passed     99.93%
1040  MZ515859    0.16%    passed     99.19%
1041  MZ515864    0.13%    passed     99.94%
1042  MZ515862    0.18%    passed     99.99%
1043  MZ515860    0.13%    passed     98.93%
1044  MZ515861    0.34%    passed     99.89%
1045  MZ515866    0.18%    passed     99.91%
1046  MZ515870    0.16%    passed     99.96%
1047  MZ515873    0.14%    passed     99.12%
1048  MZ515877    0.14%    passed     99.01%
1049  MZ515882    0.11%    passed     99.76%
1050  MZ515878    1.06%    passed     99.12%
1051  MZ515884    0.13%    passed     99.87%
1052  MZ515880    0.16%    passed     99.75%
1053  MZ515887    0.13%    passed     99.94%
1054  MZ515888    2.33%    passed     99.80%
1055  MZ515898    0.16%    passed     98.94%
1056  MZ515891    0.13%    passed     99.95%
1057  MZ515902    0.16%    passed     99.98%
1058  MZ515901    0.13%    passed     99.32%
1059  MZ515907    0.13%    passed     99.65%
1060  MZ515905    0.15%    passed     99.19%
1061  MZ515908    0.16%    passed     99.82%
1062  MZ515909    0.16%    passed     99.80%
1063  MZ515910    0.12%    passed     99.79%
1064  MZ515911    0.13%    passed     99.65%
1065  MZ515923    0.12%    passed     99.73%
1066  MZ515922    0.13%    passed     99.93%
1067  MZ515913    0.16%    passed     99.38%
1068  MZ515927    0.13%    passed     99.95%
1069  MZ515921    0.16%    passed     99.71%
1070  MZ515928    0.12%    passed     99.73%
1071  MZ515931    0.14%    passed     99.94%
1072  MZ515929    0.13%    passed     99.81%
1073  MZ515933    0.13%    passed     99.91%
1074  MZ515939    0.18%    passed     99.96%
1075  MZ515942    0.12%    passed     99.92%
1076  MZ515940    0.13%    passed     99.03%
1077  MZ515941    0.13%    passed     99.80%
1078  MZ515943    0.17%    passed     99.32%
1079  MZ515948    0.16%    passed     99.30%
1080  MZ515945    0.17%    passed     99.72%
1081  MZ515951    0.14%    passed     99.71%
1082  MZ515954    0.11%    passed     99.37%
1083  MZ515956    0.16%    passed     99.98%
1084  MZ515957    0.37%    passed     99.93%
1085  MZ515959    0.16%    passed     99.94%
1086  MZ515961    0.13%    passed     99.20%
1087  MZ515963    0.14%    passed     99.73%
1088  MZ515964    0.11%    passed     99.42%
1089  MZ515962    0.14%    passed    100.00%
1090  MZ515966    0.13%    passed     99.83%
1091  MZ515969    0.12%    passed     99.63%
1092  MZ515971    0.13%    passed    100.00%
1093  MZ515967    0.15%    passed    100.00%
1094  MZ515973    0.16%    passed    100.00%
1095  MZ515984    0.14%    passed     99.40%
1096  MZ515985    0.16%    passed     99.34%
1097  MZ515980    0.57%    passed     99.93%
1098  MZ515986    0.13%    passed     98.75%
1099  MZ515989    0.14%    passed     99.80%
1100  MZ515992    0.16%    passed     99.82%
1101  MZ515987    0.14%    passed     99.40%
1102  MZ515993    0.13%    passed     99.94%
1103  MZ151852    2.21%    passed     98.62%
1104  MZ151853    2.21%    passed     98.28%
1105  OK649590    0.27%    passed     99.94%
1106  OK649592    0.20%    passed     99.46%
1107  OK649595    0.19%    passed     98.79%
1108  OK649596    0.33%    passed     98.52%
1109  MZ151854    2.21%    passed     90.54%
1110  MZ151855    2.21%    passed     90.54%
1111  OK649598    0.23%    passed     98.30%
1112  OK649597    0.24%    passed     98.78%
1113  OK649601    0.24%    passed     99.27%
1114  OK649600    0.24%    passed     98.64%
1115  OK649599    0.28%    passed     97.83%
1116  OK649602    0.19%    passed     98.90%
1117  OK649603    0.34%    passed     99.87%
1118  OK649609    0.42%    passed     99.53%
1119  OK649608    0.39%    passed     99.41%
1120  OK649605    0.30%    passed     99.90%
1121  OK649604    0.31%    passed     99.84%
1122  OK649607    0.20%    passed     98.51%
1123  OK649606    0.12%    passed     98.84%
1124  OK649610    0.14%    passed     99.98%
1125  OK649612    0.20%    passed     98.42%
1126  OK649611    0.35%    passed     98.85%
1127  OK649613    0.46%    passed     99.84%
1128  OK649615    0.30%    passed     98.59%
1129  OK649614    0.34%    passed     98.28%
1130  OK649617    0.23%    passed     98.37%
1131  OK649618    0.32%    passed     99.43%
1132  OK649616    0.18%    passed     99.24%
1133  OK649620    0.35%    passed     98.60%
1134  OK649619    0.30%    passed     98.83%
1135  OK649622    0.41%    passed     98.52%
1136  OK649621    0.35%    passed     99.40%
1137  OK649624    0.28%    passed     99.52%
1138  OK649623    0.34%    passed     99.61%
1139  OK649626    0.33%    passed     99.71%
1140  OK649630    0.47%    passed     98.47%
1141  OK649627    0.32%    passed     97.41%
1142  OK649631    0.45%    passed     98.35%
1143  OK649629    0.27%    passed     98.90%
1144  OK649632    0.37%    passed     99.32%
1145  OK649628    0.27%    passed     99.72%
1146  OK649634    0.22%    passed     99.67%
1147  OK649633    0.30%    passed     98.83%
1148  OK649635    0.14%    passed     98.95%
1149  OK649636    0.30%    passed     99.55%
1150  OK649638    0.31%    passed     99.59%
1151  OK649637    0.32%    passed     99.91%
1152  OK649639    0.51%    passed     99.71%
1153  OK649640    0.28%    passed     99.72%
1154  OK649641    0.34%    passed     99.39%
1155  OK649643    0.29%    passed     99.15%
1156  OK649642    0.32%    passed     99.47%
1157  OK649645    0.23%    passed     99.14%
1158  OK649646    0.26%    passed     98.43%
1159  OK649644    0.32%    passed     99.29%
1160  OK649647    0.24%    passed     99.55%
1161  OK649649    0.20%    passed     99.22%
1162  OK649648    0.18%    passed     99.08%
1163  OK649651    0.69%    passed     98.62%
1164  OK649650    0.48%    passed     97.98%
1165  OK649652    0.26%    passed     99.95%
1166  OK649653    0.40%    passed     99.01%
1167  OK649654    0.31%    passed     98.89%
1168  OK649655    0.33%    passed     98.42%
1169  OK649657    0.48%    passed     99.42%
1170  OK649656    0.30%    passed     99.00%
1171  OK649658    0.27%    passed     99.93%
1172  OK649659    0.34%    passed     99.97%
1173  OK649661    0.46%    passed     99.97%
1174  OK649660    0.36%    passed     97.07%
1175  OK649663    0.43%    passed     99.41%
1176  OK649664    0.43%    passed     99.99%
1177  OK649669    0.34%    passed     99.89%
1178  OK649672    0.21%    passed     94.04%
1179  OK649665    0.35%    passed     99.95%
1180  OK649666    0.32%    passed     99.94%
1181  OK649671    0.37%    passed     99.14%
1182  OK649667    0.35%    passed     99.61%
1183  OK649674    0.28%    passed     99.58%
1184  OK649677    0.24%    passed     99.59%
1185  OK649676    0.25%    passed     99.72%
1186  OK649678    0.28%    passed     99.75%
1187  OK649679    0.33%    passed     96.34%
1188  OK649683    0.34%    passed     99.89%
1189  OK649682    0.36%    passed     99.91%
1190  OK649684    0.31%    passed     99.65%
1191  OK649681    0.47%    passed     99.96%
****  TOTAL       0.60%  0 sequences failed composition chi2 test (p-value<5%; df=3)
NOTE: KJ627245 is identical to KJ627301 but kept for subsequent analysis
NOTE: KJ627346 is identical to KJ627326 but kept for subsequent analysis
NOTE: KJ627263 is identical to KJ627334 but kept for subsequent analysis
NOTE: KF973326 is identical to KF973336 but kept for subsequent analysis
NOTE: KF973321 is identical to KF973333 but kept for subsequent analysis
NOTE: KJ627695 is identical to KJ627696 but kept for subsequent analysis
NOTE: KJ672466 is identical to KJ672470 but kept for subsequent analysis
NOTE: KF973323 is identical to KF973320 but kept for subsequent analysis
NOTE: KX894806 is identical to KJ672448 but kept for subsequent analysis
NOTE: KJ672446 is identical to KJ672456 but kept for subsequent analysis
NOTE: KX894800 is identical to KJ672447 but kept for subsequent analysis
NOTE: KJ672461 is identical to KJ672424 but kept for subsequent analysis
NOTE: KX894798 is identical to KJ672462 but kept for subsequent analysis
NOTE: KJ672454 is identical to KJ672429 but kept for subsequent analysis
NOTE: KX894796 is identical to KJ672436 but kept for subsequent analysis
NOTE: KU950686 is identical to KU950537 but kept for subsequent analysis
NOTE: MG642079 is identical to MG642031 but kept for subsequent analysis
NOTE: LC530050 is identical to MG793382 but kept for subsequent analysis
NOTE: MG813979 is identical to MG813978 but kept for subsequent analysis
NOTE: MG813981 is identical to MG813980 but kept for subsequent analysis
NOTE: MG813985 is identical to MG813984 but kept for subsequent analysis
NOTE: MG813991 is identical to MG813990 but kept for subsequent analysis
NOTE: MT422272 is identical to MT422271 but kept for subsequent analysis
NOTE: MW160772 is identical to MW160761 but kept for subsequent analysis
NOTE: MZ515680 is identical to MZ515643 but kept for subsequent analysis
NOTE: MZ515964 is identical to MZ515647 but kept for subsequent analysis
NOTE: MZ515655 is identical to MZ515650 but kept for subsequent analysis
NOTE: MZ515942 is identical to MZ515668 but kept for subsequent analysis
NOTE: MZ515993 is identical to MZ515666 but kept for subsequent analysis
NOTE: MZ515784 is identical to MZ515687 but kept for subsequent analysis
NOTE: MZ516074 is identical to MZ515685 but kept for subsequent analysis
NOTE: MZ516111 is identical to MZ515692 but kept for subsequent analysis
NOTE: MZ516067 is identical to MZ516063 but kept for subsequent analysis
NOTE: MZ516047 is identical to MZ516066 but kept for subsequent analysis
NOTE: MZ516031 is identical to MZ516071 but kept for subsequent analysis
NOTE: MZ515585 is identical to MZ516075 but kept for subsequent analysis
NOTE: MZ516017 is identical to MZ516086 but kept for subsequent analysis
NOTE: MZ515891 is identical to MZ516092 but kept for subsequent analysis
NOTE: MZ515693 is identical to MZ516100 but kept for subsequent analysis
NOTE: MZ516014 is identical to MZ516120 but kept for subsequent analysis
NOTE: MZ515864 is identical to MZ516015 but kept for subsequent analysis
NOTE: MZ515986 is identical to MZ516029 but kept for subsequent analysis
NOTE: MZ515700 is identical to MZ515568 but kept for subsequent analysis
NOTE: MZ515943 is identical to MZ515579 but kept for subsequent analysis
NOTE: MZ515959 is identical to MZ515600 but kept for subsequent analysis
NOTE: MZ515781 is identical to MZ515633 but kept for subsequent analysis
NOTE: MZ515940 is identical to MZ515640 but kept for subsequent analysis
NOTE: MZ515720 is identical to MZ515709 but kept for subsequent analysis
NOTE: MZ515804 is identical to MZ515735 but kept for subsequent analysis
NOTE: MZ515908 is identical to MZ515755 but kept for subsequent analysis
NOTE: MZ515853 is identical to MZ515819 but kept for subsequent analysis
NOTE: MZ515933 is identical to MZ515847 but kept for subsequent analysis
NOTE: MZ151855 is identical to MZ151854 but kept for subsequent analysis
Checking for duplicate sequences: done in 0.0395739 secs using 97.31% CPU
Identifying sites to remove: done in 0.0956271 secs using 86.49% CPU
NOTE: 13 identical sequences (see below) will be ignored for subsequent analysis
NOTE: KJ627295 (identical to KJ627326) is ignored but added at the end
NOTE: KF973322 (identical to KF973333) is ignored but added at the end
NOTE: KF973328 (identical to KF973333) is ignored but added at the end
NOTE: KX894804 (identical to KJ672470) is ignored but added at the end
NOTE: KJ672460 (identical to KJ672456) is ignored but added at the end
NOTE: MZ515803 (identical to MZ515643) is ignored but added at the end
NOTE: MZ515989 (identical to MZ515685) is ignored but added at the end
NOTE: MZ515617 (identical to MZ516063) is ignored but added at the end
NOTE: MZ515954 (identical to MZ516063) is ignored but added at the end
NOTE: MZ515873 (identical to MZ516075) is ignored but added at the end
NOTE: MZ515927 (identical to MZ516092) is ignored but added at the end
NOTE: MZ515962 (identical to MZ515633) is ignored but added at the end
NOTE: MZ515922 (identical to MZ515819) is ignored but added at the end
Alignment was printed to results/aligned_A-delim.fasta.uniqueseq.phy

For your convenience alignment with unique sequences printed to results/aligned_A-delim.fasta.uniqueseq.phy

Create initial parsimony tree by phylogenetic likelihood library (PLL)... 0.028 seconds

NOTE: 269 MB RAM (0 GB) is required!
Estimate model parameters (epsilon = 0.500)
1. Initial log-likelihood: -1296917.272
2. Current log-likelihood: -1180858.334
3. Current log-likelihood: -1160174.804
4. Current log-likelihood: -1160160.034
5. Current log-likelihood: -1160157.962
Optimal log-likelihood: -1160157.917
Rate parameters:  A-C: 2.01545  A-G: 9.99513  A-T: 1.90461  C-G: 0.13336  C-T: 20.67298  G-T: 1.00000
Base frequencies:  A: 0.389  C: 0.177  G: 0.156  T: 0.278
Parameters optimization took 5 rounds (31.358 sec)
Wrote distance file to... 
Computing ML distances based on estimated model parameters...
Calculating distance matrix: done in 12.6434 secs using 99.76% CPU
Computing ML distances took 12.757118 sec (of wall-clock time) 12.664149 sec (of CPU time)
Setting up auxiliary I and S matrices: done in 0.028234 secs using 180.1% CPU
Constructing RapidNJ tree: done in 0.050791 secs using 187.8% CPU
Computing RapidNJ tree took 0.079178 sec (of wall-clock time) 0.146371 sec (of CPU time)
Log-likelihood of RapidNJ tree: -195542.851
--------------------------------------------------------------------
|             INITIALIZING CANDIDATE TREE SET                      |
--------------------------------------------------------------------

Do NNI search on 2 best initial trees
Optimizing NNI: done in 9.45307 secs using 99.37% CPU
Estimate model parameters (epsilon = 0.500)
BETTER TREE FOUND at iteration 1: -194748.148
Optimizing NNI: done in 226.432 secs using 97.14% CPU
Finish initializing candidate tree set (4)
Current best tree score: -194748.148 / CPU time: 244.901
Number of iterations: 2
TREE SEARCH COMPLETED AFTER 2 ITERATIONS / Time: 0h:4m:52s

--------------------------------------------------------------------
|                    FINALIZING TREE SEARCH                        |
--------------------------------------------------------------------
Performs final model parameters optimization
Estimate model parameters (epsilon = 0.050)
1. Initial log-likelihood: -194748.148
Optimal log-likelihood: -194748.148
Rate parameters:  A-C: 1.87202  A-G: 10.25834  A-T: 1.51712  C-G: 0.19572  C-T: 19.53734  G-T: 1.00000
Base frequencies:  A: 0.389  C: 0.177  G: 0.156  T: 0.278
Parameters optimization took 1 rounds (2.052 sec)
BEST SCORE FOUND : -194748.148
Total tree length: 1.464

Total number of iterations: 2
CPU time used for tree search: 238.317 sec (0h:3m:58s)
Wall-clock time used for tree search: 244.933 sec (0h:4m:4s)
Total CPU time used: 287.872 sec (0h:4m:47s)
Total wall-clock time used: 295.124 sec (0h:4m:55s)

Analysis results written to: 
  IQ-TREE report:                results/aligned_A-delim.fasta.iqtree
  Maximum-likelihood tree:       results/aligned_A-delim.fasta.treefile
  Likelihood distances:          results/aligned_A-delim.fasta.mldist
  Screen log file:               results/aligned_A-delim.fasta.log

Date and Time: Thu Apr  7 12:52:54 2022
