Building DAG of jobs...
Using shell: /bin/bash
Provided cores: 8
Rules claiming more threads will be scaled down.
Job stats:
job                  count    min threads    max threads
-----------------  -------  -------------  -------------
add_branch_labels        2              1              1
align                    2              1              1
all                      1              1              1
ancestral                2              1              1
export                   2              1              1
filter                   2              1              1
infer_insertions         2              1              1
parse                    2              1              1
refine                   2              1              1
translate                2              1              1
tree                     2              1              1
total                   21              1              1

Select jobs to execute...

[Mon Mar 28 18:14:24 2022]
Job 17: Parsing fasta into sequences and metadata


[Mon Mar 28 18:14:24 2022]
Job 7: Parsing fasta into sequences and metadata

[Mon Mar 28 18:14:25 2022]
Finished job 7.
1 of 21 steps (5%) done
Select jobs to execute...

[Mon Mar 28 18:14:25 2022]
Job 6: 
        Filtering to
          - 100 sequence(s) per country year
          - excluding strains in config/dropped_strains.txt
        

[Mon Mar 28 18:14:25 2022]
Finished job 17.
2 of 21 steps (10%) done
Select jobs to execute...

[Mon Mar 28 18:14:25 2022]
Job 16: 
        Filtering to
          - 100 sequence(s) per country year
          - excluding strains in config/dropped_strains.txt
        

[Mon Mar 28 18:14:26 2022]
Finished job 6.
3 of 21 steps (14%) done
Select jobs to execute...

[Mon Mar 28 18:14:26 2022]
Job 5: 
        Aligning sequences to config/rsv_A_on1_reference.fasta
            - gaps relative to reference are considered real
        

[Mon Mar 28 18:14:26 2022]
Finished job 16.
4 of 21 steps (19%) done
Select jobs to execute...

[Mon Mar 28 18:14:26 2022]
Job 15: 
        Aligning sequences to config/rsv_A_other_reference.fasta
            - gaps relative to reference are considered real
        

[Mon Mar 28 18:14:26 2022]
Error in rule align:
    jobid: 15
    output: results/aligned_A_other.fasta, results/insertions_A_other.tsv
    log: logs/align_A_other.txt (check log file(s) for error message)
    shell:
        
        nextalign             --reference config/rsv_A_other_reference.fasta             --genemap config/genemap_A_other.gff             --genes N,P,M,SH,G,F,M2-1,M2-2,L             --sequences results/filtered_A_other.fasta             --output-dir results/translations/A_other             --output-basename nextalign             --output-fasta results/aligned_A_other.fasta             --output-insertions results/insertions_A_other.tsv > logs/align_A_other.txt 2>&1
        
        (one of the commands exited with non-zero exit code; note that snakemake uses bash strict mode!)

[Mon Mar 28 18:14:29 2022]
Finished job 5.
5 of 21 steps (24%) done
Shutting down, this might take some time.
Exiting because a job execution failed. Look above for error message
Complete log: /Users/katekistler/nextstrain/rsv/rsv_testing-ref/.snakemake/log/2022-03-28T181423.595294.snakemake.log
