Building DAG of jobs...
Using shell: /bin/bash
Provided cores: 8
Rules claiming more threads will be scaled down.
Job stats:
job                  count    min threads    max threads
-----------------  -------  -------------  -------------
add_branch_labels        2              1              1
all                      1              1              1
ancestral                1              1              1
export                   2              1              1
infer_insertions         2              1              1
refine                   1              1              1
translate                2              1              1
total                   11              1              1

Select jobs to execute...

[Mon Mar 28 18:25:11 2022]
Job 9: Translating amino acid sequences


[Mon Mar 28 18:25:11 2022]
rule infer_insertions:
    input: results/insertions_A_on1.tsv, results/tree_A_on1.nwk, config/genemap_A_on1.gff
    output: results/insertions_A_on1.json
    log: logs/infer_insertions_A_on1.txt
    jobid: 10
    wildcards: subtype=A, clade=on1
    resources: tmpdir=/var/folders/g_/6938g_6s199gxxswt2nf7w500000gn/T


[Mon Mar 28 18:25:11 2022]
Job 13: 
        Refining tree
          - estimate timetree
          - use opt coalescent timescale
          - estimate marginal node dates
          - filter tips more than 4 IQDs from clock expectation
        

[Mon Mar 28 18:25:12 2022]
Finished job 10.
1 of 11 steps (9%) done
[Mon Mar 28 18:25:14 2022]
Finished job 9.
2 of 11 steps (18%) done
Select jobs to execute...

[Mon Mar 28 18:25:14 2022]
Job 2: Exporting data files for for auspice

[Mon Mar 28 18:25:15 2022]
Finished job 2.
3 of 11 steps (27%) done
Select jobs to execute...

[Mon Mar 28 18:25:15 2022]
Job 1: Adding custom branch labels to the Auspice JSON

[Mon Mar 28 18:25:15 2022]
Finished job 1.
4 of 11 steps (36%) done
[Mon Mar 28 18:33:24 2022]
Finished job 13.
5 of 11 steps (45%) done
Select jobs to execute...

[Mon Mar 28 18:33:25 2022]
Job 18: Reconstructing ancestral sequences and mutations


[Mon Mar 28 18:33:25 2022]
rule infer_insertions:
    input: results/insertions_A_other.tsv, results/tree_A_other.nwk, config/genemap_A_other.gff
    output: results/insertions_A_other.json
    log: logs/infer_insertions_A_other.txt
    jobid: 20
    wildcards: subtype=A, clade=other
    resources: tmpdir=/var/folders/g_/6938g_6s199gxxswt2nf7w500000gn/T

[Mon Mar 28 18:33:27 2022]
Finished job 20.
6 of 11 steps (55%) done
[Mon Mar 28 18:33:47 2022]
Finished job 18.
7 of 11 steps (64%) done
Select jobs to execute...

[Mon Mar 28 18:33:47 2022]
Job 19: Translating amino acid sequences

[Mon Mar 28 18:33:51 2022]
Finished job 19.
8 of 11 steps (73%) done
Select jobs to execute...

[Mon Mar 28 18:33:51 2022]
Job 12: Exporting data files for for auspice

[Mon Mar 28 18:33:53 2022]
Finished job 12.
9 of 11 steps (82%) done
Select jobs to execute...

[Mon Mar 28 18:33:53 2022]
Job 11: Adding custom branch labels to the Auspice JSON

[Mon Mar 28 18:33:53 2022]
Finished job 11.
10 of 11 steps (91%) done
Select jobs to execute...

[Mon Mar 28 18:33:53 2022]
localrule all:
    input: auspice/rsv_A_on1.json, auspice/rsv_A_other.json
    jobid: 0
    resources: tmpdir=/var/folders/g_/6938g_6s199gxxswt2nf7w500000gn/T

[Mon Mar 28 18:33:53 2022]
Finished job 0.
11 of 11 steps (100%) done
Complete log: /Users/katekistler/nextstrain/rsv/rsv_testing-ref/.snakemake/log/2022-03-28T182510.726566.snakemake.log
