Building DAG of jobs...
Using shell: /bin/bash
Provided cores: 8
Rules claiming more threads will be scaled down.
Job stats:
job                  count    min threads    max threads
-----------------  -------  -------------  -------------
add_branch_labels        1              1              1
align                    1              1              1
all                      1              1              1
ancestral                1              1              1
export                   1              1              1
filter                   1              1              1
infer_insertions         1              1              1
parse                    1              1              1
refine                   1              1              1
translate                1              1              1
tree                     1              1              1
total                   11              1              1

Select jobs to execute...

[Thu Mar 31 10:38:02 2022]
Job 7: Parsing fasta into sequences and metadata

[Thu Mar 31 10:38:04 2022]
Finished job 7.
1 of 11 steps (9%) done
Select jobs to execute...

[Thu Mar 31 10:38:04 2022]
Job 6: 
        Filtering to
          - 100 sequence(s) per country year
          - excluding strains in config/dropped_strains.txt
        

[Thu Mar 31 10:38:05 2022]
Finished job 6.
2 of 11 steps (18%) done
Select jobs to execute...

[Thu Mar 31 10:38:05 2022]
Job 5: 
        Aligning sequences to config/rsv_A_step1_reference.fasta
            - gaps relative to reference are considered real
        

[Thu Mar 31 10:38:14 2022]
Finished job 5.
3 of 11 steps (27%) done
Select jobs to execute...

[Thu Mar 31 10:38:14 2022]
Job 4: Building tree

[Thu Mar 31 10:43:06 2022]
Finished job 4.
4 of 11 steps (36%) done
Select jobs to execute...

[Thu Mar 31 10:43:06 2022]
Job 3: 
        Refining tree
          - estimate timetree
          - use opt coalescent timescale
          - estimate marginal node dates
          - filter tips more than 4 IQDs from clock expectation
        

[Thu Mar 31 10:57:29 2022]
Finished job 3.
5 of 11 steps (45%) done
Select jobs to execute...

[Thu Mar 31 10:57:31 2022]
Job 8: Reconstructing ancestral sequences and mutations


[Thu Mar 31 10:57:31 2022]
rule infer_insertions:
    input: results/insertions_A.tsv, results/tree_A.nwk, config/genemap_A_step1.gff
    output: results/insertions_A.json
    log: logs/infer_insertions_A.txt
    jobid: 10
    wildcards: subtype=A
    resources: tmpdir=/var/folders/g_/6938g_6s199gxxswt2nf7w500000gn/T

[Thu Mar 31 10:57:34 2022]
Finished job 10.
6 of 11 steps (55%) done
[Thu Mar 31 10:58:19 2022]
Finished job 8.
7 of 11 steps (64%) done
Select jobs to execute...

[Thu Mar 31 10:58:19 2022]
Job 9: Translating amino acid sequences

[Thu Mar 31 10:58:25 2022]
Finished job 9.
8 of 11 steps (73%) done
Select jobs to execute...

[Thu Mar 31 10:58:25 2022]
Job 2: Exporting data files for for auspice

[Thu Mar 31 10:58:27 2022]
Finished job 2.
9 of 11 steps (82%) done
Select jobs to execute...

[Thu Mar 31 10:58:27 2022]
Job 1: Adding custom branch labels to the Auspice JSON

[Thu Mar 31 10:58:28 2022]
Finished job 1.
10 of 11 steps (91%) done
Select jobs to execute...

[Thu Mar 31 10:58:28 2022]
localrule all:
    input: auspice/rsv_A.json
    jobid: 0
    resources: tmpdir=/var/folders/g_/6938g_6s199gxxswt2nf7w500000gn/T

[Thu Mar 31 10:58:28 2022]
Finished job 0.
11 of 11 steps (100%) done
Complete log: .snakemake/log/2022-03-31T103802.532981.snakemake.log
