Building DAG of jobs...
Using shell: /bin/bash
Provided cores: 4
Rules claiming more threads will be scaled down.
Job stats:
job          count    min threads    max threads
---------  -------  -------------  -------------
all              1              1              1
ancestral        1              1              1
export           1              1              1
translate        1              1              1
total            4              1              1

Select jobs to execute...

[Mon Jan 24 15:27:12 2022]
Job 7: Reconstructing ancestral sequences and mutations

[Mon Jan 24 15:30:15 2022]
Finished job 7.
1 of 4 steps (25%) done
Select jobs to execute...

[Mon Jan 24 15:30:16 2022]
Job 8: Translating amino acid sequences

[Mon Jan 24 15:30:33 2022]
Finished job 8.
2 of 4 steps (50%) done
Select jobs to execute...

[Mon Jan 24 15:30:34 2022]
Job 1: Exporting data files for for auspice

[Mon Jan 24 15:30:43 2022]
Finished job 1.
3 of 4 steps (75%) done
Select jobs to execute...

[Mon Jan 24 15:30:43 2022]
localrule all:
    input: auspice/rsv.json
    jobid: 0
    resources: tmpdir=/var/folders/g_/6938g_6s199gxxswt2nf7w500000gn/T

[Mon Jan 24 15:30:43 2022]
Finished job 0.
4 of 4 steps (100%) done
Complete log: /Users/katekistler/nextstrain/rsv/.snakemake/log/2022-01-24T152710.732195.snakemake.log
