Building DAG of jobs...
Using shell: /bin/bash
Provided cores: 4
Rules claiming more threads will be scaled down.
Job stats:
job          count    min threads    max threads
---------  -------  -------------  -------------
align            1              1              1
all              1              1              1
ancestral        1              1              1
export           1              1              1
filter           1              1              1
parse            1              1              1
refine           1              1              1
traits           1              1              1
translate        1              1              1
tree             1              1              1
total           10              1              1

Select jobs to execute...

[Mon Jan 24 12:33:37 2022]
Job 6: Parsing fasta into sequences and metadata

[Mon Jan 24 12:33:40 2022]
Finished job 6.
1 of 10 steps (10%) done
Select jobs to execute...

[Mon Jan 24 12:33:40 2022]
Job 5: 
        Filtering to
          - 100 sequence(s) per country year month
          - excluding strains in config/dropped_strains.txt
        

[Mon Jan 24 12:33:44 2022]
Finished job 5.
2 of 10 steps (20%) done
Select jobs to execute...

[Mon Jan 24 12:33:44 2022]
Job 4: 
        Aligning sequences to config/rsv_reference.gb
          - filling gaps with N
        

[Mon Jan 24 12:51:29 2022]
Finished job 4.
3 of 10 steps (30%) done
Select jobs to execute...

[Mon Jan 24 12:51:30 2022]
Job 3: Building tree

[Mon Jan 24 13:07:53 2022]
Finished job 3.
4 of 10 steps (40%) done
Select jobs to execute...

[Mon Jan 24 13:07:53 2022]
Job 2: 
        Refining tree
          - estimate timetree
          - use opt coalescent timescale
          - estimate marginal node dates
          - filter tips more than 4 IQDs from clock expectation
        

[Mon Jan 24 14:13:55 2022]
Finished job 2.
5 of 10 steps (50%) done
Select jobs to execute...

[Mon Jan 24 14:13:55 2022]
Job 8: Reconstructing ancestral sequences and mutations


[Mon Jan 24 14:13:55 2022]
Job 7: 
        Inferring ancestral traits for region country
          - increase uncertainty of reconstruction by 3 to partially account for sampling bias
        

[Mon Jan 24 14:13:57 2022]
Error in rule ancestral:
    jobid: 8
    output: results/nt_muts.json
    shell:
        
        augur ancestral             --tree results/tree.nwk             --alignment results/aligned.fasta             --output results/nt_muts.json             --inference joint
        
        (one of the commands exited with non-zero exit code; note that snakemake uses bash strict mode!)

[Mon Jan 24 14:13:58 2022]
Error in rule traits:
    jobid: 7
    output: results/traits.json
    shell:
        
        augur traits             --tree results/tree.nwk             --metadata results/metadata.tsv             --output results/traits.json             --columns region country             --confidence             --sampling-bias-correction 3
        
        (one of the commands exited with non-zero exit code; note that snakemake uses bash strict mode!)

Shutting down, this might take some time.
Exiting because a job execution failed. Look above for error message
Complete log: /Users/katekistler/nextstrain/rsv/.snakemake/log/2022-01-24T123336.513885.snakemake.log
