Building DAG of jobs...
Using shell: /bin/bash
Provided cores: 8
Rules claiming more threads will be scaled down.
Job stats:
job          count    min threads    max threads
---------  -------  -------------  -------------
all              1              1              1
ancestral        1              1              1
export           1              1              1
refine           1              1              1
translate        1              1              1
total            5              1              1

Select jobs to execute...

[Wed Mar 16 13:32:43 2022]
Job 2: 
        Refining tree
          - estimate timetree
          - use opt coalescent timescale
          - estimate marginal node dates
          - filter tips more than 4 IQDs from clock expectation
        

[Wed Mar 16 13:41:39 2022]
Finished job 2.
1 of 5 steps (20%) done
Select jobs to execute...

[Wed Mar 16 13:41:39 2022]
Job 7: Reconstructing ancestral sequences and mutations

[Wed Mar 16 13:42:11 2022]
Finished job 7.
2 of 5 steps (40%) done
Select jobs to execute...

[Wed Mar 16 13:42:11 2022]
Job 8: Translating amino acid sequences

[Wed Mar 16 13:42:15 2022]
Finished job 8.
3 of 5 steps (60%) done
Select jobs to execute...

[Wed Mar 16 13:42:15 2022]
Job 1: Exporting data files for for auspice

[Wed Mar 16 13:42:16 2022]
Finished job 1.
4 of 5 steps (80%) done
Select jobs to execute...

[Wed Mar 16 13:42:16 2022]
localrule all:
    input: auspice/rsv_A.json
    jobid: 0
    resources: tmpdir=/var/folders/g_/6938g_6s199gxxswt2nf7w500000gn/T

[Wed Mar 16 13:42:16 2022]
Finished job 0.
5 of 5 steps (100%) done
Complete log: /Users/katekistler/nextstrain/rsv_testing/.snakemake/log/2022-03-16T133243.256553.snakemake.log
