Building DAG of jobs...
Using shell: /bin/bash
Provided cores: 8
Rules claiming more threads will be scaled down.
Job stats:
job          count    min threads    max threads
---------  -------  -------------  -------------
all              1              1              1
ancestral        1              1              1
export           1              1              1
refine           1              1              1
translate        1              1              1
tree             1              1              1
total            6              1              1

Select jobs to execute...

[Thu Mar 31 13:39:12 2022]
Job 3: Building tree

[Thu Mar 31 13:44:01 2022]
Finished job 3.
1 of 6 steps (17%) done
Select jobs to execute...

[Thu Mar 31 13:44:01 2022]
Job 2: 
        Refining tree
          - estimate timetree
          - use opt coalescent timescale
          - estimate marginal node dates
          - filter tips more than 4 IQDs from clock expectation
        

[Thu Mar 31 13:58:03 2022]
Finished job 2.
2 of 6 steps (33%) done
Select jobs to execute...

[Thu Mar 31 13:58:03 2022]
Job 4: Reconstructing ancestral sequences and mutations

[Thu Mar 31 13:58:50 2022]
Finished job 4.
3 of 6 steps (50%) done
Select jobs to execute...

[Thu Mar 31 13:58:50 2022]
Job 5: Translating amino acid sequences

[Thu Mar 31 13:58:55 2022]
Finished job 5.
4 of 6 steps (67%) done
Select jobs to execute...

[Thu Mar 31 13:58:55 2022]
Job 1: Exporting data files for for auspice

[Thu Mar 31 13:58:58 2022]
Finished job 1.
5 of 6 steps (83%) done
Select jobs to execute...

[Thu Mar 31 13:58:58 2022]
localrule all:
    input: auspice/rsv_A.json
    jobid: 0
    resources: tmpdir=/var/folders/g_/6938g_6s199gxxswt2nf7w500000gn/T

[Thu Mar 31 13:58:58 2022]
Finished job 0.
6 of 6 steps (100%) done
Complete log: .snakemake/log/2022-03-31T133912.157061.snakemake.log
