Building DAG of jobs...
Using shell: /bin/bash
Provided cores: 8
Rules claiming more threads will be scaled down.
Job stats:
job                  count    min threads    max threads
-----------------  -------  -------------  -------------
add_branch_labels        2              1              1
align                    1              1              1
all                      1              1              1
ancestral                2              1              1
export                   2              1              1
infer_insertions         2              1              1
refine                   2              1              1
translate                2              1              1
tree                     2              1              1
total                   16              1              1

Select jobs to execute...

[Mon Mar 28 18:15:52 2022]
Job 4: Building tree


[Mon Mar 28 18:15:52 2022]
Job 15: 
        Aligning sequences to config/rsv_A_other_reference.fasta
            - gaps relative to reference are considered real
        

[Mon Mar 28 18:15:54 2022]
Finished job 15.
1 of 16 steps (6%) done
Select jobs to execute...

[Mon Mar 28 18:15:54 2022]
Job 14: Building tree

[Mon Mar 28 18:16:56 2022]
Finished job 4.
2 of 16 steps (12%) done
Select jobs to execute...

[Mon Mar 28 18:16:56 2022]
Job 3: 
        Refining tree
          - estimate timetree
          - use opt coalescent timescale
          - estimate marginal node dates
          - filter tips more than 4 IQDs from clock expectation
        

[Mon Mar 28 18:17:29 2022]
Finished job 14.
3 of 16 steps (19%) done
Select jobs to execute...

[Mon Mar 28 18:17:29 2022]
Job 13: 
        Refining tree
          - estimate timetree
          - use opt coalescent timescale
          - estimate marginal node dates
          - filter tips more than 4 IQDs from clock expectation
        

[Mon Mar 28 18:22:15 2022]
Finished job 3.
4 of 16 steps (25%) done
Select jobs to execute...

[Mon Mar 28 18:22:16 2022]
Job 8: Reconstructing ancestral sequences and mutations


[Mon Mar 28 18:22:16 2022]
rule infer_insertions:
    input: results/insertions_A_on1.tsv, results/tree_A_on1.nwk
    output: results/insertions_A_on1.json
    log: logs/infer_insertions_A_on1.txt
    jobid: 10
    wildcards: subtype=A, clade=on1
    resources: tmpdir=/var/folders/g_/6938g_6s199gxxswt2nf7w500000gn/T

[Mon Mar 28 18:22:17 2022]
Error in rule infer_insertions:
    jobid: 10
    output: results/insertions_A_on1.json
    log: logs/infer_insertions_A_on1.txt (check log file(s) for error message)
    shell:
        
        python3 scripts/reconstruct_insertions.py             --insertions results/insertions_A_on1.tsv             --tree results/tree_A_on1.nwk             --output results/insertions_A_on1.json 2>&1 | tee logs/infer_insertions_A_on1.txt
        
        (one of the commands exited with non-zero exit code; note that snakemake uses bash strict mode!)

[Mon Mar 28 18:22:34 2022]
Finished job 8.
5 of 16 steps (31%) done
Terminating processes on user request, this might take some time.
[Mon Mar 28 18:23:15 2022]
Error in rule refine:
    jobid: 13
    output: results/tree_A_other.nwk, results/branch_lengths_A_other.json
    shell:
        
        augur refine             --tree results/tree_raw_A_other.nwk             --alignment results/aligned_A_other.fasta             --metadata results/metadata_A_other.tsv             --output-tree results/tree_A_other.nwk             --output-node-data results/branch_lengths_A_other.json             --timetree             --coalescent opt             --date-confidence             --date-inference marginal             --clock-filter-iqd 4
        
        (one of the commands exited with non-zero exit code; note that snakemake uses bash strict mode!)

Complete log: /Users/katekistler/nextstrain/rsv/rsv_testing-ref/.snakemake/log/2022-03-28T181552.212781.snakemake.log
