Building DAG of jobs...
Using shell: /bin/bash
Provided cores: 8
Rules claiming more threads will be scaled down.
Job stats:
job                  count    min threads    max threads
-----------------  -------  -------------  -------------
add_branch_labels        1              1              1
all                      1              1              1
export                   1              1              1
infer_insertions         1              1              1
total                    4              1              1

Select jobs to execute...

[Thu Mar 31 14:56:11 2022]
rule infer_insertions:
    input: data/insertions_A_step2.tsv, results/tree_A.nwk, config/genemap_A_step3.gff
    output: results/insertions_A.json
    log: logs/infer_insertions_A.txt
    jobid: 7
    wildcards: subtype=A
    resources: tmpdir=/var/folders/g_/6938g_6s199gxxswt2nf7w500000gn/T


[Thu Mar 31 14:56:11 2022]
Job 2: Exporting data files for for auspice

[Thu Mar 31 14:56:14 2022]
Finished job 7.
1 of 4 steps (25%) done
[Thu Mar 31 14:56:14 2022]
Finished job 2.
2 of 4 steps (50%) done
Select jobs to execute...

[Thu Mar 31 14:56:14 2022]
Job 1: Adding custom branch labels to the Auspice JSON

[Thu Mar 31 14:56:14 2022]
Finished job 1.
3 of 4 steps (75%) done
Select jobs to execute...

[Thu Mar 31 14:56:14 2022]
localrule all:
    input: auspice/rsv_A.json
    jobid: 0
    resources: tmpdir=/var/folders/g_/6938g_6s199gxxswt2nf7w500000gn/T

[Thu Mar 31 14:56:14 2022]
Finished job 0.
4 of 4 steps (100%) done
Complete log: .snakemake/log/2022-03-31T145611.042723.snakemake.log
