Building DAG of jobs...
Using shell: /bin/bash
Provided cores: 8
Rules claiming more threads will be scaled down.
Job stats:
job                 count    min threads    max threads
----------------  -------  -------------  -------------
all                     1              1              1
infer_insertions        1              1              1
total                   2              1              1

Select jobs to execute...

[Wed Mar 16 15:11:30 2022]
rule infer_insertions:
    input: results/insertions_A.tsv, results/tree_A.nwk
    output: results/insertions_A.json
    log: logs/infer_insertions_A.txt
    jobid: 9
    wildcards: subtype=A
    resources: tmpdir=/var/folders/g_/6938g_6s199gxxswt2nf7w500000gn/T

[Wed Mar 16 15:11:32 2022]
Finished job 9.
1 of 2 steps (50%) done
Select jobs to execute...

[Wed Mar 16 15:11:32 2022]
localrule all:
    input: auspice/rsv_A.json, results/insertions_A.json
    jobid: 0
    resources: tmpdir=/var/folders/g_/6938g_6s199gxxswt2nf7w500000gn/T

[Wed Mar 16 15:11:32 2022]
Finished job 0.
2 of 2 steps (100%) done
Complete log: /Users/katekistler/nextstrain/rsv_testing/.snakemake/log/2022-03-16T151130.279360.snakemake.log
