Building DAG of jobs...
Using shell: /bin/bash
Provided cores: 8
Rules claiming more threads will be scaled down.
Job stats:
job                  count    min threads    max threads
-----------------  -------  -------------  -------------
add_branch_labels        2              1              1
all                      1              1              1
ancestral                2              1              1
export                   2              1              1
infer_insertions         2              1              1
refine                   2              1              1
translate                2              1              1
total                   13              1              1

Select jobs to execute...

[Tue Apr  5 16:56:40 2022]
Job 10: 
        Refining tree
          - estimate timetree
          - use opt coalescent timescale
          - estimate marginal node dates
          - filter tips more than 4 IQDs from clock expectation
        


[Tue Apr  5 16:56:40 2022]
Job 3: 
        Refining tree
          - estimate timetree
          - use opt coalescent timescale
          - estimate marginal node dates
          - filter tips more than 4 IQDs from clock expectation
        

[Tue Apr  5 17:07:34 2022]
Finished job 10.
1 of 13 steps (8%) done
Select jobs to execute...

[Tue Apr  5 17:07:35 2022]
Job 12: Reconstructing ancestral sequences and mutations


[Tue Apr  5 17:07:35 2022]
rule infer_insertions:
    input: data/insertions_B_step2.tsv, results/tree_B.nwk, config/genemap_B_step3.gff
    output: results/insertions_B.json
    log: logs/infer_insertions_B.txt
    jobid: 14
    wildcards: subtype=B
    resources: tmpdir=/var/folders/g_/6938g_6s199gxxswt2nf7w500000gn/T

[Tue Apr  5 17:07:37 2022]
Finished job 14.
2 of 13 steps (15%) done
[Tue Apr  5 17:08:10 2022]
Finished job 12.
3 of 13 steps (23%) done
Select jobs to execute...

[Tue Apr  5 17:08:10 2022]
Job 13: Translating amino acid sequences

[Tue Apr  5 17:08:14 2022]
Finished job 13.
4 of 13 steps (31%) done
Select jobs to execute...

[Tue Apr  5 17:08:14 2022]
Job 9: Exporting data files for for auspice

[Tue Apr  5 17:08:17 2022]
Finished job 9.
5 of 13 steps (38%) done
Select jobs to execute...

[Tue Apr  5 17:08:17 2022]
Job 8: Adding custom branch labels to the Auspice JSON

[Tue Apr  5 17:08:17 2022]
Finished job 8.
6 of 13 steps (46%) done
[Tue Apr  5 17:11:20 2022]
Finished job 3.
7 of 13 steps (54%) done
Select jobs to execute...

[Tue Apr  5 17:11:21 2022]
Job 5: Reconstructing ancestral sequences and mutations


[Tue Apr  5 17:11:21 2022]
rule infer_insertions:
    input: data/insertions_A_step2.tsv, results/tree_A.nwk, config/genemap_A_step3.gff
    output: results/insertions_A.json
    log: logs/infer_insertions_A.txt
    jobid: 7
    wildcards: subtype=A
    resources: tmpdir=/var/folders/g_/6938g_6s199gxxswt2nf7w500000gn/T

[Tue Apr  5 17:11:24 2022]
Finished job 7.
8 of 13 steps (62%) done
[Tue Apr  5 17:12:08 2022]
Finished job 5.
9 of 13 steps (69%) done
Select jobs to execute...

[Tue Apr  5 17:12:08 2022]
Job 6: Translating amino acid sequences

[Tue Apr  5 17:12:14 2022]
Finished job 6.
10 of 13 steps (77%) done
Select jobs to execute...

[Tue Apr  5 17:12:14 2022]
Job 2: Exporting data files for for auspice

[Tue Apr  5 17:12:17 2022]
Finished job 2.
11 of 13 steps (85%) done
Select jobs to execute...

[Tue Apr  5 17:12:17 2022]
Job 1: Adding custom branch labels to the Auspice JSON

[Tue Apr  5 17:12:17 2022]
Finished job 1.
12 of 13 steps (92%) done
Select jobs to execute...

[Tue Apr  5 17:12:17 2022]
localrule all:
    input: auspice/rsv_A.json, auspice/rsv_B.json
    jobid: 0
    resources: tmpdir=/var/folders/g_/6938g_6s199gxxswt2nf7w500000gn/T

[Tue Apr  5 17:12:17 2022]
Finished job 0.
13 of 13 steps (100%) done
Complete log: .snakemake/log/2022-04-05T165639.683477.snakemake.log
