Building DAG of jobs...
Using shell: /bin/bash
Provided cores: 4
Rules claiming more threads will be scaled down.
Job stats:
job          count    min threads    max threads
---------  -------  -------------  -------------
align            6              1              1
all              1              1              1
ancestral        6              1              1
export           6              1              1
filter           6              1              1
parse            6              1              1
refine           6              1              1
translate        6              1              1
tree             6              1              1
total           49              1              1

Select jobs to execute...

[Wed Mar  9 12:19:11 2022]
Job 22: Parsing fasta into sequences and metadata


[Wed Mar  9 12:19:11 2022]
Job 14: Parsing fasta into sequences and metadata


[Wed Mar  9 12:19:11 2022]
Job 30: Parsing fasta into sequences and metadata


[Wed Mar  9 12:19:11 2022]
Job 46: Parsing fasta into sequences and metadata

[Wed Mar  9 12:19:14 2022]
Finished job 14.
1 of 49 steps (2%) done
Select jobs to execute...
[Wed Mar  9 12:19:14 2022]
Finished job 30.
2 of 49 steps (4%) done

[Wed Mar  9 12:19:14 2022]
Job 6: Parsing fasta into sequences and metadata

Select jobs to execute...

[Wed Mar  9 12:19:14 2022]
Job 29: 
        Filtering to
          - 100 sequence(s) per country year month
          - excluding strains in config/dropped_strains.txt
        

[Wed Mar  9 12:19:15 2022]
Finished job 46.
3 of 49 steps (6%) done
Select jobs to execute...

[Wed Mar  9 12:19:15 2022]
Job 13: 
        Filtering to
          - 100 sequence(s) per country year month
          - excluding strains in config/dropped_strains.txt
        

[Wed Mar  9 12:19:15 2022]
Finished job 22.
4 of 49 steps (8%) done
Select jobs to execute...

[Wed Mar  9 12:19:15 2022]
Job 21: 
        Filtering to
          - 100 sequence(s) per country year month
          - excluding strains in config/dropped_strains.txt
        

[Wed Mar  9 12:19:17 2022]
Finished job 6.
5 of 49 steps (10%) done
Select jobs to execute...

[Wed Mar  9 12:19:18 2022]
Job 5: 
        Filtering to
          - 100 sequence(s) per country year month
          - excluding strains in config/dropped_strains.txt
        

[Wed Mar  9 12:19:18 2022]
Finished job 29.
6 of 49 steps (12%) done
Select jobs to execute...

[Wed Mar  9 12:19:18 2022]
Job 28: 
        Aligning sequences to config/rsv_reference.gb
          - filling gaps with N
        

[Wed Mar  9 12:19:18 2022]
Finished job 13.
7 of 49 steps (14%) done
Select jobs to execute...

[Wed Mar  9 12:19:18 2022]
Job 12: 
        Aligning sequences to config/rsv_reference.gb
          - filling gaps with N
        

[Wed Mar  9 12:19:20 2022]
Finished job 21.
8 of 49 steps (16%) done
Select jobs to execute...

[Wed Mar  9 12:19:20 2022]
Job 20: 
        Aligning sequences to config/rsv_reference.gb
          - filling gaps with N
        

[Wed Mar  9 12:19:21 2022]
Finished job 5.
9 of 49 steps (18%) done
Select jobs to execute...

[Wed Mar  9 12:19:21 2022]
Job 4: 
        Aligning sequences to config/rsv_reference.gb
          - filling gaps with N
        

[Wed Mar  9 12:20:54 2022]
Finished job 28.
10 of 49 steps (20%) done
Select jobs to execute...

[Wed Mar  9 12:20:54 2022]
Job 27: Building tree

[Wed Mar  9 12:21:04 2022]
Finished job 12.
11 of 49 steps (22%) done
Select jobs to execute...

[Wed Mar  9 12:21:04 2022]
Job 11: Building tree

[Wed Mar  9 12:21:18 2022]
Finished job 27.
12 of 49 steps (24%) done
Select jobs to execute...

[Wed Mar  9 12:21:18 2022]
Job 26: 
        Refining tree
          - estimate timetree
          - use opt coalescent timescale
          - estimate marginal node dates
          - filter tips more than 4 IQDs from clock expectation
        

[Wed Mar  9 12:21:37 2022]
Finished job 4.
13 of 49 steps (27%) done
Select jobs to execute...

[Wed Mar  9 12:21:37 2022]
Job 3: Building tree

[Wed Mar  9 12:21:44 2022]
Finished job 11.
14 of 49 steps (29%) done
Select jobs to execute...

[Wed Mar  9 12:21:44 2022]
Job 10: 
        Refining tree
          - estimate timetree
          - use opt coalescent timescale
          - estimate marginal node dates
          - filter tips more than 4 IQDs from clock expectation
        

[Wed Mar  9 12:22:11 2022]
Finished job 3.
15 of 49 steps (31%) done
Select jobs to execute...

[Wed Mar  9 12:22:11 2022]
Job 2: 
        Refining tree
          - estimate timetree
          - use opt coalescent timescale
          - estimate marginal node dates
          - filter tips more than 4 IQDs from clock expectation
        

[Wed Mar  9 12:32:05 2022]
Finished job 20.
16 of 49 steps (33%) done
Select jobs to execute...

[Wed Mar  9 12:32:05 2022]
Job 19: Building tree

[Wed Mar  9 12:41:33 2022]
Finished job 19.
17 of 49 steps (35%) done
Select jobs to execute...

[Wed Mar  9 12:41:34 2022]
Job 18: 
        Refining tree
          - estimate timetree
          - use opt coalescent timescale
          - estimate marginal node dates
          - filter tips more than 4 IQDs from clock expectation
        

[Wed Mar  9 12:59:49 2022]
Finished job 26.
18 of 49 steps (37%) done
Select jobs to execute...

[Wed Mar  9 12:59:49 2022]
Job 31: Reconstructing ancestral sequences and mutations

[Wed Mar  9 13:01:16 2022]
Finished job 31.
19 of 49 steps (39%) done
Select jobs to execute...

[Wed Mar  9 13:01:16 2022]
Job 32: Translating amino acid sequences

[Wed Mar  9 13:01:43 2022]
Finished job 32.
20 of 49 steps (41%) done
Select jobs to execute...

[Wed Mar  9 13:01:43 2022]
Job 25: Exporting data files for for auspice

[Wed Mar  9 13:01:48 2022]
Finished job 25.
21 of 49 steps (43%) done
Select jobs to execute...

[Wed Mar  9 13:01:48 2022]
Job 38: Parsing fasta into sequences and metadata

[Wed Mar  9 13:01:50 2022]
Finished job 38.
22 of 49 steps (45%) done
Select jobs to execute...

[Wed Mar  9 13:01:50 2022]
Job 45: 
        Filtering to
          - 100 sequence(s) per country year month
          - excluding strains in config/dropped_strains.txt
        

[Wed Mar  9 13:01:54 2022]
Finished job 45.
23 of 49 steps (47%) done
Select jobs to execute...

[Wed Mar  9 13:01:54 2022]
Job 44: 
        Aligning sequences to config/rsv_reference.gb
          - filling gaps with N
        

[Wed Mar  9 13:08:30 2022]
Finished job 10.
24 of 49 steps (49%) done
Select jobs to execute...

[Wed Mar  9 13:08:31 2022]
Job 15: Reconstructing ancestral sequences and mutations

[Wed Mar  9 13:09:41 2022]
Finished job 44.
25 of 49 steps (51%) done
Select jobs to execute...

[Wed Mar  9 13:09:41 2022]
Job 43: Building tree

[Wed Mar  9 13:09:56 2022]
Finished job 2.
26 of 49 steps (53%) done
Select jobs to execute...

[Wed Mar  9 13:09:56 2022]
Job 7: Reconstructing ancestral sequences and mutations

[Wed Mar  9 13:10:31 2022]
Finished job 15.
27 of 49 steps (55%) done
Select jobs to execute...

[Wed Mar  9 13:10:31 2022]
Job 16: Translating amino acid sequences

[Wed Mar  9 13:11:11 2022]
Finished job 16.
28 of 49 steps (57%) done
Select jobs to execute...

[Wed Mar  9 13:11:11 2022]
Job 9: Exporting data files for for auspice

[Wed Mar  9 13:11:16 2022]
Finished job 9.
29 of 49 steps (59%) done
Select jobs to execute...

[Wed Mar  9 13:11:16 2022]
Job 37: 
        Filtering to
          - 100 sequence(s) per country year month
          - excluding strains in config/dropped_strains.txt
        

[Wed Mar  9 13:11:19 2022]
Finished job 37.
30 of 49 steps (61%) done
Select jobs to execute...

[Wed Mar  9 13:11:19 2022]
Job 36: 
        Aligning sequences to config/rsv_reference.gb
          - filling gaps with N
        

[Wed Mar  9 13:12:09 2022]
Finished job 7.
31 of 49 steps (63%) done
Select jobs to execute...

[Wed Mar  9 13:12:09 2022]
Job 8: Translating amino acid sequences

[Wed Mar  9 13:12:31 2022]
Finished job 36.
32 of 49 steps (65%) done
Select jobs to execute...

[Wed Mar  9 13:12:31 2022]
Job 35: Building tree

[Wed Mar  9 13:12:49 2022]
Finished job 8.
33 of 49 steps (67%) done
Select jobs to execute...

[Wed Mar  9 13:12:49 2022]
Job 1: Exporting data files for for auspice

[Wed Mar  9 13:12:55 2022]
Finished job 1.
34 of 49 steps (69%) done
[Wed Mar  9 13:12:57 2022]
Finished job 35.
35 of 49 steps (71%) done
Select jobs to execute...

[Wed Mar  9 13:12:57 2022]
Job 34: 
        Refining tree
          - estimate timetree
          - use opt coalescent timescale
          - estimate marginal node dates
          - filter tips more than 4 IQDs from clock expectation
        

[Wed Mar  9 13:14:09 2022]
Finished job 43.
36 of 49 steps (73%) done
Select jobs to execute...

[Wed Mar  9 13:14:09 2022]
Job 42: 
        Refining tree
          - estimate timetree
          - use opt coalescent timescale
          - estimate marginal node dates
          - filter tips more than 4 IQDs from clock expectation
        

[Wed Mar  9 13:29:46 2022]
Finished job 18.
37 of 49 steps (76%) done
Select jobs to execute...

[Wed Mar  9 13:29:46 2022]
Job 23: Reconstructing ancestral sequences and mutations

[Wed Mar  9 13:31:27 2022]
Finished job 23.
38 of 49 steps (78%) done
Select jobs to execute...

[Wed Mar  9 13:31:27 2022]
Job 24: Translating amino acid sequences

[Wed Mar  9 13:31:42 2022]
Finished job 24.
39 of 49 steps (80%) done
Select jobs to execute...

[Wed Mar  9 13:31:42 2022]
Job 17: Exporting data files for for auspice

[Wed Mar  9 13:31:48 2022]
Finished job 17.
40 of 49 steps (82%) done
[Wed Mar  9 13:38:01 2022]
Finished job 34.
41 of 49 steps (84%) done
Select jobs to execute...

[Wed Mar  9 13:38:01 2022]
Job 39: Reconstructing ancestral sequences and mutations

[Wed Mar  9 13:38:50 2022]
Finished job 39.
42 of 49 steps (86%) done
Select jobs to execute...

[Wed Mar  9 13:38:50 2022]
Job 40: Translating amino acid sequences

[Wed Mar  9 13:39:07 2022]
Finished job 40.
43 of 49 steps (88%) done
Select jobs to execute...

[Wed Mar  9 13:39:07 2022]
Job 33: Exporting data files for for auspice

[Wed Mar  9 13:39:09 2022]
Finished job 33.
44 of 49 steps (90%) done
[Wed Mar  9 13:42:19 2022]
Finished job 42.
45 of 49 steps (92%) done
Select jobs to execute...

[Wed Mar  9 13:42:19 2022]
Job 47: Reconstructing ancestral sequences and mutations

[Wed Mar  9 13:43:08 2022]
Finished job 47.
46 of 49 steps (94%) done
Select jobs to execute...

[Wed Mar  9 13:43:08 2022]
Job 48: Translating amino acid sequences

[Wed Mar  9 13:43:15 2022]
Finished job 48.
47 of 49 steps (96%) done
Select jobs to execute...

[Wed Mar  9 13:43:15 2022]
Job 41: Exporting data files for for auspice

[Wed Mar  9 13:43:19 2022]
Finished job 41.
48 of 49 steps (98%) done
Select jobs to execute...

[Wed Mar  9 13:43:19 2022]
localrule all:
    input: auspice/rsv_A_F.json, auspice/rsv_A_G.json, auspice/rsv_A_genome.json, auspice/rsv_B_F.json, auspice/rsv_B_G.json, auspice/rsv_B_genome.json
    jobid: 0
    resources: tmpdir=/var/folders/g_/6938g_6s199gxxswt2nf7w500000gn/T

[Wed Mar  9 13:43:19 2022]
Finished job 0.
49 of 49 steps (100%) done
Complete log: /Users/katekistler/nextstrain/rsv/.snakemake/log/2022-03-09T121910.255228.snakemake.log
