Building DAG of jobs...
Using shell: /bin/bash
Provided cores: 4
Rules claiming more threads will be scaled down.
Job stats:
job          count    min threads    max threads
---------  -------  -------------  -------------
all              1              1              1
ancestral        1              1              1
export           1              1              1
translate        1              1              1
total            4              1              1

Select jobs to execute...

[Mon Jan 24 15:25:18 2022]
Job 7: Reconstructing ancestral sequences and mutations

[Mon Jan 24 15:25:20 2022]
Error in rule ancestral:
    jobid: 7
    output: results/nt_muts.json
    shell:
        
        augur ancestral             --tree results/tree.nwk             --alignment results/aligned.fasta             --output results/nt_muts.json             --inference joint
        
        (one of the commands exited with non-zero exit code; note that snakemake uses bash strict mode!)

Shutting down, this might take some time.
Exiting because a job execution failed. Look above for error message
Complete log: /Users/katekistler/nextstrain/rsv/.snakemake/log/2022-01-24T152517.084153.snakemake.log
